#
# There is insufficient memory for the Java Runtime Environment to continue.
# Native memory allocation (mmap) failed to map 8589934592 bytes for committing reserved memory.
# Possible reasons:
#   The system is out of physical RAM or swap space
# Possible solutions:
#   Reduce memory load on the system
#   Increase physical memory or swap space
#   Check if swap backing store is full
#   Decrease Java heap size (-Xmx/-Xms)
#   Decrease number of Java threads
#   Decrease Java thread stack sizes (-Xss)
#   Set larger code cache with -XX:ReservedCodeCacheSize=
# This output file may be truncated or incomplete.
#
#  Out of Memory Error (os_linux.cpp:2893), pid=10138, tid=10140
#
# JRE version:  (11.0.4+11) (build )
# Java VM: OpenJDK 64-Bit Server VM (11.0.4+11-post-Ubuntu-1ubuntu218.04.3, mixed mode, aot, tiered, g1 gc, linux-amd64)
# Core dump will be written. Default location: Core dumps may be processed with "/usr/share/apport/apport %p %s %c %d %P" (or dumping to /root/Desktop/Guidewire/WS_CC/modules/configuration/core.10138)
#

---------------  S U M M A R Y ------------

Command Line: -Dapplication.home=/usr/lib/jvm/java-11-openjdk-amd64 --add-modules=ALL-DEFAULT -Xms8m -Xms8g -Xmx32g -Djdk.module.main=jdk.compiler jdk.compiler/com.sun.tools.javac.Main @/root/Desktop/Guidewire/WS_CC/modules/configuration/build/tmp/compileJava/java-compiler-args.txt

Host: Intel(R) Xeon(R) Gold 6140 CPU @ 2.30GHz, 6 cores, 15G, Ubuntu 18.04.3 LTS
Time: Thu Oct 31 06:14:14 2019 UTC elapsed time: 0 seconds (0d 0h 0m 0s)

---------------  T H R E A D  ---------------

Current thread (0x00007f3f60012000):  JavaThread "Unknown thread" [_thread_in_vm, id=10140, stack(0x00007f3f67705000,0x00007f3f67806000)]

Stack: [0x00007f3f67705000,0x00007f3f67806000],  sp=0x00007f3f678042c0,  free space=1020k
Native frames: (J=compiled Java code, A=aot compiled Java code, j=interpreted, Vv=VM code, C=native code)
V  [libjvm.so+0xde4547]
V  [libjvm.so+0xde519b]
V  [libjvm.so+0x6511a5]
V  [libjvm.so+0xbbed38]
V  [libjvm.so+0xbb5ebd]
V  [libjvm.so+0x76f53f]
V  [libjvm.so+0x76f7ae]
V  [libjvm.so+0x77b820]
V  [libjvm.so+0x7f6969]
V  [libjvm.so+0x7f75c2]
V  [libjvm.so+0x7f7a29]
V  [libjvm.so+0x72de6f]
V  [libjvm.so+0x72e55d]
V  [libjvm.so+0xd9ea32]
V  [libjvm.so+0xd9ecc6]
V  [libjvm.so+0x80f907]
V  [libjvm.so+0xd7d627]
V  [libjvm.so+0x8c8611]  JNI_CreateJavaVM+0x51
C  [libjli.so+0x4a66]
C  [libjli.so+0x92cd]


---------------  P R O C E S S  ---------------

Threads class SMR info:
_java_thread_list=0x0000556d593f4f60, length=0, elements={
}

Java Threads: ( => current thread )

Other Threads:
  0x00007f3f60028800 GCTaskThread "GC Thread#0" [stack: 0x00007f3f4804e000,0x00007f3f4814e000] [id=10142]
  0x00007f3f6006b000 ConcurrentGCThread "G1 Main Marker" [stack: 0x00007f36f75f7000,0x00007f36f76f7000] [id=10144]
  0x00007f3f6006c800 ConcurrentGCThread "G1 Conc#0" [stack: 0x00007f36f74f5000,0x00007f36f75f5000] [id=10145]

[error occurred during error reporting (printing all threads), id 0xb, SIGSEGV (0xb) at pc=0x00007f3f65ce6040]

VM state:not at safepoint (not fully initialized)

VM Mutex/Monitor currently owned by a thread:  ([mutex/lock_event])
[0x00007f3f6000e750] Heap_lock - owner thread: 0x00007f3f60012000

GC Heap History (0 events):
No events

Deoptimization events (0 events):
No events

Classes redefined (0 events):
No events

Internal exceptions (0 events):
No events

Events (0 events):
No events


Dynamic libraries:
556d58bd9000-556d58bdb000 r-xp 00000000 fc:01 4130203                    /usr/lib/jvm/java-11-openjdk-amd64/bin/javac
556d58dda000-556d58ddb000 r--p 00001000 fc:01 4130203                    /usr/lib/jvm/java-11-openjdk-amd64/bin/javac
556d58ddb000-556d58ddc000 rw-p 00002000 fc:01 4130203                    /usr/lib/jvm/java-11-openjdk-amd64/bin/javac
556d593dd000-556d593fe000 rw-p 00000000 00:00 0                          [heap]
7f36e8000000-7f36e8021000 rw-p 00000000 00:00 0 
7f36e8021000-7f36ec000000 ---p 00000000 00:00 0 
7f36f0000000-7f36f0021000 rw-p 00000000 00:00 0 
7f36f0021000-7f36f4000000 ---p 00000000 00:00 0 
7f36f4eed000-7f36f74f3000 rw-p 00000000 00:00 0 
7f36f74f3000-7f36f74f4000 ---p 00000000 00:00 0 
7f36f74f4000-7f36f75f5000 rw-p 00000000 00:00 0 
7f36f75f5000-7f36f75f6000 ---p 00000000 00:00 0 
7f36f75f6000-7f36f7800000 rw-p 00000000 00:00 0 
7f36f7800000-7f3743800000 ---p 00000000 00:00 0 
7f3943800000-7f3f43800000 ---p 00000000 00:00 0 
7f3f438f9000-7f3f44000000 rw-p 00000000 00:00 0 
7f3f44000000-7f3f44021000 rw-p 00000000 00:00 0 
7f3f44021000-7f3f48000000 ---p 00000000 00:00 0 
7f3f4804c000-7f3f4804d000 ---p 00000000 00:00 0 
7f3f4804d000-7f3f48153000 rw-p 00000000 00:00 0 
7f3f48153000-7f3f48239000 ---p 00000000 00:00 0 
7f3f48239000-7f3f4823e000 rw-p 00000000 00:00 0 
7f3f4823e000-7f3f48324000 ---p 00000000 00:00 0 
7f3f48324000-7f3f48594000 rwxp 00000000 00:00 0 
7f3f48594000-7f3f488b4000 ---p 00000000 00:00 0 
7f3f488b4000-7f3f48b24000 rwxp 00000000 00:00 0 
7f3f48b24000-7f3f4fdec000 ---p 00000000 00:00 0 
7f3f4fdec000-7f3f5005c000 rwxp 00000000 00:00 0 
7f3f5005c000-7f3f57324000 ---p 00000000 00:00 0 
7f3f57324000-7f3f5f9ce000 r--s 00000000 fc:01 4129720                    /usr/lib/jvm/java-11-openjdk-amd64/lib/modules
7f3f5f9ce000-7f3f5f9d3000 r-xp 00000000 fc:01 4129702                    /usr/lib/jvm/java-11-openjdk-amd64/lib/libjimage.so
7f3f5f9d3000-7f3f5fbd2000 ---p 00005000 fc:01 4129702                    /usr/lib/jvm/java-11-openjdk-amd64/lib/libjimage.so
7f3f5fbd2000-7f3f5fbd3000 r--p 00004000 fc:01 4129702                    /usr/lib/jvm/java-11-openjdk-amd64/lib/libjimage.so
7f3f5fbd3000-7f3f5fbd4000 rw-p 00005000 fc:01 4129702                    /usr/lib/jvm/java-11-openjdk-amd64/lib/libjimage.so
7f3f5fbd4000-7f3f5fbdf000 r-xp 00000000 fc:01 2093                       /lib/x86_64-linux-gnu/libnss_files-2.27.so
7f3f5fbdf000-7f3f5fdde000 ---p 0000b000 fc:01 2093                       /lib/x86_64-linux-gnu/libnss_files-2.27.so
7f3f5fdde000-7f3f5fddf000 r--p 0000a000 fc:01 2093                       /lib/x86_64-linux-gnu/libnss_files-2.27.so
7f3f5fddf000-7f3f5fde0000 rw-p 0000b000 fc:01 2093                       /lib/x86_64-linux-gnu/libnss_files-2.27.so
7f3f5fde0000-7f3f5fde6000 rw-p 00000000 00:00 0 
7f3f5fde6000-7f3f5fdfd000 r-xp 00000000 fc:01 2090                       /lib/x86_64-linux-gnu/libnsl-2.27.so
7f3f5fdfd000-7f3f5fffc000 ---p 00017000 fc:01 2090                       /lib/x86_64-linux-gnu/libnsl-2.27.so
7f3f5fffc000-7f3f5fffd000 r--p 00016000 fc:01 2090                       /lib/x86_64-linux-gnu/libnsl-2.27.so
7f3f5fffd000-7f3f5fffe000 rw-p 00017000 fc:01 2090                       /lib/x86_64-linux-gnu/libnsl-2.27.so
7f3f5fffe000-7f3f60000000 rw-p 00000000 00:00 0 
7f3f60000000-7f3f60090000 rw-p 00000000 00:00 0 
7f3f60090000-7f3f64000000 ---p 00000000 00:00 0 
7f3f64000000-7f3f64007000 r-xp 00000000 fc:01 4129719                    /usr/lib/jvm/java-11-openjdk-amd64/lib/libzip.so
7f3f64007000-7f3f64206000 ---p 00007000 fc:01 4129719                    /usr/lib/jvm/java-11-openjdk-amd64/lib/libzip.so
7f3f64206000-7f3f64207000 r--p 00006000 fc:01 4129719                    /usr/lib/jvm/java-11-openjdk-amd64/lib/libzip.so
7f3f64207000-7f3f64208000 rw-p 00007000 fc:01 4129719                    /usr/lib/jvm/java-11-openjdk-amd64/lib/libzip.so
7f3f64208000-7f3f64213000 r-xp 00000000 fc:01 2095                       /lib/x86_64-linux-gnu/libnss_nis-2.27.so
7f3f64213000-7f3f64412000 ---p 0000b000 fc:01 2095                       /lib/x86_64-linux-gnu/libnss_nis-2.27.so
7f3f64412000-7f3f64413000 r--p 0000a000 fc:01 2095                       /lib/x86_64-linux-gnu/libnss_nis-2.27.so
7f3f64413000-7f3f64414000 rw-p 0000b000 fc:01 2095                       /lib/x86_64-linux-gnu/libnss_nis-2.27.so
7f3f64414000-7f3f6441c000 r-xp 00000000 fc:01 2091                       /lib/x86_64-linux-gnu/libnss_compat-2.27.so
7f3f6441c000-7f3f6461c000 ---p 00008000 fc:01 2091                       /lib/x86_64-linux-gnu/libnss_compat-2.27.so
7f3f6461c000-7f3f6461d000 r--p 00008000 fc:01 2091                       /lib/x86_64-linux-gnu/libnss_compat-2.27.so
7f3f6461d000-7f3f6461e000 rw-p 00009000 fc:01 2091                       /lib/x86_64-linux-gnu/libnss_compat-2.27.so
7f3f6461e000-7f3f64647000 r-xp 00000000 fc:01 4129698                    /usr/lib/jvm/java-11-openjdk-amd64/lib/libjava.so
7f3f64647000-7f3f64846000 ---p 00029000 fc:01 4129698                    /usr/lib/jvm/java-11-openjdk-amd64/lib/libjava.so
7f3f64846000-7f3f64847000 r--p 00028000 fc:01 4129698                    /usr/lib/jvm/java-11-openjdk-amd64/lib/libjava.so
7f3f64847000-7f3f64849000 rw-p 00029000 fc:01 4129698                    /usr/lib/jvm/java-11-openjdk-amd64/lib/libjava.so
7f3f64849000-7f3f64856000 r-xp 00000000 fc:01 4129718                    /usr/lib/jvm/java-11-openjdk-amd64/lib/libverify.so
7f3f64856000-7f3f64a55000 ---p 0000d000 fc:01 4129718                    /usr/lib/jvm/java-11-openjdk-amd64/lib/libverify.so
7f3f64a55000-7f3f64a57000 r--p 0000c000 fc:01 4129718                    /usr/lib/jvm/java-11-openjdk-amd64/lib/libverify.so
7f3f64a57000-7f3f64a58000 rw-p 0000e000 fc:01 4129718                    /usr/lib/jvm/java-11-openjdk-amd64/lib/libverify.so
7f3f64a58000-7f3f64a5f000 r-xp 00000000 fc:01 2180                       /lib/x86_64-linux-gnu/librt-2.27.so
7f3f64a5f000-7f3f64c5e000 ---p 00007000 fc:01 2180                       /lib/x86_64-linux-gnu/librt-2.27.so
7f3f64c5e000-7f3f64c5f000 r--p 00006000 fc:01 2180                       /lib/x86_64-linux-gnu/librt-2.27.so
7f3f64c5f000-7f3f64c60000 rw-p 00007000 fc:01 2180                       /lib/x86_64-linux-gnu/librt-2.27.so
7f3f64c60000-7f3f64c77000 r-xp 00000000 fc:01 2096                       /lib/x86_64-linux-gnu/libgcc_s.so.1
7f3f64c77000-7f3f64e76000 ---p 00017000 fc:01 2096                       /lib/x86_64-linux-gnu/libgcc_s.so.1
7f3f64e76000-7f3f64e77000 r--p 00016000 fc:01 2096                       /lib/x86_64-linux-gnu/libgcc_s.so.1
7f3f64e77000-7f3f64e78000 rw-p 00017000 fc:01 2096                       /lib/x86_64-linux-gnu/libgcc_s.so.1
7f3f64e78000-7f3f65015000 r-xp 00000000 fc:01 2087                       /lib/x86_64-linux-gnu/libm-2.27.so
7f3f65015000-7f3f65214000 ---p 0019d000 fc:01 2087                       /lib/x86_64-linux-gnu/libm-2.27.so
7f3f65214000-7f3f65215000 r--p 0019c000 fc:01 2087                       /lib/x86_64-linux-gnu/libm-2.27.so
7f3f65215000-7f3f65216000 rw-p 0019d000 fc:01 2087                       /lib/x86_64-linux-gnu/libm-2.27.so
7f3f65216000-7f3f6538f000 r-xp 00000000 fc:01 5016                       /usr/lib/x86_64-linux-gnu/libstdc++.so.6.0.25
7f3f6538f000-7f3f6558f000 ---p 00179000 fc:01 5016                       /usr/lib/x86_64-linux-gnu/libstdc++.so.6.0.25
7f3f6558f000-7f3f65599000 r--p 00179000 fc:01 5016                       /usr/lib/x86_64-linux-gnu/libstdc++.so.6.0.25
7f3f65599000-7f3f6559b000 rw-p 00183000 fc:01 5016                       /usr/lib/x86_64-linux-gnu/libstdc++.so.6.0.25
7f3f6559b000-7f3f6559f000 rw-p 00000000 00:00 0 
7f3f6559f000-7f3f6666b000 r-xp 00000000 fc:01 4129725                    /usr/lib/jvm/java-11-openjdk-amd64/lib/server/libjvm.so
7f3f6666b000-7f3f6686a000 ---p 010cc000 fc:01 4129725                    /usr/lib/jvm/java-11-openjdk-amd64/lib/server/libjvm.so
7f3f6686a000-7f3f66927000 r--p 010cb000 fc:01 4129725                    /usr/lib/jvm/java-11-openjdk-amd64/lib/server/libjvm.so
7f3f66927000-7f3f66960000 rw-p 01188000 fc:01 4129725                    /usr/lib/jvm/java-11-openjdk-amd64/lib/server/libjvm.so
7f3f66960000-7f3f669b6000 rw-p 00000000 00:00 0 
7f3f669b6000-7f3f669d0000 r-xp 00000000 fc:01 2178                       /lib/x86_64-linux-gnu/libpthread-2.27.so
7f3f669d0000-7f3f66bcf000 ---p 0001a000 fc:01 2178                       /lib/x86_64-linux-gnu/libpthread-2.27.so
7f3f66bcf000-7f3f66bd0000 r--p 00019000 fc:01 2178                       /lib/x86_64-linux-gnu/libpthread-2.27.so
7f3f66bd0000-7f3f66bd1000 rw-p 0001a000 fc:01 2178                       /lib/x86_64-linux-gnu/libpthread-2.27.so
7f3f66bd1000-7f3f66bd5000 rw-p 00000000 00:00 0 
7f3f66bd5000-7f3f66bd8000 r-xp 00000000 fc:01 2086                       /lib/x86_64-linux-gnu/libdl-2.27.so
7f3f66bd8000-7f3f66dd7000 ---p 00003000 fc:01 2086                       /lib/x86_64-linux-gnu/libdl-2.27.so
7f3f66dd7000-7f3f66dd8000 r--p 00002000 fc:01 2086                       /lib/x86_64-linux-gnu/libdl-2.27.so
7f3f66dd8000-7f3f66dd9000 rw-p 00003000 fc:01 2086                       /lib/x86_64-linux-gnu/libdl-2.27.so
7f3f66dd9000-7f3f66df5000 r-xp 00000000 fc:01 2183                       /lib/x86_64-linux-gnu/libz.so.1.2.11
7f3f66df5000-7f3f66ff4000 ---p 0001c000 fc:01 2183                       /lib/x86_64-linux-gnu/libz.so.1.2.11
7f3f66ff4000-7f3f66ff5000 r--p 0001b000 fc:01 2183                       /lib/x86_64-linux-gnu/libz.so.1.2.11
7f3f66ff5000-7f3f66ff6000 rw-p 0001c000 fc:01 2183                       /lib/x86_64-linux-gnu/libz.so.1.2.11
7f3f66ff6000-7f3f671dd000 r-xp 00000000 fc:01 2083                       /lib/x86_64-linux-gnu/libc-2.27.so
7f3f671dd000-7f3f673dd000 ---p 001e7000 fc:01 2083                       /lib/x86_64-linux-gnu/libc-2.27.so
7f3f673dd000-7f3f673e1000 r--p 001e7000 fc:01 2083                       /lib/x86_64-linux-gnu/libc-2.27.so
7f3f673e1000-7f3f673e3000 rw-p 001eb000 fc:01 2083                       /lib/x86_64-linux-gnu/libc-2.27.so
7f3f673e3000-7f3f673e7000 rw-p 00000000 00:00 0 
7f3f673e7000-7f3f673f7000 r-xp 00000000 fc:01 4129682                    /usr/lib/jvm/java-11-openjdk-amd64/lib/jli/libjli.so
7f3f673f7000-7f3f675f6000 ---p 00010000 fc:01 4129682                    /usr/lib/jvm/java-11-openjdk-amd64/lib/jli/libjli.so
7f3f675f6000-7f3f675f7000 r--p 0000f000 fc:01 4129682                    /usr/lib/jvm/java-11-openjdk-amd64/lib/jli/libjli.so
7f3f675f7000-7f3f675f8000 rw-p 00010000 fc:01 4129682                    /usr/lib/jvm/java-11-openjdk-amd64/lib/jli/libjli.so
7f3f675f8000-7f3f6761f000 r-xp 00000000 fc:01 2079                       /lib/x86_64-linux-gnu/ld-2.27.so
7f3f676f9000-7f3f676fe000 rw-p 00000000 00:00 0 
7f3f676fe000-7f3f67705000 ---p 00000000 00:00 0 
7f3f67705000-7f3f67709000 ---p 00000000 00:00 0 
7f3f67709000-7f3f67808000 rw-p 00000000 00:00 0 
7f3f67811000-7f3f67813000 r--s 00007000 fc:01 77498                      /usr/share/java/java-atk-wrapper.jar
7f3f67813000-7f3f6781b000 rw-s 00000000 fc:01 2594659                    /tmp/hsperfdata_root/10138
7f3f6781b000-7f3f6781c000 ---p 00000000 00:00 0 
7f3f6781c000-7f3f6781d000 r--p 00000000 00:00 0 
7f3f6781d000-7f3f6781f000 rw-p 00000000 00:00 0 
7f3f6781f000-7f3f67820000 r--p 00027000 fc:01 2079                       /lib/x86_64-linux-gnu/ld-2.27.so
7f3f67820000-7f3f67821000 rw-p 00028000 fc:01 2079                       /lib/x86_64-linux-gnu/ld-2.27.so
7f3f67821000-7f3f67822000 rw-p 00000000 00:00 0 
7ffeddaa5000-7ffeddac6000 rw-p 00000000 00:00 0                          [stack]
7ffeddad4000-7ffeddad7000 r--p 00000000 00:00 0                          [vvar]
7ffeddad7000-7ffeddad9000 r-xp 00000000 00:00 0                          [vdso]
ffffffffff600000-ffffffffff601000 r-xp 00000000 00:00 0                  [vsyscall]


VM Arguments:
jvm_args: -Dapplication.home=/usr/lib/jvm/java-11-openjdk-amd64 --add-modules=ALL-DEFAULT -Xms8m -Xms8g -Xmx32g -Djdk.module.main=jdk.compiler 
java_command: jdk.compiler/com.sun.tools.javac.Main @/root/Desktop/Guidewire/WS_CC/modules/configuration/build/tmp/compileJava/java-compiler-args.txt
java_class_path (initial): <not set>
Launcher Type: SUN_STANDARD

[Global flags]
     intx CICompilerCount                          = 3                                         {product} {ergonomic}
     uint ConcGCThreads                            = 2                                         {product} {ergonomic}
     uint G1ConcRefinementThreads                  = 6                                         {product} {ergonomic}
   size_t G1HeapRegionSize                         = 8388608                                   {product} {ergonomic}
    uintx GCDrainStackTargetSize                   = 64                                        {product} {ergonomic}
   size_t InitialHeapSize                          = 8589934592                                {product} {command line}
   size_t MarkStackSize                            = 4194304                                   {product} {ergonomic}
   size_t MaxHeapSize                              = 34359738368                               {product} {command line}
   size_t MinHeapDeltaBytes                        = 8388608                                   {product} {ergonomic}
    uintx NonNMethodCodeHeapSize                   = 5830092                                {pd product} {ergonomic}
    uintx NonProfiledCodeHeapSize                  = 122914074                              {pd product} {ergonomic}
    uintx ProfiledCodeHeapSize                     = 122914074                              {pd product} {ergonomic}
    uintx ReservedCodeCacheSize                    = 251658240                              {pd product} {ergonomic}
     bool SegmentedCodeCache                       = true                                      {product} {ergonomic}
     bool UseG1GC                                  = true                                      {product} {ergonomic}

Logging:
Log output configuration:
 #0: stdout all=warning uptime,level,tags
 #1: stderr all=off uptime,level,tags

Environment Variables:
JAVA_HOME=/usr
PATH=/opt/tomcat/apache-tomcat-8.5.47/bin:/root/Desktop/Guidewire/apache-ant-1.9.13/bin:/usr/bin:/sbin:/bin:/usr/bin:/usr/local/bin:/snap/bin:/opt/mssql-tools/bin
SHELL=/bin/bash
DISPLAY=:10.0

Signal Handlers:
SIGSEGV: [libjvm.so+0xde5f50], sa_mask[0]=11111111011111111101111111111110, sa_flags=SA_RESTART|SA_SIGINFO
SIGBUS: [libjvm.so+0xde5f50], sa_mask[0]=11111111011111111101111111111110, sa_flags=SA_RESTART|SA_SIGINFO
SIGFPE: [libjvm.so+0xde5f50], sa_mask[0]=11111111011111111101111111111110, sa_flags=SA_RESTART|SA_SIGINFO
SIGPIPE: [libjvm.so+0xbba5b0], sa_mask[0]=11111111011111111101111111111110, sa_flags=SA_RESTART|SA_SIGINFO
SIGXFSZ: [libjvm.so+0xbba5b0], sa_mask[0]=11111111011111111101111111111110, sa_flags=SA_RESTART|SA_SIGINFO
SIGILL: [libjvm.so+0xde5f50], sa_mask[0]=11111111011111111101111111111110, sa_flags=SA_RESTART|SA_SIGINFO
SIGUSR2: [libjvm.so+0xbba450], sa_mask[0]=00100000000000000000000000000000, sa_flags=SA_RESTART|SA_SIGINFO
SIGHUP: SIG_DFL, sa_mask[0]=00000000000000000000000000000000, sa_flags=none
SIGINT: SIG_DFL, sa_mask[0]=00000000000000000000000000000000, sa_flags=none
SIGTERM: SIG_DFL, sa_mask[0]=00000000000000000000000000000000, sa_flags=none
SIGQUIT: SIG_DFL, sa_mask[0]=00000000000000000000000000000000, sa_flags=none


---------------  S Y S T E M  ---------------

OS:DISTRIB_ID=Ubuntu
DISTRIB_RELEASE=18.04
DISTRIB_CODENAME=bionic
DISTRIB_DESCRIPTION="Ubuntu 18.04.3 LTS"
uname:Linux 4.15.0-66-generic #75-Ubuntu SMP Tue Oct 1 05:24:09 UTC 2019 x86_64
libc:glibc 2.27 NPTL 2.27 
rlimit: STACK 8192k, CORE 0k, NPROC 64043, NOFILE 4096, AS infinity, DATA infinity, FSIZE infinity
load average:2.02 0.82 0.54

/proc/meminfo:
MemTotal:       16425180 kB
MemFree:         2056936 kB
MemAvailable:    6638448 kB
Buffers:          408920 kB
Cached:          4260328 kB
SwapCached:            0 kB
Active:         11602460 kB
Inactive:        2130020 kB
Active(anon):    9064972 kB
Inactive(anon):   119140 kB
Active(file):    2537488 kB
Inactive(file):  2010880 kB
Unevictable:          80 kB
Mlocked:              80 kB
SwapTotal:             0 kB
SwapFree:              0 kB
Dirty:              2208 kB
Writeback:             0 kB
AnonPages:       9063392 kB
Mapped:           752192 kB
Shmem:            120976 kB
Slab:             479248 kB
SReclaimable:     366352 kB
SUnreclaim:       112896 kB
KernelStack:       18616 kB
PageTables:        73636 kB
NFS_Unstable:          0 kB
Bounce:                0 kB
WritebackTmp:          0 kB
CommitLimit:     8212588 kB
Committed_AS:   16313212 kB
VmallocTotal:   34359738367 kB
VmallocUsed:           0 kB
VmallocChunk:          0 kB
HardwareCorrupted:     0 kB
AnonHugePages:     83968 kB
ShmemHugePages:        0 kB
ShmemPmdMapped:        0 kB
CmaTotal:              0 kB
CmaFree:               0 kB
HugePages_Total:       0
HugePages_Free:        0
HugePages_Rsvd:        0
HugePages_Surp:        0
Hugepagesize:       2048 kB
DirectMap4k:      280556 kB
DirectMap2M:    15448064 kB
DirectMap1G:     1048576 kB


/proc/sys/kernel/threads-max (system-wide limit on the number of threads):
128087


/proc/sys/vm/max_map_count (maximum number of memory map areas a process may have):
262144


/proc/sys/kernel/pid_max (system-wide limit on number of process identifiers):
32768



container (cgroup) information:
container_type: cgroupv1
cpu_cpuset_cpus: 0-5
cpu_memory_nodes: 0
active_processor_count: 6
cpu_quota: -1
cpu_period: 100000
cpu_shares: -1
memory_limit_in_bytes: -1
memory_and_swap_limit_in_bytes: -2
memory_soft_limit_in_bytes: -1
memory_usage_in_bytes: 11583533056
memory_max_usage_in_bytes: 14692552704

Steal ticks since vm start: 0
Steal ticks percentage since vm start:  0.000

CPU:total 6 (initial active 6) (1 cores per cpu, 1 threads per core) family 6 model 85 stepping 4, cmov, cx8, fxsr, mmx, sse, sse2, sse3, ssse3, sse4.1, sse4.2, popcnt, avx, avx2, aes, clmul, erms, rtm, 3dnowpref, lzcnt, tsc, bmi1, bmi2, adx, evex, fma
CPU Model and flags from /proc/cpuinfo:
model name	: Intel(R) Xeon(R) Gold 6140 CPU @ 2.30GHz
flags		: fpu vme de pse tsc msr pae mce cx8 apic sep mtrr pge mca cmov pat pse36 clflush mmx fxsr sse sse2 ss syscall nx pdpe1gb rdtscp lm constant_tsc arch_perfmon rep_good nopl cpuid tsc_known_freq pni pclmulqdq vmx ssse3 fma cx16 pcid sse4_1 sse4_2 x2apic movbe popcnt tsc_deadline_timer aes xsave avx f16c rdrand hypervisor lahf_lm abm 3dnowprefetch cpuid_fault invpcid_single pti ssbd ibrs ibpb tpr_shadow vnmi flexpriority ept vpid fsgsbase tsc_adjust bmi1 hle avx2 smep bmi2 erms invpcid rtm mpx avx512f avx512dq rdseed adx smap clflushopt clwb avx512cd avx512bw avx512vl xsaveopt xsavec xgetbv1 xsaves pku ospke md_clear

Memory: 4k page, physical 16425180k(2056936k free), swap 0k(0k free)

vm_info: OpenJDK 64-Bit Server VM (11.0.4+11-post-Ubuntu-1ubuntu218.04.3) for linux-amd64 JRE (11.0.4+11-post-Ubuntu-1ubuntu218.04.3), built on Jul 18 2019 18:21:46 by "buildd" with gcc 7.4.0

END.
