#
# There is insufficient memory for the Java Runtime Environment to continue.
# Native memory allocation (mmap) failed to map 188743680 bytes for committing reserved memory.
# Possible reasons:
#   The system is out of physical RAM or swap space
#   The process is running with CompressedOops enabled, and the Java Heap may be blocking the growth of the native heap
# Possible solutions:
#   Reduce memory load on the system
#   Increase physical memory or swap space
#   Check if swap backing store is full
#   Decrease Java heap size (-Xmx/-Xms)
#   Decrease number of Java threads
#   Decrease Java thread stack sizes (-Xss)
#   Set larger code cache with -XX:ReservedCodeCacheSize=
#   JVM is running with Zero Based Compressed Oops mode in which the Java heap is
#     placed in the first 32GB address space. The Java Heap base address is the
#     maximum limit for the native heap growth. Please use -XX:HeapBaseMinAddress
#     to set the Java Heap base and to place the Java Heap above 32GB virtual address.
# This output file may be truncated or incomplete.
#
#  Out of Memory Error (os_linux.cpp:2757), pid=8197, tid=0x00007fe2a74f4700
#
# JRE version: OpenJDK Runtime Environment (8.0_222-b10) (build 1.8.0_222-8u222-b10-1ubuntu1~18.04.1-b10)
# Java VM: OpenJDK 64-Bit Server VM (25.222-b10 mixed mode linux-amd64 compressed oops)
# Failed to write core dump. Core dumps have been disabled. To enable core dumping, try "ulimit -c unlimited" before starting Java again
#

---------------  T H R E A D  ---------------

Current thread (0x00007fe2e007d800):  VMThread [stack: 0x00007fe2a73f5000,0x00007fe2a74f5000] [id=8213]

Stack: [0x00007fe2a73f5000,0x00007fe2a74f5000],  sp=0x00007fe2a74f34a0,  free space=1017k
Native frames: (J=compiled Java code, j=interpreted, Vv=VM code, C=native code)
V  [libjvm.so+0xab8992]
V  [libjvm.so+0x4dbfd7]
V  [libjvm.so+0x8f33a0]
V  [libjvm.so+0x8ea46e]
V  [libjvm.so+0x96e106]
V  [libjvm.so+0x96f478]
V  [libjvm.so+0x96ba76]
V  [libjvm.so+0x96be0c]
V  [libjvm.so+0x91a5a8]
V  [libjvm.so+0xaba662]
V  [libjvm.so+0xabf1d6]
V  [libjvm.so+0xabd4d5]
V  [libjvm.so+0xabddad]
V  [libjvm.so+0xabe1b8]
V  [libjvm.so+0x8f0732]

VM_Operation (0x00007fe2e9d6d3c0): ParallelGCFailedAllocation, mode: safepoint, requested by thread 0x00007fe2e000c000


---------------  P R O C E S S  ---------------

Java Threads: ( => current thread )
  0x00007fe2e033d800 JavaThread "Timer-0" daemon [_thread_blocked, id=8222, stack(0x00007fe2a6127000,0x00007fe2a6228000)]
  0x00007fe2e00c8000 JavaThread "Service Thread" daemon [_thread_blocked, id=8220, stack(0x00007fe2a69ae000,0x00007fe2a6aaf000)]
  0x00007fe2e00c4800 JavaThread "C1 CompilerThread2" daemon [_thread_blocked, id=8219, stack(0x00007fe2a6ab0000,0x00007fe2a6bb0000)]
  0x00007fe2e00c3000 JavaThread "C2 CompilerThread1" daemon [_thread_blocked, id=8218, stack(0x00007fe2a6bb1000,0x00007fe2a6cb1000)]
  0x00007fe2e00c0000 JavaThread "C2 CompilerThread0" daemon [_thread_in_native, id=8217, stack(0x00007fe2a6cb2000,0x00007fe2a6db2000)]
  0x00007fe2e00be800 JavaThread "Signal Dispatcher" daemon [_thread_blocked, id=8216, stack(0x00007fe2a6db2000,0x00007fe2a6eb3000)]
  0x00007fe2e008a000 JavaThread "Finalizer" daemon [_thread_blocked, id=8215, stack(0x00007fe2a71f2000,0x00007fe2a72f3000)]
  0x00007fe2e0087800 JavaThread "Reference Handler" daemon [_thread_blocked, id=8214, stack(0x00007fe2a72f3000,0x00007fe2a73f4000)]
  0x00007fe2e000c000 JavaThread "main" [_thread_blocked, id=8205, stack(0x00007fe2e9c73000,0x00007fe2e9d73000)]

Other Threads:
=>0x00007fe2e007d800 VMThread [stack: 0x00007fe2a73f5000,0x00007fe2a74f5000] [id=8213]
  0x00007fe2e00ca800 WatcherThread [stack: 0x00007fe2a68ae000,0x00007fe2a69ae000] [id=8221]

VM state:at safepoint (normal execution)

VM Mutex/Monitor currently owned by a thread:  ([mutex/lock_event])
[0x00007fe2e0008450] Threads_lock - owner thread: 0x00007fe2e007d800
[0x00007fe2e0008950] Heap_lock - owner thread: 0x00007fe2e000c000

heap address: 0x00000003c0000000, size: 16384 MB, Compressed Oops mode: Zero based, Oop shift amount: 3
Narrow klass base: 0x0000000000000000, Narrow klass shift: 3
Compressed class space size: 1073741824 Address: 0x00000007c0000000

Heap:
 PSYoungGen      total 1722880K, used 299482K [0x000000066ab00000, 0x00000006e9680000, 0x00000007c0000000)
  eden space 1420288K, 0% used [0x000000066ab00000,0x000000066ab00000,0x00000006c1600000)
  from space 302592K, 98% used [0x00000006c1600000,0x00000006d3a76be8,0x00000006d3d80000)
  to   space 252928K, 0% used [0x00000006d3d80000,0x00000006d3d80000,0x00000006e3480000)
 ParOldGen       total 1136640K, used 812897K [0x00000003c0000000, 0x0000000405600000, 0x000000066ab00000)
  object space 1136640K, 71% used [0x00000003c0000000,0x00000003f19d87c0,0x0000000405600000)
 Metaspace       used 56350K, capacity 56736K, committed 57344K, reserved 1099776K
  class space    used 6692K, capacity 6819K, committed 6912K, reserved 1048576K

Card table byte_map: [0x00007fe2e4208000,0x00007fe2e6209000] byte_map_base: 0x00007fe2e2408000

Marking Bits: (ParMarkBitMap*) 0x00007fe2e8f08360
 Begin Bits: [0x00007fe2af6a6000, 0x00007fe2bf6a6000)
 End Bits:   [0x00007fe2bf6a6000, 0x00007fe2cf6a6000)

Polling page: 0x00007fe2e9d89000

CodeCache: size=245760Kb used=39479Kb max_used=44287Kb free=206280Kb
 bounds [0x00007fe2d1000000, 0x00007fe2d3b90000, 0x00007fe2e0000000]
 total_blobs=7941 nmethods=7544 adapters=307
 compilation: enabled

Compilation events (10 events):
Event: 105.951 Thread 0x00007fe2e00c4800 11440 %     3       sun.nio.cs.UTF_8$Decoder::decodeArrayLoop @ 106 (691 bytes)
Event: 105.960 Thread 0x00007fe2e00c4800 nmethod 11440% 0x00007fe2d24da110 code [0x00007fe2d24daae0, 0x00007fe2d24e16a8]
Event: 105.961 Thread 0x00007fe2e00c4800 11442   !   2       gw.internal.gosu.parser.JavaEnumType_Proxy::getRelativeName (50 bytes)
Event: 105.961 Thread 0x00007fe2e00c4800 nmethod 11442 0x00007fe2d185af50 code [0x00007fe2d185b120, 0x00007fe2d185b498]
Event: 105.961 Thread 0x00007fe2e00c4800 11443       2       gw.internal.gosu.parser.JavaEnumType::getRelativeName (5 bytes)
Event: 105.961 Thread 0x00007fe2e00c4800 nmethod 11443 0x00007fe2d1f9cd50 code [0x00007fe2d1f9cec0, 0x00007fe2d1f9d028]
Event: 106.115 Thread 0x00007fe2e00c4800 11446       2       gw.lang.reflect.FeatureManager::isInHierarchy (58 bytes)
Event: 106.115 Thread 0x00007fe2e00c4800 nmethod 11446 0x00007fe2d1b3de10 code [0x00007fe2d1b3dfc0, 0x00007fe2d1b3e2c8]
Event: 106.174 Thread 0x00007fe2e00c3000 nmethod 11427 0x00007fe2d2eb1590 code [0x00007fe2d2eb1d60, 0x00007fe2d2eb85b0]
Event: 106.174 Thread 0x00007fe2e00c3000 11445       4       gw.internal.gosu.parser.GosuClassTypeInfo::createMethodInfos (91 bytes)

GC Heap History (10 events):
Event: 71.747 GC heap after
Heap after GC invocations=26 (full 3):
 PSYoungGen      total 1385984K, used 177149K [0x000000066ab00000, 0x00000006d8c80000, 0x00000007c0000000)
  eden space 1208832K, 0% used [0x000000066ab00000,0x000000066ab00000,0x00000006b4780000)
  from space 177152K, 99% used [0x00000006b4780000,0x00000006bf47f620,0x00000006bf480000)
  to   space 219648K, 0% used [0x00000006cb600000,0x00000006cb600000,0x00000006d8c80000)
 ParOldGen       total 729088K, used 590941K [0x00000003c0000000, 0x00000003ec800000, 0x000000066ab00000)
  object space 729088K, 81% used [0x00000003c0000000,0x00000003e41176c0,0x00000003ec800000)
 Metaspace       used 48362K, capacity 48691K, committed 49024K, reserved 1093632K
  class space    used 5637K, capacity 5757K, committed 5760K, reserved 1048576K
}
Event: 78.631 GC heap before
{Heap before GC invocations=27 (full 3):
 PSYoungGen      total 1385984K, used 1385981K [0x000000066ab00000, 0x00000006d8c80000, 0x00000007c0000000)
  eden space 1208832K, 100% used [0x000000066ab00000,0x00000006b4780000,0x00000006b4780000)
  from space 177152K, 99% used [0x00000006b4780000,0x00000006bf47f620,0x00000006bf480000)
  to   space 219648K, 0% used [0x00000006cb600000,0x00000006cb600000,0x00000006d8c80000)
 ParOldGen       total 729088K, used 590941K [0x00000003c0000000, 0x00000003ec800000, 0x000000066ab00000)
  object space 729088K, 81% used [0x00000003c0000000,0x00000003e41176c0,0x00000003ec800000)
 Metaspace       used 49533K, capacity 49881K, committed 50304K, reserved 1093632K
  class space    used 5792K, capacity 5918K, committed 6016K, reserved 1048576K
Event: 78.866 GC heap after
Heap after GC invocations=27 (full 3):
 PSYoungGen      total 1570304K, used 159625K [0x000000066ab00000, 0x00000006dab00000, 0x00000007c0000000)
  eden space 1350656K, 0% used [0x000000066ab00000,0x000000066ab00000,0x00000006bd200000)
  from space 219648K, 72% used [0x00000006cb600000,0x00000006d51e2710,0x00000006d8c80000)
  to   space 233472K, 0% used [0x00000006bd200000,0x00000006bd200000,0x00000006cb600000)
 ParOldGen       total 729088K, used 697327K [0x00000003c0000000, 0x00000003ec800000, 0x000000066ab00000)
  object space 729088K, 95% used [0x00000003c0000000,0x00000003ea8fbd58,0x00000003ec800000)
 Metaspace       used 49533K, capacity 49881K, committed 50304K, reserved 1093632K
  class space    used 5792K, capacity 5918K, committed 6016K, reserved 1048576K
}
Event: 78.866 GC heap before
{Heap before GC invocations=28 (full 4):
 PSYoungGen      total 1570304K, used 159625K [0x000000066ab00000, 0x00000006dab00000, 0x00000007c0000000)
  eden space 1350656K, 0% used [0x000000066ab00000,0x000000066ab00000,0x00000006bd200000)
  from space 219648K, 72% used [0x00000006cb600000,0x00000006d51e2710,0x00000006d8c80000)
  to   space 233472K, 0% used [0x00000006bd200000,0x00000006bd200000,0x00000006cb600000)
 ParOldGen       total 729088K, used 697327K [0x00000003c0000000, 0x00000003ec800000, 0x000000066ab00000)
  object space 729088K, 95% used [0x00000003c0000000,0x00000003ea8fbd58,0x00000003ec800000)
 Metaspace       used 49533K, capacity 49881K, committed 50304K, reserved 1093632K
  class space    used 5792K, capacity 5918K, committed 6016K, reserved 1048576K
Event: 81.888 GC heap after
Heap after GC invocations=28 (full 4):
 PSYoungGen      total 1570304K, used 68684K [0x000000066ab00000, 0x00000006dab00000, 0x00000007c0000000)
  eden space 1350656K, 0% used [0x000000066ab00000,0x000000066ab00000,0x00000006bd200000)
  from space 219648K, 31% used [0x00000006cb600000,0x00000006cf913180,0x00000006d8c80000)
  to   space 233472K, 0% used [0x00000006bd200000,0x00000006bd200000,0x00000006cb600000)
 ParOldGen       total 1136640K, used 728978K [0x00000003c0000000, 0x0000000405600000, 0x000000066ab00000)
  object space 1136640K, 64% used [0x00000003c0000000,0x00000003ec7e4af8,0x0000000405600000)
 Metaspace       used 49533K, capacity 49881K, committed 50304K, reserved 1093632K
  class space    used 5792K, capacity 5918K, committed 6016K, reserved 1048576K
}
Event: 89.673 GC heap before
{Heap before GC invocations=29 (full 4):
 PSYoungGen      total 1570304K, used 1419340K [0x000000066ab00000, 0x00000006dab00000, 0x00000007c0000000)
  eden space 1350656K, 100% used [0x000000066ab00000,0x00000006bd200000,0x00000006bd200000)
  from space 219648K, 31% used [0x00000006cb600000,0x00000006cf913180,0x00000006d8c80000)
  to   space 233472K, 0% used [0x00000006bd200000,0x00000006bd200000,0x00000006cb600000)
 ParOldGen       total 1136640K, used 728978K [0x00000003c0000000, 0x0000000405600000, 0x000000066ab00000)
  object space 1136640K, 64% used [0x00000003c0000000,0x00000003ec7e4af8,0x0000000405600000)
 Metaspace       used 50809K, capacity 51193K, committed 51712K, reserved 1095680K
  class space    used 5953K, capacity 6078K, committed 6144K, reserved 1048576K
Event: 89.935 GC heap after
Heap after GC invocations=29 (full 4):
 PSYoungGen      total 1584128K, used 184268K [0x000000066ab00000, 0x00000006e3480000, 0x00000007c0000000)
  eden space 1350656K, 0% used [0x000000066ab00000,0x000000066ab00000,0x00000006bd200000)
  from space 233472K, 78% used [0x00000006bd200000,0x00000006c85f33d8,0x00000006cb600000)
  to   space 252928K, 0% used [0x00000006d3d80000,0x00000006d3d80000,0x00000006e3480000)
 ParOldGen       total 1136640K, used 728978K [0x00000003c0000000, 0x0000000405600000, 0x000000066ab00000)
  object space 1136640K, 64% used [0x00000003c0000000,0x00000003ec7e4af8,0x0000000405600000)
 Metaspace       used 50809K, capacity 51193K, committed 51712K, reserved 1095680K
  class space    used 5953K, capacity 6078K, committed 6144K, reserved 1048576K
}
Event: 97.428 GC heap before
{Heap before GC invocations=30 (full 4):
 PSYoungGen      total 1584128K, used 1534924K [0x000000066ab00000, 0x00000006e3480000, 0x00000007c0000000)
  eden space 1350656K, 100% used [0x000000066ab00000,0x00000006bd200000,0x00000006bd200000)
  from space 233472K, 78% used [0x00000006bd200000,0x00000006c85f33d8,0x00000006cb600000)
  to   space 252928K, 0% used [0x00000006d3d80000,0x00000006d3d80000,0x00000006e3480000)
 ParOldGen       total 1136640K, used 728978K [0x00000003c0000000, 0x0000000405600000, 0x000000066ab00000)
  object space 1136640K, 64% used [0x00000003c0000000,0x00000003ec7e4af8,0x0000000405600000)
 Metaspace       used 51304K, capacity 51641K, committed 51968K, reserved 1095680K
  class space    used 6033K, capacity 6142K, committed 6144K, reserved 1048576K
Event: 97.658 GC heap after
Heap after GC invocations=30 (full 4):
 PSYoungGen      total 1673216K, used 252909K [0x000000066ab00000, 0x00000006e9680000, 0x00000007c0000000)
  eden space 1420288K, 0% used [0x000000066ab00000,0x000000066ab00000,0x00000006c1600000)
  from space 252928K, 99% used [0x00000006d3d80000,0x00000006e347b750,0x00000006e3480000)
  to   space 302592K, 0% used [0x00000006c1600000,0x00000006c1600000,0x00000006d3d80000)
 ParOldGen       total 1136640K, used 752287K [0x00000003c0000000, 0x0000000405600000, 0x000000066ab00000)
  object space 1136640K, 66% used [0x00000003c0000000,0x00000003edea7e90,0x0000000405600000)
 Metaspace       used 51304K, capacity 51641K, committed 51968K, reserved 1095680K
  class space    used 6033K, capacity 6142K, committed 6144K, reserved 1048576K
}
Event: 106.195 GC heap before
{Heap before GC invocations=31 (full 4):
 PSYoungGen      total 1673216K, used 1673197K [0x000000066ab00000, 0x00000006e9680000, 0x00000007c0000000)
  eden space 1420288K, 100% used [0x000000066ab00000,0x00000006c1600000,0x00000006c1600000)
  from space 252928K, 99% used [0x00000006d3d80000,0x00000006e347b750,0x00000006e3480000)
  to   space 302592K, 0% used [0x00000006c1600000,0x00000006c1600000,0x00000006d3d80000)
 ParOldGen       total 1136640K, used 752287K [0x00000003c0000000, 0x0000000405600000, 0x000000066ab00000)
  object space 1136640K, 66% used [0x00000003c0000000,0x00000003edea7e90,0x0000000405600000)
 Metaspace       used 56350K, capacity 56736K, committed 57344K, reserved 1099776K
  class space    used 6692K, capacity 6819K, committed 6912K, reserved 1048576K

Deoptimization events (10 events):
Event: 104.717 Thread 0x00007fe2e000c000 Uncommon trap: reason=class_check action=maybe_recompile pc=0x00007fe2d3661f0c method=gw.internal.gosu.ir.transform.FunctionStatementTransformer.assignCapturedParamIndexes(Ljava/util/List;)V @ 54
Event: 105.333 Thread 0x00007fe2e000c000 Uncommon trap: reason=unstable_if action=reinterpret pc=0x00007fe2d1e2c770 method=gw.internal.gosu.parser.GosuClass.compileHeaderIfNeeded()V @ 12
Event: 105.355 Thread 0x00007fe2e000c000 Uncommon trap: reason=unstable_if action=reinterpret pc=0x00007fe2d2d81aa4 method=java.util.HashMap.removeNode(ILjava/lang/Object;Ljava/lang/Object;ZZ)Ljava/util/HashMap$Node; @ 168
Event: 105.696 Thread 0x00007fe2e000c000 Uncommon trap: reason=class_check action=maybe_recompile pc=0x00007fe2d3adf338 method=gw.internal.gosu.ir.compiler.bytecode.statement.IRMethodCallStatementCompiler.compile(Lgw/lang/ir/statement/IRMethodCallStatement;Lgw/internal/gosu/ir/compiler/bytecode/
Event: 105.702 Thread 0x00007fe2e000c000 Uncommon trap: reason=unstable_if action=reinterpret pc=0x00007fe2d20c6d1c method=gw.internal.ext.org.objectweb.asm.Frame.a(Ljava/lang/String;)V @ 36
Event: 105.703 Thread 0x00007fe2e000c000 Uncommon trap: reason=predicate action=maybe_recompile pc=0x00007fe2d2ae2d94 method=gw.internal.gosu.parser.JavaType.getInterfaces()[Lgw/lang/reflect/IType; @ 139
Event: 105.909 Thread 0x00007fe2e000c000 Uncommon trap: reason=bimorphic action=maybe_recompile pc=0x00007fe2d12ad1b0 method=gw.internal.gosu.ir.transform.util.AccessibilityUtil.forFeatureInfo(Lgw/lang/reflect/IAttributedFeatureInfo;)Lgw/lang/reflect/IRelativeTypeInfo$Accessibility; @ 14
Event: 105.909 Thread 0x00007fe2e000c000 Uncommon trap: reason=bimorphic action=maybe_recompile pc=0x00007fe2d12ad1b0 method=gw.internal.gosu.ir.transform.util.AccessibilityUtil.forFeatureInfo(Lgw/lang/reflect/IAttributedFeatureInfo;)Lgw/lang/reflect/IRelativeTypeInfo$Accessibility; @ 14
Event: 105.951 Thread 0x00007fe2e000c000 Uncommon trap: reason=unstable_if action=reinterpret pc=0x00007fe2d17da478 method=sun.nio.cs.UTF_8$Decoder.decodeArrayLoop(Ljava/nio/ByteBuffer;Ljava/nio/CharBuffer;)Ljava/nio/charset/CoderResult; @ 167
Event: 106.107 Thread 0x00007fe2e000c000 Uncommon trap: reason=unstable_if action=reinterpret pc=0x00007fe2d26ee844 method=gw.lang.reflect.FeatureManager.isInHierarchy(Lgw/lang/reflect/IType;Lgw/lang/reflect/IType;)Z @ 29

Classes redefined (0 events):
No events

Internal exceptions (10 events):
Event: 54.530 Thread 0x00007fe2e000c000 Implicit null exception at 0x00007fe2d2de28f3 to 0x00007fe2d2de7cfd
Event: 73.517 Thread 0x00007fe2e000c000 Implicit null exception at 0x00007fe2d258cf39 to 0x00007fe2d25920ed
Event: 82.107 Thread 0x00007fe2e000c000 Implicit null exception at 0x00007fe2d2070faa to 0x00007fe2d2074185
Event: 86.416 Thread 0x00007fe2e000c000 Implicit null exception at 0x00007fe2d26ae20f to 0x00007fe2d26af2d5
Event: 92.036 Thread 0x00007fe2e000c000 Implicit null exception at 0x00007fe2d2d6f086 to 0x00007fe2d2d6f2f9
Event: 94.881 Thread 0x00007fe2e000c000 Implicit null exception at 0x00007fe2d37257e4 to 0x00007fe2d3728f4f
Event: 101.627 Thread 0x00007fe2e000c000 Implicit null exception at 0x00007fe2d28d32f9 to 0x00007fe2d28d8621
Event: 102.123 Thread 0x00007fe2e000c000 Implicit null exception at 0x00007fe2d3578682 to 0x00007fe2d357deb4
Event: 102.415 Thread 0x00007fe2e000c000 Implicit null exception at 0x00007fe2d1e63378 to 0x00007fe2d1e6374d
Event: 104.074 Thread 0x00007fe2e000c000 Implicit null exception at 0x00007fe2d1e4419f to 0x00007fe2d1e4973e

Events (10 events):
Event: 106.187 loading class wsi/remote/microsoft/bingmaps/routeservice3/anonymous/elements/ItineraryItem_Summary done
Event: 106.188 loading class wsi/remote/microsoft/bingmaps/routeservice3/anonymous/elements/ItineraryItem_Text
Event: 106.188 loading class wsi/remote/microsoft/bingmaps/routeservice3/anonymous/elements/ItineraryItem_Text done
Event: 106.189 loading class wsi/remote/microsoft/bingmaps/routeservice3/anonymous/elements/ItineraryItem_Warnings
Event: 106.189 loading class wsi/remote/microsoft/bingmaps/routeservice3/anonymous/elements/ItineraryItem_Warnings done
Event: 106.193 loading class wsi/remote/microsoft/bingmaps/routeservice3/types/complex/RouteSummary
Event: 106.193 loading class wsi/remote/microsoft/bingmaps/routeservice3/types/complex/RouteSummary done
Event: 106.194 loading class wsi/remote/microsoft/bingmaps/routeservice3/anonymous/elements/RouteSummary_BoundingRectangle
Event: 106.194 loading class wsi/remote/microsoft/bingmaps/routeservice3/anonymous/elements/RouteSummary_BoundingRectangle done
Event: 106.195 Executing VM operation: ParallelGCFailedAllocation


Dynamic libraries:
3c0000000-405600000 rw-p 00000000 00:00 0 
405600000-66ab00000 ---p 00000000 00:00 0 
66ab00000-6e9680000 rw-p 00000000 00:00 0 
6f4a80000-7c0000000 ---p 00000000 00:00 0 
7c0000000-7c06c0000 rw-p 00000000 00:00 0 
7c06c0000-800000000 ---p 00000000 00:00 0 
5572912df000-5572912e0000 r-xp 00000000 fc:01 8519602                    /usr/lib/jvm/java-8-openjdk-amd64/jre/bin/java
5572914df000-5572914e0000 r--p 00000000 fc:01 8519602                    /usr/lib/jvm/java-8-openjdk-amd64/jre/bin/java
5572914e0000-5572914e1000 rw-p 00001000 fc:01 8519602                    /usr/lib/jvm/java-8-openjdk-amd64/jre/bin/java
557293162000-557293183000 rw-p 00000000 00:00 0                          [heap]
7fe258000000-7fe258021000 rw-p 00000000 00:00 0 
7fe258021000-7fe25c000000 ---p 00000000 00:00 0 
7fe260000000-7fe260021000 rw-p 00000000 00:00 0 
7fe260021000-7fe264000000 ---p 00000000 00:00 0 
7fe264000000-7fe264021000 rw-p 00000000 00:00 0 
7fe264021000-7fe268000000 ---p 00000000 00:00 0 
7fe268000000-7fe26adf7000 rw-p 00000000 00:00 0 
7fe26adf7000-7fe26c000000 ---p 00000000 00:00 0 
7fe26c000000-7fe26d5bb000 rw-p 00000000 00:00 0 
7fe26d5bb000-7fe270000000 ---p 00000000 00:00 0 
7fe270000000-7fe270021000 rw-p 00000000 00:00 0 
7fe270021000-7fe274000000 ---p 00000000 00:00 0 
7fe274000000-7fe276f65000 rw-p 00000000 00:00 0 
7fe276f65000-7fe278000000 ---p 00000000 00:00 0 
7fe278000000-7fe278021000 rw-p 00000000 00:00 0 
7fe278021000-7fe27c000000 ---p 00000000 00:00 0 
7fe27c000000-7fe27c021000 rw-p 00000000 00:00 0 
7fe27c021000-7fe280000000 ---p 00000000 00:00 0 
7fe280000000-7fe280021000 rw-p 00000000 00:00 0 
7fe280021000-7fe284000000 ---p 00000000 00:00 0 
7fe284000000-7fe284033000 rw-p 00000000 00:00 0 
7fe284033000-7fe288000000 ---p 00000000 00:00 0 
7fe288000000-7fe288021000 rw-p 00000000 00:00 0 
7fe288021000-7fe28c000000 ---p 00000000 00:00 0 
7fe290000000-7fe290021000 rw-p 00000000 00:00 0 
7fe290021000-7fe294000000 ---p 00000000 00:00 0 
7fe298000000-7fe298104000 rw-p 00000000 00:00 0 
7fe298104000-7fe29c000000 ---p 00000000 00:00 0 
7fe29ec00000-7fe29ed40000 rw-p 00000000 00:00 0 
7fe29ed40000-7fe29ee00000 ---p 00000000 00:00 0 
7fe29ee00000-7fe29f000000 rw-p 00000000 00:00 0 
7fe29f000000-7fe29f200000 rw-p 00000000 00:00 0 
7fe29f200000-7fe29f400000 rw-p 00000000 00:00 0 
7fe29f400000-7fe29f600000 rw-p 00000000 00:00 0 
7fe29f600000-7fe29f800000 rw-p 00000000 00:00 0 
7fe29f800000-7fe29fa00000 rw-p 00000000 00:00 0 
7fe29fa00000-7fe29fc00000 rw-p 00000000 00:00 0 
7fe29fc00000-7fe29fe00000 rw-p 00000000 00:00 0 
7fe29fe00000-7fe2a0000000 rw-p 00000000 00:00 0 
7fe2a0000000-7fe2a0021000 rw-p 00000000 00:00 0 
7fe2a0021000-7fe2a4000000 ---p 00000000 00:00 0 
7fe2a41b8000-7fe2a43b8000 rw-p 00000000 00:00 0 
7fe2a43b8000-7fe2a45b8000 rw-p 00000000 00:00 0 
7fe2a45b8000-7fe2a47b8000 rw-p 00000000 00:00 0 
7fe2a47b8000-7fe2a49b8000 rw-p 00000000 00:00 0 
7fe2a49b8000-7fe2a4bb8000 rw-p 00000000 00:00 0 
7fe2a4bb8000-7fe2a4db8000 rw-p 00000000 00:00 0 
7fe2a4db8000-7fe2a4fb8000 rw-p 00000000 00:00 0 
7fe2a4fb8000-7fe2a51b8000 rw-p 00000000 00:00 0 
7fe2a51b8000-7fe2a53b8000 rw-p 00000000 00:00 0 
7fe2a53b8000-7fe2a55b8000 rw-p 00000000 00:00 0 
7fe2a55b8000-7fe2a55ba000 r--s 00016000 fc:01 8519683                    /usr/lib/jvm/java-8-openjdk-amd64/jre/lib/jce.jar
7fe2a55ba000-7fe2a57ba000 rw-p 00000000 00:00 0 
7fe2a57ba000-7fe2a57bf000 r--s 000a3000 fc:01 8519685                    /usr/lib/jvm/java-8-openjdk-amd64/jre/lib/jsse.jar
7fe2a57bf000-7fe2a57d2000 r--s 00346000 fc:01 8519690                    /usr/lib/jvm/java-8-openjdk-amd64/jre/lib/resources.jar
7fe2a57d2000-7fe2a57d3000 r--s 00000000 fc:01 8519688                    /usr/lib/jvm/java-8-openjdk-amd64/jre/lib/management-agent.jar
7fe2a57d3000-7fe2a57d8000 r--s 000a3000 fc:01 8519685                    /usr/lib/jvm/java-8-openjdk-amd64/jre/lib/jsse.jar
7fe2a57d8000-7fe2a57d9000 r--s 00000000 fc:01 8519696                    /usr/lib/jvm/java-8-openjdk-amd64/jre/lib/security/policy/limited/local_policy.jar
7fe2a57d9000-7fe2a57da000 r--s 00000000 fc:01 8519695                    /usr/lib/jvm/java-8-openjdk-amd64/jre/lib/security/policy/limited/US_export_policy.jar
7fe2a57da000-7fe2a57db000 r--s 00000000 fc:01 8519699                    /usr/lib/jvm/java-8-openjdk-amd64/jre/lib/security/policy/unlimited/local_policy.jar
7fe2a57db000-7fe2a57dc000 r--s 00000000 fc:01 8519698                    /usr/lib/jvm/java-8-openjdk-amd64/jre/lib/security/policy/unlimited/US_export_policy.jar
7fe2a57dc000-7fe2a57de000 r--s 00016000 fc:01 8519683                    /usr/lib/jvm/java-8-openjdk-amd64/jre/lib/jce.jar
7fe2a57de000-7fe2a57e3000 r--s 002f9000 fc:01 8519652                    /usr/lib/jvm/java-8-openjdk-amd64/jre/lib/charsets.jar
7fe2a57e3000-7fe2a57e6000 r--s 00013000 fc:01 13677058                   /root/Desktop/Guidewire/WS_CC/repository/org/eclipse/jetty/jetty-io/9.0.7.v20131107/jetty-io-9.0.7.v20131107.jar
7fe2a57e6000-7fe2a57e8000 r--s 00018000 fc:01 13677053                   /root/Desktop/Guidewire/WS_CC/repository/org/eclipse/jetty/jetty-http/9.0.7.v20131107/jetty-http-9.0.7.v20131107.jar
7fe2a57e8000-7fe2a57ee000 r--s 00054000 fc:01 13677048                   /root/Desktop/Guidewire/WS_CC/repository/org/eclipse/jetty/jetty-server/9.0.7.v20131107/jetty-server-9.0.7.v20131107.jar
7fe2a57ee000-7fe2a57f1000 r--s 00014000 fc:01 13677043                   /root/Desktop/Guidewire/WS_CC/repository/org/eclipse/jetty/jetty-security/9.0.7.v20131107/jetty-security-9.0.7.v20131107.jar
7fe2a57f1000-7fe2a57f7000 r--s 0004e000 fc:01 13677038                   /root/Desktop/Guidewire/WS_CC/repository/org/eclipse/jetty/jetty-util/9.0.7.v20131107/jetty-util-9.0.7.v20131107.jar
7fe2a57f7000-7fe2a57ff000 r--s 00074000 fc:01 13676860                   /root/Desktop/Guidewire/WS_CC/repository/org/apache/xmlgraphics/batik-js/1.7/batik-js-1.7.jar
7fe2a57ff000-7fe2a5801000 r--s 00018000 fc:01 13677033                   /root/Desktop/Guidewire/WS_CC/repository/org/eclipse/jetty/jetty-servlet/9.0.7.v20131107/jetty-servlet-9.0.7.v20131107.jar
7fe2a5801000-7fe2a5803000 r--s 00009000 fc:01 13677028                   /root/Desktop/Guidewire/WS_CC/repository/org/eclipse/jetty/jetty-xml/9.0.7.v20131107/jetty-xml-9.0.7.v20131107.jar
7fe2a5803000-7fe2a5808000 r--s 00030000 fc:01 13676856                   /root/Desktop/Guidewire/WS_CC/repository/org/apache/xmlgraphics/batik-svggen/1.7/batik-svggen-1.7.jar
7fe2a5808000-7fe2a5809000 r--s 00007000 fc:01 13676852                   /root/Desktop/Guidewire/WS_CC/repository/org/apache/xmlgraphics/batik-xml/1.7/batik-xml-1.7.jar
7fe2a5809000-7fe2a580b000 r--s 0000d000 fc:01 13676848                   /root/Desktop/Guidewire/WS_CC/repository/org/apache/xmlgraphics/batik-script/1.7/batik-script-1.7.jar
7fe2a580b000-7fe2a5810000 r--s 00010000 fc:01 13677719                   /root/Desktop/Guidewire/WS_CC/repository/xml-apis/xml-apis-ext/1.3.04/xml-apis-ext-1.3.04.jar
7fe2a5810000-7fe2a5813000 r--s 0001d000 fc:01 13676844                   /root/Desktop/Guidewire/WS_CC/repository/org/apache/xmlgraphics/batik-util/1.7/batik-util-1.7.jar
7fe2a5813000-7fe2a5815000 r--s 00010000 fc:01 13676840                   /root/Desktop/Guidewire/WS_CC/repository/org/apache/xmlgraphics/batik-parser/1.7/batik-parser-1.7.jar
7fe2a5815000-7fe2a5819000 r--s 00027000 fc:01 13676836                   /root/Desktop/Guidewire/WS_CC/repository/org/apache/xmlgraphics/batik-dom/1.7/batik-dom-1.7.jar
7fe2a5819000-7fe2a5820000 r--s 00045000 fc:01 13676832                   /root/Desktop/Guidewire/WS_CC/repository/org/apache/xmlgraphics/batik-css/1.7/batik-css-1.7.jar
7fe2a5820000-7fe2a5823000 r--s 00015000 fc:01 13676828                   /root/Desktop/Guidewire/WS_CC/repository/org/apache/xmlgraphics/batik-anim/1.7/batik-anim-1.7.jar
7fe2a5823000-7fe2a5825000 r--s 00005000 fc:01 13677714                   /root/Desktop/Guidewire/WS_CC/repository/sslext/sslext/1.2-0/sslext-1.2-0.jar
7fe2a5825000-7fe2a5827000 r--s 0000e000 fc:01 13677408                   /root/Desktop/Guidewire/WS_CC/repository/javax/activation/activation/1.1/activation-1.1.jar
7fe2a5827000-7fe2a5828000 r--s 00009000 fc:01 13677023                   /root/Desktop/Guidewire/WS_CC/repository/org/eclipse/jetty/jetty-jndi/9.0.7.v20131107/jetty-jndi-9.0.7.v20131107.jar
7fe2a5828000-7fe2a582a000 r--s 0001a000 fc:01 13677018                   /root/Desktop/Guidewire/WS_CC/repository/org/eclipse/jetty/jetty-webapp/9.0.7.v20131107/jetty-webapp-9.0.7.v20131107.jar
7fe2a582a000-7fe2a582b000 r--s 00002000 fc:01 13676824                   /root/Desktop/Guidewire/WS_CC/repository/org/apache/xmlgraphics/batik-ext/1.7/batik-ext-1.7.jar
7fe2a582b000-7fe2a582d000 r--s 0000f000 fc:01 13676820                   /root/Desktop/Guidewire/WS_CC/repository/org/apache/xmlgraphics/batik-extension/1.7/batik-extension-1.7.jar
7fe2a582d000-7fe2a5830000 r--s 0001b000 fc:01 13676816                   /root/Desktop/Guidewire/WS_CC/repository/org/apache/xmlgraphics/batik-transcoder/1.7/batik-transcoder-1.7.jar
7fe2a5830000-7fe2a5834000 r--s 00038000 fc:01 13676812                   /root/Desktop/Guidewire/WS_CC/repository/org/apache/xmlgraphics/batik-gvt/1.7/batik-gvt-1.7.jar
7fe2a5834000-7fe2a583c000 r--s 0005b000 fc:01 13676808                   /root/Desktop/Guidewire/WS_CC/repository/org/apache/xmlgraphics/batik-awt-util/1.7/batik-awt-util-1.7.jar
7fe2a583c000-7fe2a5846000 r--s 0007f000 fc:01 13676804                   /root/Desktop/Guidewire/WS_CC/repository/org/apache/xmlgraphics/batik-bridge/1.7/batik-bridge-1.7.jar
7fe2a5846000-7fe2a5853000 r--s 00086000 fc:01 13676800                   /root/Desktop/Guidewire/WS_CC/repository/org/apache/xmlgraphics/batik-svg-dom/1.7/batik-svg-dom-1.7.jar
7fe2a5853000-7fe2a585d000 r--s 00089000 fc:01 13676795                   /root/Desktop/Guidewire/WS_CC/repository/org/apache/xmlgraphics/xmlgraphics-commons/1.5/xmlgraphics-commons-1.5.jar
7fe2a585d000-7fe2a585f000 r--s 0000d000 fc:01 13677704                   /root/Desktop/Guidewire/WS_CC/repository/commons-logging/commons-logging/1.1.1/commons-logging-1.1.1.jar
7fe2a585f000-7fe2a5861000 r--s 00001000 fc:01 13676963                   /root/Desktop/Guidewire/WS_CC/repository/org/slf4j/slf4j-log4j12/1.7.12/slf4j-log4j12-1.7.12.jar
7fe2a5861000-7fe2a589f000 r--s 0025d000 fc:01 13676874                   /root/Desktop/Guidewire/WS_CC/repository/org/apache/xmlbeans/xmlbeans/2.6.0/xmlbeans-2.6.0.jar
7fe2a589f000-7fe2a58a0000 r--s 00005000 fc:01 13677153                   /root/Desktop/Guidewire/WS_CC/repository/org/noggit/noggit/0.5/noggit-0.5.jar
7fe2a58a0000-7fe2a58a2000 r--s 00009000 fc:01 13676784                   /root/Desktop/Guidewire/WS_CC/repository/org/apache/httpcomponents/httpmime/4.5.3/httpmime-4.5.3.jar
7fe2a58a2000-7fe2a58aa000 r--s 00048000 fc:01 13676776                   /root/Desktop/Guidewire/WS_CC/repository/org/apache/httpcomponents/httpcore/4.4.6/httpcore-4.4.6.jar
7fe2a58aa000-7fe2a58ab000 r--s 00004000 fc:01 13677180                   /root/Desktop/Guidewire/WS_CC/repository/org/ow2/asm/asm-analysis/5.2/asm-analysis-5.2.jar
7fe2a58ab000-7fe2a58ad000 r--s 00001000 fc:01 13426740                   /root/Desktop/Guidewire/WS_CC/repository/com/guidewire/pl/codegen/codegen-api/0.10/codegen-api-0.10.jar
7fe2a58ad000-7fe2a58db000 r--s 001da000 fc:01 13426723                   /root/Desktop/Guidewire/WS_CC/repository/com/guidewire/pl/xml/parser/gw-xml-parser/1.1.0/gw-xml-parser-1.1.0.jar
7fe2a58db000-7fe2a58dc000 r--s 00000000 fc:01 13426717                   /root/Desktop/Guidewire/WS_CC/repository/com/guidewire/pl/xml/xml-api/0.2/xml-api-0.2.jar
7fe2a58dc000-7fe2a58df000 r--s 0000e000 fc:01 13427112                   /root/Desktop/Guidewire/WS_CC/repository/com/guidewire/commons/performance/perf-analyzer/1.0.9/perf-analyzer-1.0.9.jar
7fe2a58df000-7fe2a58e1000 r--s 00016000 fc:01 13677148                   /root/Desktop/Guidewire/WS_CC/repository/org/custommonkey/xmlunit/com.springsource.org.custommonkey.xmlunit/1.2.0/com.springsource.org.custommonkey.xmlunit-1.2.0.jar
7fe2a58e1000-7fe2a58e5000 r--s 00022000 fc:01 13677134                   /root/Desktop/Guidewire/WS_CC/repository/org/antlr/com.springsource.org.antlr.runtime/3.1.3/com.springsource.org.antlr.runtime-3.1.3.jar
7fe2a58e5000-7fe2a58ee000 r--s 00028000 fc:01 13677441                   /root/Desktop/Guidewire/WS_CC/repository/gw/managed/osgi/libphonenumber/5.1/libphonenumber-5.1.jar
7fe2a58ee000-7fe2a58ef000 r--s 00005000 fc:01 13427227                   /root/Desktop/Guidewire/WS_CC/repository/com/googlecode/json-simple/json-simple/1.1.1/json-simple-1.1.1.jar
7fe2a58ef000-7fe2a590c000 r--s 00273000 fc:01 13677498                   /root/Desktop/Guidewire/WS_CC/repository/gw/managed/xalan-without-bcel/2.7.1/xalan-without-bcel-2.7.1.jar
7fe2a590c000-7fe2a590f000 r--s 0001f000 fc:01 13677699                   /root/Desktop/Guidewire/WS_CC/repository/commons-validator/commons-validator/1.3.1/commons-validator-1.3.1.jar
7fe2a590f000-7fe2a5912000 r--s 0001e000 fc:01 13676869                   /root/Desktop/Guidewire/WS_CC/repository/org/apache/velocity/velocity-tools/1.3/velocity-tools-1.3.jar
7fe2a5912000-7fe2a591a000 r--s 00058000 fc:01 13676865                   /root/Desktop/Guidewire/WS_CC/repository/org/apache/velocity/velocity/1.5/velocity-1.5.jar
7fe2a591a000-7fe2a591c000 r--s 00006000 fc:01 13677690                   /root/Desktop/Guidewire/WS_CC/repository/ch/qos/cal10n/cal10n-api/0.7.4/cal10n-api-0.7.4.jar
7fe2a591c000-7fe2a591e000 r--s 00009000 fc:01 13676958                   /root/Desktop/Guidewire/WS_CC/repository/org/slf4j/slf4j-ext/1.7.12/slf4j-ext-1.7.12.jar
7fe2a591e000-7fe2a5921000 r--s 00041000 fc:01 13677683                   /root/Desktop/Guidewire/WS_CC/repository/xalan/serializer/2.7.1/serializer-2.7.1.jar
7fe2a5921000-7fe2a592b000 r--s 00098000 fc:01 13677125                   /root/Desktop/Guidewire/WS_CC/repository/org/quartz-scheduler/quartz/2.2.2/quartz-2.2.2.jar
7fe2a592b000-7fe2a5933000 r--s 00078000 fc:01 13677402                   /root/Desktop/Guidewire/WS_CC/repository/javax/mail/mail/1.4.7/mail-1.4.7.jar
7fe2a5933000-7fe2a5934000 r--s 00001000 fc:01 13426687                   /root/Desktop/Guidewire/WS_CC/repository/com/guidewire/pl/logging/logging-api/0.1.3/logging-api-0.1.3.jar
7fe2a5934000-7fe2a5936000 r--s 00008000 fc:01 13677119                   /root/Desktop/Guidewire/WS_CC/repository/org/joda/joda-convert/1.3/joda-convert-1.3.jar
7fe2a5936000-7fe2a5946000 r--s 00089000 fc:01 13677677                   /root/Desktop/Guidewire/WS_CC/repository/joda-time/joda-time/2.9.1/joda-time-2.9.1.jar
7fe2a5946000-7fe2a5948000 r--s 0000b000 fc:01 13677013                   /root/Desktop/Guidewire/WS_CC/repository/org/eclipse/jetty/jetty-plus/9.0.7.v20131107/jetty-plus-9.0.7.v20131107.jar
7fe2a5948000-7fe2a5949000 r--s 0000b000 fc:01 13676998                   /root/Desktop/Guidewire/WS_CC/repository/org/eclipse/jetty/jetty-start/9.0.7.v20131107/jetty-start-9.0.7.v20131107.jar
7fe2a5949000-7fe2a594b000 r--s 0000e000 fc:01 13677672                   /root/Desktop/Guidewire/WS_CC/repository/oro/oro/2.0.8/oro-2.0.8.jar
7fe2a594b000-7fe2a599d000 r--s 00935000 fc:01 13427318                   /root/Desktop/Guidewire/WS_CC/repository/com/ibm/icu/icu4j/51.2/icu4j-51.2.jar
7fe2a599d000-7fe2a59a3000 r--s 00024000 fc:01 13677494                   /root/Desktop/Guidewire/WS_CC/repository/gw/managed/batik-gui-util/1.7/batik-gui-util-1.7.jar
7fe2a59a3000-7fe2a59a5000 r--s 0000d000 fc:01 13677667                   /root/Desktop/Guidewire/WS_CC/repository/avalon-framework/avalon-framework-impl/4.2.0/avalon-framework-impl-4.2.0.jar
7fe2a59a5000-7fe2a59a7000 r--s 00007000 fc:01 13677663                   /root/Desktop/Guidewire/WS_CC/repository/avalon-framework/avalon-framework-api/4.2.0/avalon-framework-api-4.2.0.jar
7fe2a59a7000-7fe2a59e0000 r--s 00329000 fc:01 13676790                   /root/Desktop/Guidewire/WS_CC/repository/org/apache/xmlgraphics/fop/1.1/fop-1.1.jar
7fe2a59e0000-7fe2a59e4000 r--s 0001b000 fc:01 13677490                   /root/Desktop/Guidewire/WS_CC/repository/gw/managed/cotta/3.0.0-beta/cotta-3.0.0-beta.jar
7fe2a59e4000-7fe2a59e7000 r--s 00018000 fc:01 13676639                   /root/Desktop/Guidewire/WS_CC/repository/org/apache/commons/commons-pool2/2.3/commons-pool2-2.3.jar
7fe2a59e7000-7fe2a59ef000 r--s 0004b000 fc:01 13677657                   /root/Desktop/Guidewire/WS_CC/repository/commons-math/commons-math/1.2/commons-math-1.2.jar
7fe2a59ef000-7fe2a59f3000 r--s 0003c000 fc:01 13677651                   /root/Desktop/Guidewire/WS_CC/repository/commons-lang/commons-lang/2.4/commons-lang-2.4.jar
7fe2a59f3000-7fe2a59f8000 r--s 0003d000 fc:01 13677645                   /root/Desktop/Guidewire/WS_CC/repository/commons-jxpath/commons-jxpath/1.1/commons-jxpath-1.1.jar
7fe2a59f8000-7fe2a59fe000 r--s 00045000 fc:01 13677640                   /root/Desktop/Guidewire/WS_CC/repository/commons-httpclient/commons-httpclient/3.1/commons-httpclient-3.1.jar
7fe2a59fe000-7fe2a5a00000 r--s 0000f000 fc:01 13677634                   /root/Desktop/Guidewire/WS_CC/repository/commons-fileupload/commons-fileupload/1.3.1/commons-fileupload-1.3.1.jar
7fe2a5a00000-7fe2a5a03000 r--s 00011000 fc:01 13677628                   /root/Desktop/Guidewire/WS_CC/repository/commons-discovery/commons-discovery/0.5/commons-discovery-0.5.jar
7fe2a5a03000-7fe2a5a09000 r--s 0002b000 fc:01 13677622                   /root/Desktop/Guidewire/WS_CC/repository/commons-digester/commons-digester/2.1/commons-digester-2.1.jar
7fe2a5a09000-7fe2a5a0c000 r--s 00027000 fc:01 13676634                   /root/Desktop/Guidewire/WS_CC/repository/org/apache/commons/commons-dbcp2/2.0.1/commons-dbcp2-2.0.1.jar
7fe2a5a0c000-7fe2a5a19000 r--s 00083000 fc:01 13677616                   /root/Desktop/Guidewire/WS_CC/repository/commons-collections/commons-collections/3.2.2/commons-collections-3.2.2.jar
7fe2a5a19000-7fe2a5a1b000 r--s 00009000 fc:01 13677367                   /root/Desktop/Guidewire/WS_CC/repository/commons-cli/commons-cli/1.2/commons-cli-1.2.jar
7fe2a5a1b000-7fe2a5a20000 r--s 00035000 fc:01 13677610                   /root/Desktop/Guidewire/WS_CC/repository/commons-beanutils/commons-beanutils/1.9.2/commons-beanutils-1.9.2.jar
7fe2a5a20000-7fe2a5a23000 r--s 00028000 fc:01 13677486                   /root/Desktop/Guidewire/WS_CC/repository/gw/managed/bfopdf-stamp/2.13.2/bfopdf-stamp-2.13.2.jar
7fe2a5a23000-7fe2a5a28000 r--s 000ad000 fc:01 13677482                   /root/Desktop/Guidewire/WS_CC/repository/gw/managed/bfopdf-qrcode/2.13.2/bfopdf-qrcode-2.13.2.jar
7fe2a5a28000-7fe2a5a2a000 r--s 00108000 fc:01 13677478                   /root/Desktop/Guidewire/WS_CC/repository/gw/managed/bfopdf-cmap/2.13.2/bfopdf-cmap-2.13.2.jar
7fe2a5a2a000-7fe2a5a4d000 r--s 0024f000 fc:01 13677474                   /root/Desktop/Guidewire/WS_CC/repository/gw/managed/bfopdf/2.13.2/bfopdf-2.13.2.jar
7fe2a5a4d000-7fe2a5a4f000 r--s 00014000 fc:01 13677605                   /root/Desktop/Guidewire/WS_CC/repository/jline/jline/0.9.94/jline-0.9.94.jar
7fe2a5a4f000-7fe2a5a5e000 r--s 00087000 fc:01 13677470                   /root/Desktop/Guidewire/WS_CC/repository/gw/managed/gw-commons-collections/3.2.2/gw-commons-collections-3.2.2.jar
7fe2a5a5e000-7fe2a5a69000 r--s 000ac000 fc:01 13427400                   /root/Desktop/Guidewire/WS_CC/repository/org/gosu-lang/gosu/managed/gw-jetty/6.1.26RC0-4/gw-jetty-6.1.26RC0-4.jar
7fe2a5a69000-7fe2a5a6b000 r--s 00011000 fc:01 13426713                   /root/Desktop/Guidewire/WS_CC/repository/com/guidewire/pl/xml/gw-gx/3.0.2/gw-gx-3.0.2.jar
7fe2a5a6b000-7fe2a5a7c000 r--s 000b2000 fc:01 13426709                   /root/Desktop/Guidewire/WS_CC/repository/com/guidewire/pl/xml/gw-webservices-client/3.0.2/gw-webservices-client-3.0.2.jar
7fe2a5a7c000-7fe2a5a7d000 r--s 00003000 fc:01 13426700                   /root/Desktop/Guidewire/WS_CC/repository/com/guidewire/pl/modules/9.14.5/modules-9.14.5.jar
7fe2a5a7d000-7fe2a5a7e000 r--s 00001000 fc:01 13426696                   /root/Desktop/Guidewire/WS_CC/repository/com/guidewire/pl/gosu-servlet/9.14.5/gosu-servlet-9.14.5.jar
7fe2a5a7e000-7fe2a5a80000 r--s 00005000 fc:01 13426692                   /root/Desktop/Guidewire/WS_CC/repository/com/guidewire/pl/gosu-process/9.14.5/gosu-process-9.14.5.jar
7fe2a5a80000-7fe2a5a81000 r--s 00009000 fc:01 13677466                   /root/Desktop/Guidewire/WS_CC/repository/gw/managed/sqlinform-pro/4.8.49/sqlinform-pro-4.8.49.jar
7fe2a5a81000-7fe2a5a84000 r--s 00012000 fc:01 13677396                   /root/Desktop/Guidewire/WS_CC/repository/javax/servlet/javax.servlet-api/3.0.1/javax.servlet-api-3.0.1.jar
7fe2a5a84000-7fe2a5a8e000 r--s 00120000 fc:01 13427311                   /root/Desktop/Guidewire/WS_CC/repository/com/h2database/h2/1.2.147/h2-1.2.147.jar
7fe2a5a8e000-7fe2a5a95000 r--s 00089000 fc:01 13677462                   /root/Desktop/Guidewire/WS_CC/repository/gw/managed/sqljdbc/4.1/sqljdbc-4.1.jar
7fe2a5a95000-7fe2a5abc000 r--s 00361000 fc:01 13677458                   /root/Desktop/Guidewire/WS_CC/repository/gw/managed/ojdbc7/12.1.0.2.0-prod/ojdbc7-12.1.0.2.0-prod.jar
7fe2a5abc000-7fe2a5abf000 r--s 00009000 fc:01 13427261                   /root/Desktop/Guidewire/WS_CC/repository/com/fasterxml/jackson/core/jackson-annotations/2.6.0/jackson-annotations-2.6.0.jar
7fe2a5abf000-7fe2a5ad0000 r--s 0010b000 fc:01 13427270                   /root/Desktop/Guidewire/WS_CC/repository/com/fasterxml/jackson/core/jackson-databind/2.6.0/jackson-databind-2.6.0.jar
7fe2a5ad0000-7fe2a5ad4000 r--s 0003c000 fc:01 13427252                   /root/Desktop/Guidewire/WS_CC/repository/com/fasterxml/jackson/core/jackson-core/2.6.0/jackson-core-2.6.0.jar
7fe2a5ad4000-7fe2a5ad6000 r--s 00002000 fc:01 13426679                   /root/Desktop/Guidewire/WS_CC/repository/com/guidewire/pl/logging/logging-over-log4j/0.1.3/logging-over-log4j-0.1.3.jar
7fe2a5ad6000-7fe2a5ada000 r--s 00029000 fc:01 13676897                   /root/Desktop/Guidewire/WS_CC/repository/org/codehaus/woodstox/stax2-api/3.1.1/stax2-api-3.1.1.jar
7fe2a5ada000-7fe2a5b93000 r--s 004a9000 fc:01 13676741                   /root/Desktop/Guidewire/WS_CC/repository/org/apache/poi/poi-ooxml-schemas/3.13/poi-ooxml-schemas-3.13.jar
7fe2a5b93000-7fe2a5bbd000 r--s 00238000 fc:01 13676736                   /root/Desktop/Guidewire/WS_CC/repository/org/apache/poi/poi/3.13/poi-3.13.jar
7fe2a5bbd000-7fe2a5bc6000 r--s 0006f000 fc:01 13677555                   /root/Desktop/Guidewire/WS_CC/repository/log4j/log4j/1.2.17/log4j-1.2.17.jar
7fe2a5bc6000-7fe2a5bc7000 r--s 00007000 fc:01 13676942                   /root/Desktop/Guidewire/WS_CC/repository/org/slf4j/slf4j-api/1.7.12/slf4j-api-1.7.12.jar
7fe2a5bc7000-7fe2a5bf2000 r--s 001fc000 fc:01 9549354                    /root/Desktop/Guidewire/WS_CC/repository/com/google/guava/guava/18.0/guava-18.0.jar
7fe2a5bf2000-7fe2a5c01000 r--s 000d2000 fc:01 13677343                   /root/Desktop/Guidewire/WS_CC/repository/biz/aQute/bndlib/1.50.0/bndlib-1.50.0.jar
7fe2a5c01000-7fe2a5c05000 r--s 00038000 fc:01 13676906                   /root/Desktop/Guidewire/WS_CC/repository/org/codehaus/plexus/plexus-utils/3.0.22/plexus-utils-3.0.22.jar
7fe2a5c05000-7fe2a5c07000 r--s 00009000 fc:01 13676988                   /root/Desktop/Guidewire/WS_CC/repository/org/hamcrest/hamcrest-core/1.3/hamcrest-core-1.3.jar
7fe2a5c07000-7fe2a5c14000 r--s 000aa000 fc:01 13676765                   /root/Desktop/Guidewire/WS_CC/repository/org/apache/httpcomponents/httpclient/4.5.3/httpclient-4.5.3.jar
7fe2a5c14000-7fe2a5c1a000 r--s 00033000 fc:01 13677549                   /root/Desktop/Guidewire/WS_CC/repository/commons-codec/commons-codec/1.6/commons-codec-1.6.jar
7fe2a5c1a000-7fe2a5c20000 r--s 00048000 fc:01 13676629                   /root/Desktop/Guidewire/WS_CC/repository/org/apache/commons/commons-lang3/3.1/commons-lang3-3.1.jar
7fe2a5c20000-7fe2a5c24000 r--s 0002a000 fc:01 13677377                   /root/Desktop/Guidewire/WS_CC/repository/commons-io/commons-io/2.4/commons-io-2.4.jar
7fe2a5c24000-7fe2a5c2d000 r--s 00068000 fc:01 13676752                   /root/Desktop/Guidewire/WS_CC/repository/org/apache/solr/solr-solrj/4.10.4-gw-2/solr-solrj-4.10.4-gw-2.jar
7fe2a5c2d000-7fe2a5c39000 r--s 000b6000 fc:01 13676746                   /root/Desktop/Guidewire/WS_CC/repository/org/apache/zookeeper/zookeeper/3.4.6/zookeeper-3.4.6.jar
7fe2a5c39000-7fe2a5c3e000 r--s 00023000 fc:01 13426674                   /root/Desktop/Guidewire/WS_CC/repository/com/guidewire/pl/perfdownload-collector/9.14.5/perfdownload-collector-9.14.5.jar
7fe2a5c3e000-7fe2a5c40000 r--s 00007000 fc:01 13427105                   /root/Desktop/Guidewire/WS_CC/repository/com/guidewire/xml/simple/simplexml/1.6/simplexml-1.6.jar
7fe2a5c40000-7fe2a5c43000 r--s 00006000 fc:01 13427139                   /root/Desktop/Guidewire/WS_CC/repository/com/google/code/findbugs/jsr305/3.0.0/jsr305-3.0.0.jar
7fe2a5c43000-7fe2a5cb3000 r--s 00641000 fc:01 13676936                   /root/Desktop/Guidewire/WS_CC/repository/org/codehaus/groovy/groovy-all/2.4.7/groovy-all-2.4.7.jar
7fe2a5cb3000-7fe2a5ccb000 r--s 0012b000 fc:01 13426705                   /root/Desktop/Guidewire/WS_CC/repository/com/guidewire/pl/xml/gw-xml/3.0.2/gw-xml-3.0.2.jar
7fe2a5ccb000-7fe2a5ce0000 r--s 00132000 fc:01 13676591                   /root/Desktop/Guidewire/WS_CC/repository/org/apache/ant/com.springsource.org.apache.tools.ant/1.7.1/com.springsource.org.apache.tools.ant-1.7.1.jar
7fe2a5ce0000-7fe2a5d57000 r--s 009fa000 fc:01 13427305                   /root/Desktop/Guidewire/WS_CC/repository/com/aspose/aspose-words/15.10.0/aspose-words-15.10.0-jdk16.jar
7fe2a5d57000-7fe2a5d59000 r--s 00000000 fc:01 13426608                   /root/Desktop/Guidewire/WS_CC/repository/com/guidewire/pl/integration/gw-integration-inbound-plugin-jms-api/0.2.45/gw-integration-inbound-plugin-jms-api-0.2.45.jar
7fe2a5d59000-7fe2a5d5b000 r--s 00000000 fc:01 13426603                   /root/Desktop/Guidewire/WS_CC/repository/com/guidewire/pl/integration/gw-integration-inbound-plugin-db-api/0.2.45/gw-integration-inbound-plugin-db-api-0.2.45.jar
7fe2a5d5b000-7fe2a5d5d000 r--s 00000000 fc:01 13426598                   /root/Desktop/Guidewire/WS_CC/repository/com/guidewire/pl/integration/gw-integration-inbound-plugin-files-api/0.2.45/gw-integration-inbound-plugin-files-api-0.2.45.jar
7fe2a5d5d000-7fe2a5d5e000 r--s 00001000 fc:01 13426593                   /root/Desktop/Guidewire/WS_CC/repository/com/guidewire/pl/integration/gw-integration-inbound-api/0.2.45/gw-integration-inbound-api-0.2.45.jar
7fe2a5d5e000-7fe2a5d5f000 r--s 00000000 fc:01 13426588                   /root/Desktop/Guidewire/WS_CC/repository/com/guidewire/pl/integration/gw-integration-execution-api/0.2.45/gw-integration-execution-api-0.2.45.jar
7fe2a5d5f000-7fe2a5d60000 r--s 00000000 fc:01 13426583                   /root/Desktop/Guidewire/WS_CC/repository/com/guidewire/pl/integration/gw-integration-jndi-api/0.2.45/gw-integration-jndi-api-0.2.45.jar
7fe2a5d60000-7fe2a5d61000 r--s 00000000 fc:01 13426578                   /root/Desktop/Guidewire/WS_CC/repository/com/guidewire/pl/integration/gw-integration-cm-api/0.2.45/gw-integration-cm-api-0.2.45.jar
7fe2a5d61000-7fe2a5d62000 r--s 00000000 fc:01 13426570                   /root/Desktop/Guidewire/WS_CC/repository/com/guidewire/pl/integration/gw-integration-runtime-api/0.2.45/gw-integration-runtime-api-0.2.45.jar
7fe2a5d62000-7fe2a5d64000 r--s 0000c000 fc:01 13676669                   /root/Desktop/Guidewire/WS_CC/repository/org/apache/maven/maven-artifact/3.3.9/maven-artifact-3.3.9.jar
7fe2a5d64000-7fe2a5d66000 r--s 00006000 fc:01 13676711                   /root/Desktop/Guidewire/WS_CC/repository/org/apache/geronimo/specs/geronimo-jms_1.1_spec/1.1.1/geronimo-jms_1.1_spec-1.1.1.jar
7fe2a5d66000-7fe2a5d6c000 r--s 00036000 fc:01 13677531                   /root/Desktop/Guidewire/WS_CC/repository/junit/junit/4.11/junit-4.11.jar
7fe2a5d6c000-7fe2a5d6f000 r--s 00010000 fc:01 13427100                   /root/Desktop/Guidewire/WS_CC/repository/com/guidewire/xml/simple/simplexml-schema/1.3.3/simplexml-schema-1.3.3.jar
7fe2a5d6f000-7fe2a5d70000 r--s 0000b000 fc:01 13426556                   /root/Desktop/Guidewire/WS_CC/repository/com/guidewire/pl/web/org.json/1.0.0/org.json-1.0.0.jar
7fe2a5d70000-7fe2a5d7e000 r--s 001c3000 fc:01 13426547                   /root/Desktop/Guidewire/WS_CC/repository/com/guidewire/pl/perfdownload-analyzer/9.14.5/perfdownload-analyzer-9.14.5.jar
7fe2a5d7e000-7fe2a5d7f000 r--s 00002000 fc:01 13426669                   /root/Desktop/Guidewire/WS_CC/repository/com/guidewire/pl/pli18n/0.4.1/pli18n-0.4.1.jar
7fe2a5d7f000-7fe2a5d81000 r--s 00006000 fc:01 13677175                   /root/Desktop/Guidewire/WS_CC/repository/org/ow2/asm/asm-tree/5.2/asm-tree-5.2.jar
7fe2a5d81000-7fe2a5d82000 r--s 0000a000 fc:01 13677170                   /root/Desktop/Guidewire/WS_CC/repository/org/ow2/asm/asm-util/5.2/asm-util-5.2.jar
7fe2a5d82000-7fe2a5d84000 r--s 0000c000 fc:01 13677160                   /root/Desktop/Guidewire/WS_CC/repository/org/ow2/asm/asm/5.2/asm-5.2.jar
7fe2a5d84000-7fe2a5d86000 r--s 00008000 fc:01 13677232                   /root/Desktop/Guidewire/WS_CC/repository/org/objenesis/objenesis/1.3/objenesis-1.3.jar
7fe2a5d86000-7fe2a5d89000 r--s 00015000 fc:01 13676587                   /root/Desktop/Guidewire/WS_CC/repository/org/apache/ant/com.springsource.org.apache.tool.ant.taskdefs.optional.junit/1.7.1/com.springsource.org.apache.tool.ant.taskdefs.optional.junit-1.7.1.jar
7fe2a5d89000-7fe2a5d8a000 r--s 00000000 fc:01 13426865                   /root/Desktop/Guidewire/WS_CC/repository/com/guidewire/pl/perfdownload-collector-test/9.14.5/perfdownload-collector-test-9.14.5.jar
7fe2a5d8a000-7fe2a5dc8000 r--s 005df000 fc:01 13427300                   /root/Desktop/Guidewire/WS_CC/repository/com/aspose/aspose-cells/8.6.1/aspose-cells-8.6.1.jar
7fe2a5dc8000-7fe2a5dc9000 r--s 00000000 fc:01 13426518                   /root/Desktop/Guidewire/WS_CC/repository/com/guidewire/pl/entity/entity-codegen-annotations/9.10.16/entity-codegen-annotations-9.10.16.jar
7fe2a5dc9000-7fe2a5dd9000 r--s 000b8000 fc:01 13426664                   /root/Desktop/Guidewire/WS_CC/repository/com/guidewire/pl/util/9.14.5/util-9.14.5.jar
7fe2a5dd9000-7fe2a5ddb000 r--s 00009000 fc:01 13427356                   /root/Desktop/Guidewire/WS_CC/repository/org/gosu-lang/gosu/managed/gw-commons-cli/1.2-1/gw-commons-cli-1.2-1.jar
7fe2a5ddb000-7fe2a5ddc000 r--s 00002000 fc:01 13427439                   /root/Desktop/Guidewire/WS_CC/repository/org/gosu-lang/gosu/gosu-ant-tools/1.13.16/gosu-ant-tools-1.13.16.jar
7fe2a5ddc000-7fe2a5de4000 r--s 0007b000 fc:01 13171428                   /root/Desktop/Guidewire/WS_CC/repository/com/google/protobuf/protobuf-java/2.5.0/protobuf-java-2.5.0.jar
7fe2a5de4000-7fe2a5de5000 r--s 00004000 fc:01 13427294                   /root/Desktop/Guidewire/WS_CC/repository/com/intellij/annotations/12.0/annotations-12.0.jar
7fe2a5de5000-7fe2a5de7000 r--s 00000000 fc:01 13426659                   /root/Desktop/Guidewire/WS_CC/repository/com/guidewire/pl/servlet/gw-servlet-filters/1.0.0/gw-servlet-filters-1.0.0.jar
7fe2a5de7000-7fe2a5dff000 r--s 0010f000 fc:01 13677543                   /root/Desktop/Guidewire/WS_CC/repository/io/netty/netty/3.6.6.Final/netty-3.6.6.Final.jar
7fe2a5dff000-7fe2a5e04000 r--s 00070000 fc:01 13676889                   /root/Desktop/Guidewire/WS_CC/repository/org/codehaus/woodstox/woodstox-core-asl/4.1.2/woodstox-core-asl-4.1.2.jar
7fe2a5e04000-7fe2a5e06000 r--s 00013000 fc:01 13677537                   /root/Desktop/Guidewire/WS_CC/repository/xml-resolver/xml-resolver/1.2/xml-resolver-1.2.jar
7fe2a5e06000-7fe2a5e14000 r--s 00109000 fc:01 13676731                   /root/Desktop/Guidewire/WS_CC/repository/org/apache/poi/poi-ooxml/3.13/poi-ooxml-3.13.jar
7fe2a5e14000-7fe2a5e16000 r--s 00036000 fc:01 13677454                   /root/Desktop/Guidewire/WS_CC/repository/gw/managed/sdoapi/12.1.0.2.0/sdoapi-12.1.0.2.0.jar
7fe2a5e16000-7fe2a5e18000 r--s 00008000 fc:01 13427288                   /root/Desktop/Guidewire/WS_CC/repository/com/fasterxml/uuid/java-uuid-generator/3.1.3/java-uuid-generator-3.1.3.jar
7fe2a5e18000-7fe2a5e1d000 r--s 0003b000 fc:01 13676879                   /root/Desktop/Guidewire/WS_CC/repository/org/apache/cactus/cactus/1.7.1/cactus-1.7.1.jar
7fe2a5e1d000-7fe2a5e22000 r--s 0002a000 fc:01 13426551                   /root/Desktop/Guidewire/WS_CC/repository/com/guidewire/pl/solr/9.14.5/solr-9.14.5.jar
7fe2a5e22000-7fe2a5e37000 r--s 00094000 fc:01 13426514                   /root/Desktop/Guidewire/WS_CC/repository/com/guidewire/pl/entity/entity-metadata-api/9.10.16/entity-metadata-api-9.10.16.jar
7fe2a5e37000-7fe2a5e4b000 r--s 0012b000 fc:01 13677421                   /root/Desktop/Guidewire/WS_CC/repository/gw/managed/osgi/equinox/org.eclipse.osgi/3.10.101/org.eclipse.osgi-3.10.101.jar
7fe2a5e4b000-7fe2a5e4f000 r--s 00043000 fc:01 13426918                   /root/Desktop/Guidewire/WS_CC/repository/com/guidewire/pl/personaldata/9.14.5/personaldata-9.14.5.jar
7fe2a5e4f000-7fe2a5e51000 r--s 00008000 fc:01 13426761                   /root/Desktop/Guidewire/WS_CC/repository/com/guidewire/pl/heatmap/9.14.5/heatmap-9.14.5.jar
7fe2a5e51000-7fe2a5e53000 r--s 0000c000 fc:01 13426542                   /root/Desktop/Guidewire/WS_CC/repository/com/guidewire/pl/plugin/9.14.5/plugin-9.14.5.jar
7fe2a5e53000-7fe2a5e66000 r--s 000ff000 fc:01 13426859                   /root/Desktop/Guidewire/WS_CC/repository/com/guidewire/pl/bizrules/9.14.5/bizrules-9.14.5.jar
7fe2a5e66000-7fe2a5e68000 r--s 00001000 fc:01 13427435                   /root/Desktop/Guidewire/WS_CC/repository/org/gosu-lang/gosu/gosu-classredefiner/1.0.1/gosu-classredefiner-1.0.1.jar
7fe2a5e68000-7fe2a5e6a000 r--s 00008000 fc:01 13426735                   /root/Desktop/Guidewire/WS_CC/repository/com/guidewire/pl/xml/gw-xml-testframework/3.0.2/gw-xml-testframework-3.0.2.jar
7fe2a5e6a000-7fe2a5e6c000 r--s 0000a000 fc:01 13677510                   /root/Desktop/Guidewire/WS_CC/repository/gw/managed/strutstest/2.1.3/strutstest-2.1.3.jar
7fe2a5e6c000-7fe2a5e70000 r--s 00028000 fc:01 13427334                   /root/Desktop/Guidewire/WS_CC/repository/com/thoughtworks/qdox/qdox/1.12/qdox-1.12.jar
7fe2a5e70000-7fe2a5e71000 r--s 00000000 fc:01 13427215                   /root/Desktop/Guidewire/WS_CC/repository/com/google/gdata/gdata-spreadsheet-meta/1.0/gdata-spreadsheet-meta-1.0.jar
7fe2a5e71000-7fe2a5e73000 r--s 00005000 fc:01 13427211                   /root/Desktop/Guidewire/WS_CC/repository/com/google/gdata/gdata-spreadsheet/1.0/gdata-spreadsheet-1.0.jar
7fe2a5e73000-7fe2a5e75000 r--s 00009000 fc:01 13427207                   /root/Desktop/Guidewire/WS_CC/repository/com/google/gdata/gdata-media/1.0/gdata-media-1.0.jar
7fe2a5e75000-7fe2a5e76000 r--s 00000000 fc:01 13427203                   /root/Desktop/Guidewire/WS_CC/repository/com/google/gdata/gdata-docs-meta/1.0/gdata-docs-meta-1.0.jar
7fe2a5e76000-7fe2a5e78000 r--s 00001000 fc:01 13427199                   /root/Desktop/Guidewire/WS_CC/repository/com/google/gdata/gdata-docs/1.0/gdata-docs-1.0.jar
7fe2a5e78000-7fe2a5e7f000 r--s 00038000 fc:01 13427175                   /root/Desktop/Guidewire/WS_CC/repository/com/google/gdata/gdata-core/1.0/gdata-core-1.0.jar
7fe2a5e7f000-7fe2a5e80000 r--s 00000000 fc:01 13427195                   /root/Desktop/Guidewire/WS_CC/repository/com/google/gdata/gdata-client-meta/1.0/gdata-client-meta-1.0.jar
7fe2a5e80000-7fe2a5e82000 r--s 0000c000 fc:01 13427191                   /root/Desktop/Guidewire/WS_CC/repository/com/google/gdata/gdata-client/1.0/gdata-client-1.0.jar
7fe2a5e82000-7fe2a5e84000 r--s 0000b000 fc:01 13427187                   /root/Desktop/Guidewire/WS_CC/repository/com/google/gdata/gdata-base/1.0/gdata-base-1.0.jar
7fe2a5e84000-7fe2a5e85000 r--s 00000000 fc:01 13427183                   /root/Desktop/Guidewire/WS_CC/repository/com/google/gdata/gdata-appsforyourdomain-meta/1.0/gdata-appsforyourdomain-meta-1.0.jar
7fe2a5e85000-7fe2a5e87000 r--s 00008000 fc:01 13427179                   /root/Desktop/Guidewire/WS_CC/repository/com/google/gdata/gdata-appsforyourdomain/1.0/gdata-appsforyourdomain-1.0.jar
7fe2a5e87000-7fe2a5e89000 r--s 00004000 fc:01 13677227                   /root/Desktop/Guidewire/WS_CC/repository/org/easytesting/fest-util/1.1.4/fest-util-1.1.4.jar
7fe2a5e89000-7fe2a5e8c000 r--s 00015000 fc:01 13677218                   /root/Desktop/Guidewire/WS_CC/repository/org/easytesting/fest-assert/1.3/fest-assert-1.3.jar
7fe2a5e8c000-7fe2a5e8f000 r--s 00019000 fc:01 13677209                   /root/Desktop/Guidewire/WS_CC/repository/org/easymock/easymock/3.1/easymock-3.1.jar
7fe2a5e8f000-7fe2a5e92000 r--s 00008000 fc:01 13677204                   /root/Desktop/Guidewire/WS_CC/repository/org/aspectj/aspectjrt/1.2.1/aspectjrt-1.2.1.jar
7fe2a5e92000-7fe2a5e94000 r--s 00002000 fc:01 13676583                   /root/Desktop/Guidewire/WS_CC/repository/org/apache/ant/com.springsource.org.apache.tools.ant.launch/1.7.1/com.springsource.org.apache.tools.ant.launch-1.7.1.jar
7fe2a5e94000-7fe2a5e95000 r--s 00004000 fc:01 13426855                   /root/Desktop/Guidewire/WS_CC/repository/com/guidewire/pl/testresult-formatter/9.14.5/testresult-formatter-9.14.5.jar
7fe2a5e95000-7fe2a5e97000 r--s 00012000 fc:01 13427459                   /root/Desktop/Guidewire/WS_CC/repository/org/gosu-lang/gosu/gosu-test-api/1.13.16/gosu-test-api-1.13.16.jar
7fe2a5e97000-7fe2a5e9b000 r--s 0001d000 fc:01 13427454                   /root/Desktop/Guidewire/WS_CC/repository/org/gosu-lang/gosu/gosu-core-api-precompiled/1.13.16/gosu-core-api-precompiled-1.13.16.jar
7fe2a5e9b000-7fe2a5e9d000 r--s 00008000 fc:01 13426851                   /root/Desktop/Guidewire/WS_CC/repository/com/guidewire/pl/perfdownload-analyzer-test/9.14.5/perfdownload-analyzer-test-9.14.5.jar
7fe2a5e9d000-7fe2a6004000 r--s 01213000 fc:01 13426507                   /root/Desktop/Guidewire/WS_CC/repository/com/guidewire/pl/pl/9.14.5/pl-9.14.5.jar
7fe2a6004000-7fe2a6005000 r--s 00000000 fc:01 13427013                   /root/Desktop/Guidewire/WS_CC/repository/com/guidewire/cc/cc-pl-solr/9.0.4/cc-pl-solr-9.0.4.jar
7fe2a6005000-7fe2a600a000 r--s 0002d000 fc:01 13426502                   /root/Desktop/Guidewire/WS_CC/repository/com/guidewire/pl/beangraphutil/9.14.5/beangraphutil-9.14.5.jar
7fe2a600a000-7fe2a6012000 r--s 00045000 fc:01 13426497                   /root/Desktop/Guidewire/WS_CC/repository/com/guidewire/pl/contact/9.14.5/contact-9.14.5.jar
7fe2a6012000-7fe2a6013000 r--s 00000000 fc:01 13427005                   /root/Desktop/Guidewire/WS_CC/repository/com/guidewire/cc/cc-pl-personaldata/9.0.4/cc-pl-personaldata-9.0.4.jar
7fe2a6013000-7fe2a6014000 r--s 00000000 fc:01 13427001                   /root/Desktop/Guidewire/WS_CC/repository/com/guidewire/cc/cc-pl-heatmap/9.0.4/cc-pl-heatmap-9.0.4.jar
7fe2a6014000-7fe2a6015000 r--s 00000000 fc:01 13427021                   /root/Desktop/Guidewire/WS_CC/repository/com/guidewire/cc/cc-plugin/9.0.4/cc-plugin-9.0.4.jar
7fe2a6015000-7fe2a6016000 r--s 00000000 fc:01 13426985                   /root/Desktop/Guidewire/WS_CC/repository/com/guidewire/cc/cc-pl-bizrules/9.0.4/cc-pl-bizrules-9.0.4.jar
7fe2a6016000-7fe2a6017000 r--s 00000000 fc:01 13426981                   /root/Desktop/Guidewire/WS_CC/repository/com/guidewire/cc/cc-pl/9.0.4/cc-pl-9.0.4.jar
7fe2a6017000-7fe2a6018000 r--s 00001000 fc:01 13426493                   /root/Desktop/Guidewire/WS_CC/repository/com/guidewire/pl/pl-appserver-jboss/9.14.5/pl-appserver-jboss-9.14.5.jar
7fe2a6018000-7fe2a6019000 r--s 00000000 fc:01 13426489                   /root/Desktop/Guidewire/WS_CC/repository/com/guidewire/pl/pl-appserver-websphere/9.14.5/pl-appserver-websphere-9.14.5.jar
7fe2a6019000-7fe2a601a000 r--s 00000000 fc:01 13677506                   /root/Desktop/Guidewire/WS_CC/repository/gw/managed/xeger/1.0/xeger-1.0.jar
7fe2a601a000-7fe2a601e000 r--s 00026000 fc:01 13677502                   /root/Desktop/Guidewire/WS_CC/repository/gw/managed/automaton/1.11/automaton-1.11.jar
7fe2a601e000-7fe2a6033000 r--s 00100000 fc:01 13426843                   /root/Desktop/Guidewire/WS_CC/repository/com/guidewire/pl/pl-gunit/9.14.5/pl-gunit-9.14.5.jar
7fe2a6033000-7fe2a6113000 r--s 00c39000 fc:01 11106547                   /root/Desktop/Guidewire/WS_CC/repository/com/guidewire/cc/cc/9.0.4/cc-9.0.4.jar
7fe2a6113000-7fe2a6127000 r--s 000da000 fc:01 12911750                   /root/Desktop/Guidewire/WS_CC/repository/com/guidewire/cc/cc-gunit/9.0.4/cc-gunit-9.0.4.jar
7fe2a6127000-7fe2a612a000 ---p 00000000 00:00 0 
7fe2a612a000-7fe2a6228000 rw-p 00000000 00:00 0 
7fe2a6228000-7fe2a6231000 r-xp 00000000 fc:01 8519638                    /usr/lib/jvm/java-8-openjdk-amd64/jre/lib/amd64/libmanagement.so
7fe2a6231000-7fe2a6430000 ---p 00009000 fc:01 8519638                    /usr/lib/jvm/java-8-openjdk-amd64/jre/lib/amd64/libmanagement.so
7fe2a6430000-7fe2a6431000 r--p 00008000 fc:01 8519638                    /usr/lib/jvm/java-8-openjdk-amd64/jre/lib/amd64/libmanagement.so
7fe2a6431000-7fe2a6432000 rw-p 00009000 fc:01 8519638                    /usr/lib/jvm/java-8-openjdk-amd64/jre/lib/amd64/libmanagement.so
7fe2a6432000-7fe2a6448000 r-xp 00000000 fc:01 8519640                    /usr/lib/jvm/java-8-openjdk-amd64/jre/lib/amd64/libnet.so
7fe2a6448000-7fe2a6647000 ---p 00016000 fc:01 8519640                    /usr/lib/jvm/java-8-openjdk-amd64/jre/lib/amd64/libnet.so
7fe2a6647000-7fe2a6648000 r--p 00015000 fc:01 8519640                    /usr/lib/jvm/java-8-openjdk-amd64/jre/lib/amd64/libnet.so
7fe2a6648000-7fe2a6649000 rw-p 00016000 fc:01 8519640                    /usr/lib/jvm/java-8-openjdk-amd64/jre/lib/amd64/libnet.so
7fe2a6649000-7fe2a665a000 r-xp 00000000 fc:01 8519641                    /usr/lib/jvm/java-8-openjdk-amd64/jre/lib/amd64/libnio.so
7fe2a665a000-7fe2a6859000 ---p 00011000 fc:01 8519641                    /usr/lib/jvm/java-8-openjdk-amd64/jre/lib/amd64/libnio.so
7fe2a6859000-7fe2a685a000 r--p 00010000 fc:01 8519641                    /usr/lib/jvm/java-8-openjdk-amd64/jre/lib/amd64/libnio.so
7fe2a685a000-7fe2a685b000 rw-p 00011000 fc:01 8519641                    /usr/lib/jvm/java-8-openjdk-amd64/jre/lib/amd64/libnio.so
7fe2a685b000-7fe2a6873000 r--s 001c9000 fc:01 13427444                   /root/Desktop/Guidewire/WS_CC/repository/org/gosu-lang/gosu/gosu-core/1.13.16/gosu-core-1.13.16.jar
7fe2a6873000-7fe2a6892000 r--s 00120000 fc:01 13427427                   /root/Desktop/Guidewire/WS_CC/repository/org/gosu-lang/gosu/gosu-core-api/1.13.16/gosu-core-api-1.13.16.jar
7fe2a6892000-7fe2a68ad000 r--s 001d6000 fc:01 8519667                    /usr/lib/jvm/java-8-openjdk-amd64/jre/lib/ext/nashorn.jar
7fe2a68ad000-7fe2a68ae000 ---p 00000000 00:00 0 
7fe2a68ae000-7fe2a69ae000 rw-p 00000000 00:00 0 
7fe2a69ae000-7fe2a69b1000 ---p 00000000 00:00 0 
7fe2a69b1000-7fe2a6aaf000 rw-p 00000000 00:00 0 
7fe2a6aaf000-7fe2a6ab0000 ---p 00000000 00:00 0 
7fe2a6ab0000-7fe2a6ab3000 ---p 00000000 00:00 0 
7fe2a6ab3000-7fe2a6bb0000 rw-p 00000000 00:00 0 
7fe2a6bb0000-7fe2a6bb1000 ---p 00000000 00:00 0 
7fe2a6bb1000-7fe2a6bb4000 ---p 00000000 00:00 0 
7fe2a6bb4000-7fe2a6cb1000 rw-p 00000000 00:00 0 
7fe2a6cb1000-7fe2a6cb2000 ---p 00000000 00:00 0 
7fe2a6cb2000-7fe2a6cb5000 ---p 00000000 00:00 0 
7fe2a6cb5000-7fe2a6db2000 rw-p 00000000 00:00 0 
7fe2a6db2000-7fe2a6db5000 ---p 00000000 00:00 0 
7fe2a6db5000-7fe2a6eb3000 rw-p 00000000 00:00 0 
7fe2a6eb3000-7fe2a6ee4000 r--p 00000000 fc:01 7801                       /usr/lib/locale/C.UTF-8/LC_CTYPE
7fe2a6ee4000-7fe2a7057000 r--p 00000000 fc:01 7800                       /usr/lib/locale/C.UTF-8/LC_COLLATE
7fe2a7057000-7fe2a71f2000 r--p 00000000 fc:01 7795                       /usr/lib/locale/locale-archive
7fe2a71f2000-7fe2a71f5000 ---p 00000000 00:00 0 
7fe2a71f5000-7fe2a72f3000 rw-p 00000000 00:00 0 
7fe2a72f3000-7fe2a72f6000 ---p 00000000 00:00 0 
7fe2a72f6000-7fe2a73f4000 rw-p 00000000 00:00 0 
7fe2a73f4000-7fe2a73f5000 ---p 00000000 00:00 0 
7fe2a73f5000-7fe2a8000000 rw-p 00000000 00:00 0 
7fe2a8000000-7fe2a8021000 rw-p 00000000 00:00 0 
7fe2a8021000-7fe2ac000000 ---p 00000000 00:00 0 
7fe2ac000000-7fe2ac002000 r--s 00006000 fc:01 13426847                   /root/Desktop/Guidewire/WS_CC/repository/com/guidewire/pl/bizrules-gunit/9.14.5/bizrules-gunit-9.14.5.jar
7fe2ac002000-7fe2ac004000 r--s 0000f000 fc:01 13427413                   /root/Desktop/Guidewire/WS_CC/repository/org/gosu-lang/gosu/managed/gw-jcommander/1.48/gw-jcommander-1.48.jar
7fe2ac004000-7fe2ac00a000 r--s 0003a000 fc:01 13427408                   /root/Desktop/Guidewire/WS_CC/repository/org/gosu-lang/gosu/managed/gw-asm-all/5.0.4/gw-asm-all-5.0.4.jar
7fe2ac00a000-7fe2ac014000 r--s 00116000 fc:01 8519666                    /usr/lib/jvm/java-8-openjdk-amd64/jre/lib/ext/localedata.jar
7fe2ac014000-7fe2ac02f000 r--s 00394000 fc:01 8519662                    /usr/lib/jvm/java-8-openjdk-amd64/jre/lib/ext/cldrdata.jar
7fe2ac02f000-7fe2acb20000 rw-p 00000000 00:00 0 
7fe2acb20000-7fe2accf0000 r--s 03c5c000 fc:01 8519691                    /usr/lib/jvm/java-8-openjdk-amd64/jre/lib/rt.jar
7fe2accf0000-7fe2cf6a6000 rw-p 00000000 00:00 0 
7fe2cf6a6000-7fe2cf6a7000 ---p 00000000 00:00 0 
7fe2cf6a7000-7fe2cf7a7000 rw-p 00000000 00:00 0 
7fe2cf7a7000-7fe2cf7a8000 ---p 00000000 00:00 0 
7fe2cf7a8000-7fe2cf8a8000 rw-p 00000000 00:00 0 
7fe2cf8a8000-7fe2cf8a9000 ---p 00000000 00:00 0 
7fe2cf8a9000-7fe2cf9a9000 rw-p 00000000 00:00 0 
7fe2cf9a9000-7fe2cf9aa000 ---p 00000000 00:00 0 
7fe2cf9aa000-7fe2cfcd5000 rw-p 00000000 00:00 0 
7fe2cfcd5000-7fe2d1000000 ---p 00000000 00:00 0 
7fe2d1000000-7fe2d3b90000 rwxp 00000000 00:00 0 
7fe2d3b90000-7fe2e0000000 ---p 00000000 00:00 0 
7fe2e0000000-7fe2e2163000 rw-p 00000000 00:00 0 
7fe2e2163000-7fe2e4000000 ---p 00000000 00:00 0 
7fe2e4000000-7fe2e4003000 r--s 00018000 fc:01 13427449                   /root/Desktop/Guidewire/WS_CC/repository/org/gosu-lang/gosu/gosu-doc/1.13.16/gosu-doc-1.13.16.jar
7fe2e4003000-7fe2e4006000 r--s 00039000 fc:01 8519670                    /usr/lib/jvm/java-8-openjdk-amd64/jre/lib/ext/sunpkcs11.jar
7fe2e4006000-7fe2e4007000 ---p 00000000 00:00 0 
7fe2e4007000-7fe2e4107000 rw-p 00000000 00:00 0 
7fe2e4107000-7fe2e4108000 ---p 00000000 00:00 0 
7fe2e4108000-7fe2e4433000 rw-p 00000000 00:00 0 
7fe2e4433000-7fe2e575d000 ---p 00000000 00:00 0 
7fe2e575d000-7fe2e5b54000 rw-p 00000000 00:00 0 
7fe2e5b54000-7fe2e6208000 ---p 00000000 00:00 0 
7fe2e6208000-7fe2e62b8000 rw-p 00000000 00:00 0 
7fe2e62b8000-7fe2e65c9000 ---p 00000000 00:00 0 
7fe2e65c9000-7fe2e65d1000 r-xp 00000000 fc:01 8519648                    /usr/lib/jvm/java-8-openjdk-amd64/jre/lib/amd64/libzip.so
7fe2e65d1000-7fe2e67d0000 ---p 00008000 fc:01 8519648                    /usr/lib/jvm/java-8-openjdk-amd64/jre/lib/amd64/libzip.so
7fe2e67d0000-7fe2e67d1000 r--p 00007000 fc:01 8519648                    /usr/lib/jvm/java-8-openjdk-amd64/jre/lib/amd64/libzip.so
7fe2e67d1000-7fe2e67d2000 rw-p 00008000 fc:01 8519648                    /usr/lib/jvm/java-8-openjdk-amd64/jre/lib/amd64/libzip.so
7fe2e67d2000-7fe2e67dd000 r-xp 00000000 fc:01 2093                       /lib/x86_64-linux-gnu/libnss_files-2.27.so
7fe2e67dd000-7fe2e69dc000 ---p 0000b000 fc:01 2093                       /lib/x86_64-linux-gnu/libnss_files-2.27.so
7fe2e69dc000-7fe2e69dd000 r--p 0000a000 fc:01 2093                       /lib/x86_64-linux-gnu/libnss_files-2.27.so
7fe2e69dd000-7fe2e69de000 rw-p 0000b000 fc:01 2093                       /lib/x86_64-linux-gnu/libnss_files-2.27.so
7fe2e69de000-7fe2e69e4000 rw-p 00000000 00:00 0 
7fe2e69e4000-7fe2e69fb000 r-xp 00000000 fc:01 2090                       /lib/x86_64-linux-gnu/libnsl-2.27.so
7fe2e69fb000-7fe2e6bfa000 ---p 00017000 fc:01 2090                       /lib/x86_64-linux-gnu/libnsl-2.27.so
7fe2e6bfa000-7fe2e6bfb000 r--p 00016000 fc:01 2090                       /lib/x86_64-linux-gnu/libnsl-2.27.so
7fe2e6bfb000-7fe2e6bfc000 rw-p 00017000 fc:01 2090                       /lib/x86_64-linux-gnu/libnsl-2.27.so
7fe2e6bfc000-7fe2e6bfe000 rw-p 00000000 00:00 0 
7fe2e6bfe000-7fe2e6c09000 r-xp 00000000 fc:01 2095                       /lib/x86_64-linux-gnu/libnss_nis-2.27.so
7fe2e6c09000-7fe2e6e08000 ---p 0000b000 fc:01 2095                       /lib/x86_64-linux-gnu/libnss_nis-2.27.so
7fe2e6e08000-7fe2e6e09000 r--p 0000a000 fc:01 2095                       /lib/x86_64-linux-gnu/libnss_nis-2.27.so
7fe2e6e09000-7fe2e6e0a000 rw-p 0000b000 fc:01 2095                       /lib/x86_64-linux-gnu/libnss_nis-2.27.so
7fe2e6e0a000-7fe2e6e12000 r-xp 00000000 fc:01 2091                       /lib/x86_64-linux-gnu/libnss_compat-2.27.so
7fe2e6e12000-7fe2e7012000 ---p 00008000 fc:01 2091                       /lib/x86_64-linux-gnu/libnss_compat-2.27.so
7fe2e7012000-7fe2e7013000 r--p 00008000 fc:01 2091                       /lib/x86_64-linux-gnu/libnss_compat-2.27.so
7fe2e7013000-7fe2e7014000 rw-p 00009000 fc:01 2091                       /lib/x86_64-linux-gnu/libnss_compat-2.27.so
7fe2e7014000-7fe2e703e000 r-xp 00000000 fc:01 8519629                    /usr/lib/jvm/java-8-openjdk-amd64/jre/lib/amd64/libjava.so
7fe2e703e000-7fe2e723d000 ---p 0002a000 fc:01 8519629                    /usr/lib/jvm/java-8-openjdk-amd64/jre/lib/amd64/libjava.so
7fe2e723d000-7fe2e723e000 r--p 00029000 fc:01 8519629                    /usr/lib/jvm/java-8-openjdk-amd64/jre/lib/amd64/libjava.so
7fe2e723e000-7fe2e7240000 rw-p 0002a000 fc:01 8519629                    /usr/lib/jvm/java-8-openjdk-amd64/jre/lib/amd64/libjava.so
7fe2e7240000-7fe2e7250000 r-xp 00000000 fc:01 8519647                    /usr/lib/jvm/java-8-openjdk-amd64/jre/lib/amd64/libverify.so
7fe2e7250000-7fe2e744f000 ---p 00010000 fc:01 8519647                    /usr/lib/jvm/java-8-openjdk-amd64/jre/lib/amd64/libverify.so
7fe2e744f000-7fe2e7451000 r--p 0000f000 fc:01 8519647                    /usr/lib/jvm/java-8-openjdk-amd64/jre/lib/amd64/libverify.so
7fe2e7451000-7fe2e7452000 rw-p 00011000 fc:01 8519647                    /usr/lib/jvm/java-8-openjdk-amd64/jre/lib/amd64/libverify.so
7fe2e7452000-7fe2e7459000 r-xp 00000000 fc:01 2180                       /lib/x86_64-linux-gnu/librt-2.27.so
7fe2e7459000-7fe2e7658000 ---p 00007000 fc:01 2180                       /lib/x86_64-linux-gnu/librt-2.27.so
7fe2e7658000-7fe2e7659000 r--p 00006000 fc:01 2180                       /lib/x86_64-linux-gnu/librt-2.27.so
7fe2e7659000-7fe2e765a000 rw-p 00007000 fc:01 2180                       /lib/x86_64-linux-gnu/librt-2.27.so
7fe2e765a000-7fe2e7671000 r-xp 00000000 fc:01 2096                       /lib/x86_64-linux-gnu/libgcc_s.so.1
7fe2e7671000-7fe2e7870000 ---p 00017000 fc:01 2096                       /lib/x86_64-linux-gnu/libgcc_s.so.1
7fe2e7870000-7fe2e7871000 r--p 00016000 fc:01 2096                       /lib/x86_64-linux-gnu/libgcc_s.so.1
7fe2e7871000-7fe2e7872000 rw-p 00017000 fc:01 2096                       /lib/x86_64-linux-gnu/libgcc_s.so.1
7fe2e7872000-7fe2e7a0f000 r-xp 00000000 fc:01 2087                       /lib/x86_64-linux-gnu/libm-2.27.so
7fe2e7a0f000-7fe2e7c0e000 ---p 0019d000 fc:01 2087                       /lib/x86_64-linux-gnu/libm-2.27.so
7fe2e7c0e000-7fe2e7c0f000 r--p 0019c000 fc:01 2087                       /lib/x86_64-linux-gnu/libm-2.27.so
7fe2e7c0f000-7fe2e7c10000 rw-p 0019d000 fc:01 2087                       /lib/x86_64-linux-gnu/libm-2.27.so
7fe2e7c10000-7fe2e7d89000 r-xp 00000000 fc:01 5016                       /usr/lib/x86_64-linux-gnu/libstdc++.so.6.0.25
7fe2e7d89000-7fe2e7f89000 ---p 00179000 fc:01 5016                       /usr/lib/x86_64-linux-gnu/libstdc++.so.6.0.25
7fe2e7f89000-7fe2e7f93000 r--p 00179000 fc:01 5016                       /usr/lib/x86_64-linux-gnu/libstdc++.so.6.0.25
7fe2e7f93000-7fe2e7f95000 rw-p 00183000 fc:01 5016                       /usr/lib/x86_64-linux-gnu/libstdc++.so.6.0.25
7fe2e7f95000-7fe2e7f99000 rw-p 00000000 00:00 0 
7fe2e7f99000-7fe2e8c38000 r-xp 00000000 fc:01 8519651                    /usr/lib/jvm/java-8-openjdk-amd64/jre/lib/amd64/server/libjvm.so
7fe2e8c38000-7fe2e8e38000 ---p 00c9f000 fc:01 8519651                    /usr/lib/jvm/java-8-openjdk-amd64/jre/lib/amd64/server/libjvm.so
7fe2e8e38000-7fe2e8ecc000 r--p 00c9f000 fc:01 8519651                    /usr/lib/jvm/java-8-openjdk-amd64/jre/lib/amd64/server/libjvm.so
7fe2e8ecc000-7fe2e8ef5000 rw-p 00d33000 fc:01 8519651                    /usr/lib/jvm/java-8-openjdk-amd64/jre/lib/amd64/server/libjvm.so
7fe2e8ef5000-7fe2e8f25000 rw-p 00000000 00:00 0 
7fe2e8f25000-7fe2e8f3f000 r-xp 00000000 fc:01 2178                       /lib/x86_64-linux-gnu/libpthread-2.27.so
7fe2e8f3f000-7fe2e913e000 ---p 0001a000 fc:01 2178                       /lib/x86_64-linux-gnu/libpthread-2.27.so
7fe2e913e000-7fe2e913f000 r--p 00019000 fc:01 2178                       /lib/x86_64-linux-gnu/libpthread-2.27.so
7fe2e913f000-7fe2e9140000 rw-p 0001a000 fc:01 2178                       /lib/x86_64-linux-gnu/libpthread-2.27.so
7fe2e9140000-7fe2e9144000 rw-p 00000000 00:00 0 
7fe2e9144000-7fe2e9147000 r-xp 00000000 fc:01 2086                       /lib/x86_64-linux-gnu/libdl-2.27.so
7fe2e9147000-7fe2e9346000 ---p 00003000 fc:01 2086                       /lib/x86_64-linux-gnu/libdl-2.27.so
7fe2e9346000-7fe2e9347000 r--p 00002000 fc:01 2086                       /lib/x86_64-linux-gnu/libdl-2.27.so
7fe2e9347000-7fe2e9348000 rw-p 00003000 fc:01 2086                       /lib/x86_64-linux-gnu/libdl-2.27.so
7fe2e9348000-7fe2e9364000 r-xp 00000000 fc:01 2183                       /lib/x86_64-linux-gnu/libz.so.1.2.11
7fe2e9364000-7fe2e9563000 ---p 0001c000 fc:01 2183                       /lib/x86_64-linux-gnu/libz.so.1.2.11
7fe2e9563000-7fe2e9564000 r--p 0001b000 fc:01 2183                       /lib/x86_64-linux-gnu/libz.so.1.2.11
7fe2e9564000-7fe2e9565000 rw-p 0001c000 fc:01 2183                       /lib/x86_64-linux-gnu/libz.so.1.2.11
7fe2e9565000-7fe2e974c000 r-xp 00000000 fc:01 2083                       /lib/x86_64-linux-gnu/libc-2.27.so
7fe2e974c000-7fe2e994c000 ---p 001e7000 fc:01 2083                       /lib/x86_64-linux-gnu/libc-2.27.so
7fe2e994c000-7fe2e9950000 r--p 001e7000 fc:01 2083                       /lib/x86_64-linux-gnu/libc-2.27.so
7fe2e9950000-7fe2e9952000 rw-p 001eb000 fc:01 2083                       /lib/x86_64-linux-gnu/libc-2.27.so
7fe2e9952000-7fe2e9956000 rw-p 00000000 00:00 0 
7fe2e9956000-7fe2e9964000 r-xp 00000000 fc:01 8519615                    /usr/lib/jvm/java-8-openjdk-amd64/jre/lib/amd64/jli/libjli.so
7fe2e9964000-7fe2e9b63000 ---p 0000e000 fc:01 8519615                    /usr/lib/jvm/java-8-openjdk-amd64/jre/lib/amd64/jli/libjli.so
7fe2e9b63000-7fe2e9b64000 r--p 0000d000 fc:01 8519615                    /usr/lib/jvm/java-8-openjdk-amd64/jre/lib/amd64/jli/libjli.so
7fe2e9b64000-7fe2e9b65000 rw-p 0000e000 fc:01 8519615                    /usr/lib/jvm/java-8-openjdk-amd64/jre/lib/amd64/jli/libjli.so
7fe2e9b65000-7fe2e9b8c000 r-xp 00000000 fc:01 2079                       /lib/x86_64-linux-gnu/ld-2.27.so
7fe2e9b8c000-7fe2e9b8d000 r--s 00010000 fc:01 8519671                    /usr/lib/jvm/java-8-openjdk-amd64/jre/lib/ext/zipfs.jar
7fe2e9b8d000-7fe2e9b8e000 r--s 0000a000 fc:01 8519665                    /usr/lib/jvm/java-8-openjdk-amd64/jre/lib/ext/jaccess.jar
7fe2e9b8e000-7fe2e9b90000 r--s 00007000 fc:01 77498                      /usr/share/java/java-atk-wrapper.jar
7fe2e9b90000-7fe2e9b95000 r--s 0003c000 fc:01 8519669                    /usr/lib/jvm/java-8-openjdk-amd64/jre/lib/ext/sunjce_provider.jar
7fe2e9b95000-7fe2e9b96000 r--s 0000d000 fc:01 8519668                    /usr/lib/jvm/java-8-openjdk-amd64/jre/lib/ext/sunec.jar
7fe2e9b96000-7fe2e9b98000 r--s 00001000 fc:01 8519663                    /usr/lib/jvm/java-8-openjdk-amd64/jre/lib/ext/dnsns.jar
7fe2e9b98000-7fe2e9b9b000 r--s 0000f000 fc:01 8519664                    /usr/lib/jvm/java-8-openjdk-amd64/jre/lib/ext/icedtea-sound.jar
7fe2e9b9b000-7fe2e9b9c000 r--p 00000000 fc:01 7806                       /usr/lib/locale/C.UTF-8/LC_NUMERIC
7fe2e9b9c000-7fe2e9b9d000 r--p 00000000 fc:01 7809                       /usr/lib/locale/C.UTF-8/LC_TIME
7fe2e9b9d000-7fe2e9b9e000 r--p 00000000 fc:01 7804                       /usr/lib/locale/C.UTF-8/LC_MONETARY
7fe2e9b9e000-7fe2e9b9f000 r--p 00000000 fc:01 7798                       /usr/lib/locale/C.UTF-8/LC_MESSAGES/SYS_LC_MESSAGES
7fe2e9b9f000-7fe2e9ba0000 r--p 00000000 fc:01 7807                       /usr/lib/locale/C.UTF-8/LC_PAPER
7fe2e9ba0000-7fe2e9ba1000 r--p 00000000 fc:01 7805                       /usr/lib/locale/C.UTF-8/LC_NAME
7fe2e9ba1000-7fe2e9c72000 rw-p 00000000 00:00 0 
7fe2e9c72000-7fe2e9c73000 ---p 00000000 00:00 0 
7fe2e9c73000-7fe2e9c76000 ---p 00000000 00:00 0 
7fe2e9c76000-7fe2e9d75000 rw-p 00000000 00:00 0 
7fe2e9d75000-7fe2e9d76000 r--p 00000000 fc:01 7799                       /usr/lib/locale/C.UTF-8/LC_ADDRESS
7fe2e9d76000-7fe2e9d77000 r--p 00000000 fc:01 7808                       /usr/lib/locale/C.UTF-8/LC_TELEPHONE
7fe2e9d77000-7fe2e9d78000 r--p 00000000 fc:01 7803                       /usr/lib/locale/C.UTF-8/LC_MEASUREMENT
7fe2e9d78000-7fe2e9d7f000 r--s 00000000 fc:01 5009                       /usr/lib/x86_64-linux-gnu/gconv/gconv-modules.cache
7fe2e9d7f000-7fe2e9d80000 r--p 00000000 fc:01 7802                       /usr/lib/locale/C.UTF-8/LC_IDENTIFICATION
7fe2e9d80000-7fe2e9d88000 rw-s 00000000 fc:01 525595                     /tmp/hsperfdata_root/8197
7fe2e9d88000-7fe2e9d89000 rw-p 00000000 00:00 0 
7fe2e9d89000-7fe2e9d8a000 ---p 00000000 00:00 0 
7fe2e9d8a000-7fe2e9d8c000 rw-p 00000000 00:00 0 
7fe2e9d8c000-7fe2e9d8d000 r--p 00027000 fc:01 2079                       /lib/x86_64-linux-gnu/ld-2.27.so
7fe2e9d8d000-7fe2e9d8e000 rw-p 00028000 fc:01 2079                       /lib/x86_64-linux-gnu/ld-2.27.so
7fe2e9d8e000-7fe2e9d8f000 rw-p 00000000 00:00 0 
7fff08050000-7fff08071000 rw-p 00000000 00:00 0                          [stack]
7fff081c5000-7fff081c8000 r--p 00000000 00:00 0                          [vvar]
7fff081c8000-7fff081ca000 r-xp 00000000 00:00 0                          [vdso]
ffffffffff600000-ffffffffff601000 r-xp 00000000 00:00 0                  [vsyscall]

VM Arguments:
jvm_args: -Dcompiler.type=gw -Xms2g -Xmx16g -Dfile.encoding=UTF-8 -Duser.country -Duser.language=en -Duser.variant -Xms256m 
java_command: gw.lang.gosuc.cli.CommandLineCompiler @/tmp/org.gosulang.gradle.tasks.compile.CommandLineGosuCompiler8033801277188239523arguments
java_class_path (initial): /root/Desktop/Guidewire/WS_CC/repository/org/gosu-lang/gosu/gosu-doc/1.13.16/gosu-doc-1.13.16.jar:/root/Desktop/Guidewire/WS_CC/repository/org/gosu-lang/gosu/gosu-core-api/1.13.16/gosu-core-api-1.13.16.jar:/root/Desktop/Guidewire/WS_CC/repository/org/gosu-lang/gosu/gosu-core/1.13.16/gosu-core-1.13.16.jar:/root/Desktop/Guidewire/WS_CC/repository/org/gosu-lang/gosu/managed/gw-asm-all/5.0.4/gw-asm-all-5.0.4.jar:/root/Desktop/Guidewire/WS_CC/repository/org/gosu-lang/gosu/managed/gw-jcommander/1.48/gw-jcommander-1.48.jar
Launcher Type: SUN_STANDARD

Environment Variables:
JAVA_HOME=/usr/lib/jvm/java-8-openjdk-amd64
JRE_HOME=/usr/lib/jvm/java-8-openjdk-amd64/jre
_JAVA_OPTIONS=-Xms256m
PATH=/opt/tomcat/apache-tomcat-9.0.27/bin:/root/Desktop/Guidewire/apache-ant-1.9.13/bin:/usr/lib/jvm/java-8-openjdk-amd64/bin:/sbin:/bin:/usr/bin:/usr/local/bin:/snap/bin:/opt/mssql-tools/bin:/opt/mssql-tools/bin
SHELL=/bin/bash
DISPLAY=:10.0

Signal Handlers:
SIGSEGV: [libjvm.so+0xab92f0], sa_mask[0]=11111111011111111101111111111110, sa_flags=SA_RESTART|SA_SIGINFO
SIGBUS: [libjvm.so+0xab92f0], sa_mask[0]=11111111011111111101111111111110, sa_flags=SA_RESTART|SA_SIGINFO
SIGFPE: [libjvm.so+0x8ee560], sa_mask[0]=11111111011111111101111111111110, sa_flags=SA_RESTART|SA_SIGINFO
SIGPIPE: [libjvm.so+0x8ee560], sa_mask[0]=11111111011111111101111111111110, sa_flags=SA_RESTART|SA_SIGINFO
SIGXFSZ: [libjvm.so+0x8ee560], sa_mask[0]=11111111011111111101111111111110, sa_flags=SA_RESTART|SA_SIGINFO
SIGILL: [libjvm.so+0x8ee560], sa_mask[0]=11111111011111111101111111111110, sa_flags=SA_RESTART|SA_SIGINFO
SIGUSR1: SIG_DFL, sa_mask[0]=00000000000000000000000000000000, sa_flags=none
SIGUSR2: [libjvm.so+0x8ee410], sa_mask[0]=00100000000000000000000000000000, sa_flags=SA_RESTART|SA_SIGINFO
SIGHUP: [libjvm.so+0x8eea80], sa_mask[0]=11111111011111111101111111111110, sa_flags=SA_RESTART|SA_SIGINFO
SIGINT: [libjvm.so+0x8eea80], sa_mask[0]=11111111011111111101111111111110, sa_flags=SA_RESTART|SA_SIGINFO
SIGTERM: [libjvm.so+0x8eea80], sa_mask[0]=11111111011111111101111111111110, sa_flags=SA_RESTART|SA_SIGINFO
SIGQUIT: [libjvm.so+0x8eea80], sa_mask[0]=11111111011111111101111111111110, sa_flags=SA_RESTART|SA_SIGINFO


---------------  S Y S T E M  ---------------

OS:DISTRIB_ID=Ubuntu
DISTRIB_RELEASE=18.04
DISTRIB_CODENAME=bionic
DISTRIB_DESCRIPTION="Ubuntu 18.04.3 LTS"

uname:Linux 4.15.0-66-generic #75-Ubuntu SMP Tue Oct 1 05:24:09 UTC 2019 x86_64
libc:glibc 2.27 NPTL 2.27 
rlimit: STACK 8192k, CORE 0k, NPROC 64043, NOFILE 4096, AS infinity
load average:3.28 1.41 0.94

/proc/meminfo:
MemTotal:       16425180 kB
MemFree:          163588 kB
MemAvailable:      69320 kB
Buffers:           24592 kB
Cached:           210764 kB
SwapCached:            0 kB
Active:         15736724 kB
Inactive:         196544 kB
Active(anon):   15698716 kB
Inactive(anon):   155732 kB
Active(file):      38008 kB
Inactive(file):    40812 kB
Unevictable:          64 kB
Mlocked:              64 kB
SwapTotal:             0 kB
SwapFree:              0 kB
Dirty:               288 kB
Writeback:             0 kB
AnonPages:      15697852 kB
Mapped:           204936 kB
Shmem:            156516 kB
Slab:             174144 kB
SReclaimable:      67048 kB
SUnreclaim:       107096 kB
KernelStack:       17824 kB
PageTables:        76988 kB
NFS_Unstable:          0 kB
Bounce:                0 kB
WritebackTmp:          0 kB
CommitLimit:     8212588 kB
Committed_AS:   21541824 kB
VmallocTotal:   34359738367 kB
VmallocUsed:           0 kB
VmallocChunk:          0 kB
HardwareCorrupted:     0 kB
AnonHugePages:     83968 kB
ShmemHugePages:        0 kB
ShmemPmdMapped:        0 kB
CmaTotal:              0 kB
CmaFree:               0 kB
HugePages_Total:       0
HugePages_Free:        0
HugePages_Rsvd:        0
HugePages_Surp:        0
Hugepagesize:       2048 kB
DirectMap4k:      339948 kB
DirectMap2M:    15388672 kB
DirectMap1G:     1048576 kB

container (cgroup) information:
container_type: cgroupv1
cpu_cpuset_cpus: 0-5
cpu_memory_nodes: 0
active_processor_count: 6
cpu_quota: -1
cpu_period: 100000
cpu_shares: -1
memory_limit_in_bytes: -1
memory_and_swap_limit_in_bytes: -2
memory_soft_limit_in_bytes: -1
memory_usage_in_bytes: 15186952192
memory_max_usage_in_bytes: 15241166848


CPU:total 6 (initial active 6) (1 cores per cpu, 1 threads per core) family 6 model 85 stepping 4, cmov, cx8, fxsr, mmx, sse, sse2, sse3, ssse3, sse4.1, sse4.2, popcnt, avx, avx2, aes, clmul, erms, rtm, 3dnowpref, lzcnt, tsc, bmi1, bmi2, adx

/proc/cpuinfo:
processor	: 0
vendor_id	: GenuineIntel
cpu family	: 6
model		: 85
model name	: Intel(R) Xeon(R) Gold 6140 CPU @ 2.30GHz
stepping	: 4
microcode	: 0x1
cpu MHz		: 2294.608
cache size	: 25344 KB
physical id	: 0
siblings	: 1
core id		: 0
cpu cores	: 1
apicid		: 0
initial apicid	: 0
fpu		: yes
fpu_exception	: yes
cpuid level	: 13
wp		: yes
flags		: fpu vme de pse tsc msr pae mce cx8 apic sep mtrr pge mca cmov pat pse36 clflush mmx fxsr sse sse2 ss syscall nx pdpe1gb rdtscp lm constant_tsc arch_perfmon rep_good nopl cpuid tsc_known_freq pni pclmulqdq vmx ssse3 fma cx16 pcid sse4_1 sse4_2 x2apic movbe popcnt tsc_deadline_timer aes xsave avx f16c rdrand hypervisor lahf_lm abm 3dnowprefetch cpuid_fault invpcid_single pti ssbd ibrs ibpb tpr_shadow vnmi flexpriority ept vpid fsgsbase tsc_adjust bmi1 hle avx2 smep bmi2 erms invpcid rtm mpx avx512f avx512dq rdseed adx smap clflushopt clwb avx512cd avx512bw avx512vl xsaveopt xsavec xgetbv1 xsaves pku ospke md_clear
bugs		: cpu_meltdown spectre_v1 spectre_v2 spec_store_bypass l1tf mds swapgs
bogomips	: 4589.21
clflush size	: 64
cache_alignment	: 64
address sizes	: 40 bits physical, 48 bits virtual
power management:

processor	: 1
vendor_id	: GenuineIntel
cpu family	: 6
model		: 85
model name	: Intel(R) Xeon(R) Gold 6140 CPU @ 2.30GHz
stepping	: 4
microcode	: 0x1
cpu MHz		: 2294.608
cache size	: 25344 KB
physical id	: 1
siblings	: 1
core id		: 0
cpu cores	: 1
apicid		: 1
initial apicid	: 1
fpu		: yes
fpu_exception	: yes
cpuid level	: 13
wp		: yes
flags		: fpu vme de pse tsc msr pae mce cx8 apic sep mtrr pge mca cmov pat pse36 clflush mmx fxsr sse sse2 ss syscall nx pdpe1gb rdtscp lm constant_tsc arch_perfmon rep_good nopl cpuid tsc_known_freq pni pclmulqdq vmx ssse3 fma cx16 pcid sse4_1 sse4_2 x2apic movbe popcnt tsc_deadline_timer aes xsave avx f16c rdrand hypervisor lahf_lm abm 3dnowprefetch cpuid_fault invpcid_single pti ssbd ibrs ibpb tpr_shadow vnmi flexpriority ept vpid fsgsbase tsc_adjust bmi1 hle avx2 smep bmi2 erms invpcid rtm mpx avx512f avx512dq rdseed adx smap clflushopt clwb avx512cd avx512bw avx512vl xsaveopt xsavec xgetbv1 xsaves pku ospke md_clear
bugs		: cpu_meltdown spectre_v1 spectre_v2 spec_store_bypass l1tf mds swapgs
bogomips	: 4589.21
clflush size	: 64
cache_alignment	: 64
address sizes	: 40 bits physical, 48 bits virtual
power management:

processor	: 2
vendor_id	: GenuineIntel
cpu family	: 6
model		: 85
model name	: Intel(R) Xeon(R) Gold 6140 CPU @ 2.30GHz
stepping	: 4
microcode	: 0x1
cpu MHz		: 2294.608
cache size	: 25344 KB
physical id	: 2
siblings	: 1
core id		: 0
cpu cores	: 1
apicid		: 2
initial apicid	: 2
fpu		: yes
fpu_exception	: yes
cpuid level	: 13
wp		: yes
flags		: fpu vme de pse tsc msr pae mce cx8 apic sep mtrr pge mca cmov pat pse36 clflush mmx fxsr sse sse2 ss syscall nx pdpe1gb rdtscp lm constant_tsc arch_perfmon rep_good nopl cpuid tsc_known_freq pni pclmulqdq vmx ssse3 fma cx16 pcid sse4_1 sse4_2 x2apic movbe popcnt tsc_deadline_timer aes xsave avx f16c rdrand hypervisor lahf_lm abm 3dnowprefetch cpuid_fault invpcid_single pti ssbd ibrs ibpb tpr_shadow vnmi flexpriority ept vpid fsgsbase tsc_adjust bmi1 hle avx2 smep bmi2 erms invpcid rtm mpx avx512f avx512dq rdseed adx smap clflushopt clwb avx512cd avx512bw avx512vl xsaveopt xsavec xgetbv1 xsaves pku ospke md_clear
bugs		: cpu_meltdown spectre_v1 spectre_v2 spec_store_bypass l1tf mds swapgs
bogomips	: 4589.21
clflush size	: 64
cache_alignment	: 64
address sizes	: 40 bits physical, 48 bits virtual
power management:

processor	: 3
vendor_id	: GenuineIntel
cpu family	: 6
model		: 85
model name	: Intel(R) Xeon(R) Gold 6140 CPU @ 2.30GHz
stepping	: 4
microcode	: 0x1
cpu MHz		: 2294.608
cache size	: 25344 KB
physical id	: 3
siblings	: 1
core id		: 0
cpu cores	: 1
apicid		: 3
initial apicid	: 3
fpu		: yes
fpu_exception	: yes
cpuid level	: 13
wp		: yes
flags		: fpu vme de pse tsc msr pae mce cx8 apic sep mtrr pge mca cmov pat pse36 clflush mmx fxsr sse sse2 ss syscall nx pdpe1gb rdtscp lm constant_tsc arch_perfmon rep_good nopl cpuid tsc_known_freq pni pclmulqdq vmx ssse3 fma cx16 pcid sse4_1 sse4_2 x2apic movbe popcnt tsc_deadline_timer aes xsave avx f16c rdrand hypervisor lahf_lm abm 3dnowprefetch cpuid_fault invpcid_single pti ssbd ibrs ibpb tpr_shadow vnmi flexpriority ept vpid fsgsbase tsc_adjust bmi1 hle avx2 smep bmi2 erms invpcid rtm mpx avx512f avx512dq rdseed adx smap clflushopt clwb avx512cd avx512bw avx512vl xsaveopt xsavec xgetbv1 xsaves pku ospke md_clear
bugs		: cpu_meltdown spectre_v1 spectre_v2 spec_store_bypass l1tf mds swapgs
bogomips	: 4589.21
clflush size	: 64
cache_alignment	: 64
address sizes	: 40 bits physical, 48 bits virtual
power management:

processor	: 4
vendor_id	: GenuineIntel
cpu family	: 6
model		: 85
model name	: Intel(R) Xeon(R) Gold 6140 CPU @ 2.30GHz
stepping	: 4
microcode	: 0x1
cpu MHz		: 2294.608
cache size	: 25344 KB
physical id	: 4
siblings	: 1
core id		: 0
cpu cores	: 1
apicid		: 4
initial apicid	: 4
fpu		: yes
fpu_exception	: yes
cpuid level	: 13
wp		: yes
flags		: fpu vme de pse tsc msr pae mce cx8 apic sep mtrr pge mca cmov pat pse36 clflush mmx fxsr sse sse2 ss syscall nx pdpe1gb rdtscp lm constant_tsc arch_perfmon rep_good nopl cpuid tsc_known_freq pni pclmulqdq vmx ssse3 fma cx16 pcid sse4_1 sse4_2 x2apic movbe popcnt tsc_deadline_timer aes xsave avx f16c rdrand hypervisor lahf_lm abm 3dnowprefetch cpuid_fault invpcid_single pti ssbd ibrs ibpb tpr_shadow vnmi flexpriority ept vpid fsgsbase tsc_adjust bmi1 hle avx2 smep bmi2 erms invpcid rtm mpx avx512f avx512dq rdseed adx smap clflushopt clwb avx512cd avx512bw avx512vl xsaveopt xsavec xgetbv1 xsaves pku ospke md_clear
bugs		: cpu_meltdown spectre_v1 spectre_v2 spec_store_bypass l1tf mds swapgs
bogomips	: 4589.21
clflush size	: 64
cache_alignment	: 64
address sizes	: 40 bits physical, 48 bits virtual
power management:

processor	: 5
vendor_id	: GenuineIntel
cpu family	: 6
model		: 85
model name	: Intel(R) Xeon(R) Gold 6140 CPU @ 2.30GHz
stepping	: 4
microcode	: 0x1
cpu MHz		: 2294.608
cache size	: 25344 KB
physical id	: 5
siblings	: 1
core id		: 0
cpu cores	: 1
apicid		: 5
initial apicid	: 5
fpu		: yes
fpu_exception	: yes
cpuid level	: 13
wp		: yes
flags		: fpu vme de pse tsc msr pae mce cx8 apic sep mtrr pge mca cmov pat pse36 clflush mmx fxsr sse sse2 ss syscall nx pdpe1gb rdtscp lm constant_tsc arch_perfmon rep_good nopl cpuid tsc_known_freq pni pclmulqdq vmx ssse3 fma cx16 pcid sse4_1 sse4_2 x2apic movbe popcnt tsc_deadline_timer aes xsave avx f16c rdrand hypervisor lahf_lm abm 3dnowprefetch cpuid_fault invpcid_single pti ssbd ibrs ibpb tpr_shadow vnmi flexpriority ept vpid fsgsbase tsc_adjust bmi1 hle avx2 smep bmi2 erms invpcid rtm mpx avx512f avx512dq rdseed adx smap clflushopt clwb avx512cd avx512bw avx512vl xsaveopt xsavec xgetbv1 xsaves pku ospke md_clear
bugs		: cpu_meltdown spectre_v1 spectre_v2 spec_store_bypass l1tf mds swapgs
bogomips	: 4589.21
clflush size	: 64
cache_alignment	: 64
address sizes	: 40 bits physical, 48 bits virtual
power management:



Memory: 4k page, physical 16425180k(163588k free), swap 0k(0k free)

vm_info: OpenJDK 64-Bit Server VM (25.222-b10) for linux-amd64 JRE (1.8.0_222-8u222-b10-1ubuntu1~18.04.1-b10), built on Jul 18 2019 18:52:48 by "buildd" with gcc 7.4.0

time: Tue Nov 12 11:58:04 2019
timezone: UTC
elapsed time: 106 seconds (0d 0h 1m 46s)

