#
# There is insufficient memory for the Java Runtime Environment to continue.
# Native memory allocation (mmap) failed to map 4294967296 bytes for committing reserved memory.
# Possible reasons:
#   The system is out of physical RAM or swap space
#   The process is running with CompressedOops enabled, and the Java Heap may be blocking the growth of the native heap
# Possible solutions:
#   Reduce memory load on the system
#   Increase physical memory or swap space
#   Check if swap backing store is full
#   Decrease Java heap size (-Xmx/-Xms)
#   Decrease number of Java threads
#   Decrease Java thread stack sizes (-Xss)
#   Set larger code cache with -XX:ReservedCodeCacheSize=
# This output file may be truncated or incomplete.
#
#  Out of Memory Error (os_linux.cpp:2893), pid=11573, tid=11577
#
# JRE version:  (11.0.4+11) (build )
# Java VM: OpenJDK 64-Bit Server VM (11.0.4+11-post-Ubuntu-1ubuntu218.04.3, mixed mode, aot, sharing, tiered, compressed oops, g1 gc, linux-amd64)
# Core dump will be written. Default location: Core dumps may be processed with "/usr/share/apport/apport %p %s %c %d %P" (or dumping to /root/Desktop/Guidewire/WS_CC/modules/configuration/core.11573)
#

---------------  S U M M A R Y ------------

Command Line: -Dapplication.home=/usr/lib/jvm/java-11-openjdk-amd64 --add-modules=ALL-DEFAULT -Xms8m -Xms4g -Xmx16g -Djdk.module.main=jdk.compiler jdk.compiler/com.sun.tools.javac.Main @/root/Desktop/Guidewire/WS_CC/modules/configuration/build/tmp/compileJava/java-compiler-args.txt

Host: Intel(R) Xeon(R) Gold 6140 CPU @ 2.30GHz, 6 cores, 15G, Ubuntu 18.04.3 LTS
Time: Wed Oct 30 13:37:17 2019 UTC elapsed time: 0 seconds (0d 0h 0m 0s)

---------------  T H R E A D  ---------------

Current thread (0x00007fd368012000):  JavaThread "Unknown thread" [_thread_in_vm, id=11577, stack(0x00007fd36f2f2000,0x00007fd36f3f3000)]

Stack: [0x00007fd36f2f2000,0x00007fd36f3f3000],  sp=0x00007fd36f3f12c0,  free space=1020k
Native frames: (J=compiled Java code, A=aot compiled Java code, j=interpreted, Vv=VM code, C=native code)
V  [libjvm.so+0xde4547]
V  [libjvm.so+0xde519b]
V  [libjvm.so+0x6511a5]
V  [libjvm.so+0xbbed38]
V  [libjvm.so+0xbb5ebd]
V  [libjvm.so+0x76f53f]
V  [libjvm.so+0x76f7ae]
V  [libjvm.so+0x77b820]
V  [libjvm.so+0x7f6969]
V  [libjvm.so+0x7f75c2]
V  [libjvm.so+0x7f7a29]
V  [libjvm.so+0x72de6f]
V  [libjvm.so+0x72e55d]
V  [libjvm.so+0xd9ea32]
V  [libjvm.so+0xd9ecc6]
V  [libjvm.so+0x80f907]
V  [libjvm.so+0xd7d627]
V  [libjvm.so+0x8c8611]  JNI_CreateJavaVM+0x51
C  [libjli.so+0x4a66]
C  [libjli.so+0x92cd]


---------------  P R O C E S S  ---------------

Threads class SMR info:
_java_thread_list=0x000055fb64ee0f60, length=0, elements={
}

Java Threads: ( => current thread )

Other Threads:
  0x00007fd368028800 GCTaskThread "GC Thread#0" [stack: 0x00007fd34fc3a000,0x00007fd34fd3a000] [id=11579]
  0x00007fd368066000 ConcurrentGCThread "G1 Main Marker" [stack: 0x00007fd34d429000,0x00007fd34d529000] [id=11580]
  0x00007fd368067800 ConcurrentGCThread "G1 Conc#0" [stack: 0x00007fd34d327000,0x00007fd34d427000] [id=11581]

[error occurred during error reporting (printing all threads), id 0xb, SIGSEGV (0xb) at pc=0x00007fd36d8d3040]

VM state:not at safepoint (not fully initialized)

VM Mutex/Monitor currently owned by a thread:  ([mutex/lock_event])
[0x00007fd36800e750] Heap_lock - owner thread: 0x00007fd368012000

Heap address: 0x0000000400000000, size: 16384 MB, Compressed Oops mode: Non-zero based: 0x0000000400000000
Narrow klass base: 0x0000000000000000, Narrow klass shift: 0

GC Heap History (0 events):
No events

Deoptimization events (0 events):
No events

Classes redefined (0 events):
No events

Internal exceptions (0 events):
No events

Events (0 events):
No events


Dynamic libraries:
500000000-800000000 ---p 00000000 00:00 0 
55fb6422a000-55fb6422c000 r-xp 00000000 fc:01 4130203                    /usr/lib/jvm/java-11-openjdk-amd64/bin/javac
55fb6442b000-55fb6442c000 r--p 00001000 fc:01 4130203                    /usr/lib/jvm/java-11-openjdk-amd64/bin/javac
55fb6442c000-55fb6442d000 rw-p 00002000 fc:01 4130203                    /usr/lib/jvm/java-11-openjdk-amd64/bin/javac
55fb64ec9000-55fb64eea000 rw-p 00000000 00:00 0                          [heap]
7fd31a000000-7fd31c000000 rw-p 00000000 00:00 0 
7fd31c000000-7fd31c021000 rw-p 00000000 00:00 0 
7fd31c021000-7fd320000000 ---p 00000000 00:00 0 
7fd320000000-7fd320021000 rw-p 00000000 00:00 0 
7fd320021000-7fd348000000 ---p 00000000 00:00 0 
7fd348000000-7fd348021000 rw-p 00000000 00:00 0 
7fd348021000-7fd34c000000 ---p 00000000 00:00 0 
7fd34cd1f000-7fd34d325000 rw-p 00000000 00:00 0 
7fd34d325000-7fd34d326000 ---p 00000000 00:00 0 
7fd34d326000-7fd34d427000 rw-p 00000000 00:00 0 
7fd34d427000-7fd34d428000 ---p 00000000 00:00 0 
7fd34d428000-7fd34d632000 rw-p 00000000 00:00 0 
7fd34d632000-7fd34f632000 ---p 00000000 00:00 0 
7fd34f632000-7fd34fc38000 rw-p 00000000 00:00 0 
7fd34fc38000-7fd34fc39000 ---p 00000000 00:00 0 
7fd34fc39000-7fd34fd3f000 rw-p 00000000 00:00 0 
7fd34fd3f000-7fd34fe25000 ---p 00000000 00:00 0 
7fd34fe25000-7fd34fe2a000 rw-p 00000000 00:00 0 
7fd34fe2a000-7fd34ff10000 ---p 00000000 00:00 0 
7fd34ff10000-7fd350180000 rwxp 00000000 00:00 0 
7fd350180000-7fd3504a0000 ---p 00000000 00:00 0 
7fd3504a0000-7fd350710000 rwxp 00000000 00:00 0 
7fd350710000-7fd3579d8000 ---p 00000000 00:00 0 
7fd3579d8000-7fd357c48000 rwxp 00000000 00:00 0 
7fd357c48000-7fd35ef10000 ---p 00000000 00:00 0 
7fd35ef10000-7fd3675ba000 r--s 00000000 fc:01 4129720                    /usr/lib/jvm/java-11-openjdk-amd64/lib/modules
7fd3675ba000-7fd3675bf000 r-xp 00000000 fc:01 4129702                    /usr/lib/jvm/java-11-openjdk-amd64/lib/libjimage.so
7fd3675bf000-7fd3677be000 ---p 00005000 fc:01 4129702                    /usr/lib/jvm/java-11-openjdk-amd64/lib/libjimage.so
7fd3677be000-7fd3677bf000 r--p 00004000 fc:01 4129702                    /usr/lib/jvm/java-11-openjdk-amd64/lib/libjimage.so
7fd3677bf000-7fd3677c0000 rw-p 00005000 fc:01 4129702                    /usr/lib/jvm/java-11-openjdk-amd64/lib/libjimage.so
7fd3677c0000-7fd3677c7000 r-xp 00000000 fc:01 4129719                    /usr/lib/jvm/java-11-openjdk-amd64/lib/libzip.so
7fd3677c7000-7fd3679c6000 ---p 00007000 fc:01 4129719                    /usr/lib/jvm/java-11-openjdk-amd64/lib/libzip.so
7fd3679c6000-7fd3679c7000 r--p 00006000 fc:01 4129719                    /usr/lib/jvm/java-11-openjdk-amd64/lib/libzip.so
7fd3679c7000-7fd3679c8000 rw-p 00007000 fc:01 4129719                    /usr/lib/jvm/java-11-openjdk-amd64/lib/libzip.so
7fd3679c8000-7fd3679d3000 r-xp 00000000 fc:01 2093                       /lib/x86_64-linux-gnu/libnss_files-2.27.so
7fd3679d3000-7fd367bd2000 ---p 0000b000 fc:01 2093                       /lib/x86_64-linux-gnu/libnss_files-2.27.so
7fd367bd2000-7fd367bd3000 r--p 0000a000 fc:01 2093                       /lib/x86_64-linux-gnu/libnss_files-2.27.so
7fd367bd3000-7fd367bd4000 rw-p 0000b000 fc:01 2093                       /lib/x86_64-linux-gnu/libnss_files-2.27.so
7fd367bd4000-7fd367bda000 rw-p 00000000 00:00 0 
7fd367bda000-7fd367bf1000 r-xp 00000000 fc:01 2090                       /lib/x86_64-linux-gnu/libnsl-2.27.so
7fd367bf1000-7fd367df0000 ---p 00017000 fc:01 2090                       /lib/x86_64-linux-gnu/libnsl-2.27.so
7fd367df0000-7fd367df1000 r--p 00016000 fc:01 2090                       /lib/x86_64-linux-gnu/libnsl-2.27.so
7fd367df1000-7fd367df2000 rw-p 00017000 fc:01 2090                       /lib/x86_64-linux-gnu/libnsl-2.27.so
7fd367df2000-7fd367df4000 rw-p 00000000 00:00 0 
7fd367df4000-7fd367dff000 r-xp 00000000 fc:01 2095                       /lib/x86_64-linux-gnu/libnss_nis-2.27.so
7fd367dff000-7fd367ffe000 ---p 0000b000 fc:01 2095                       /lib/x86_64-linux-gnu/libnss_nis-2.27.so
7fd367ffe000-7fd367fff000 r--p 0000a000 fc:01 2095                       /lib/x86_64-linux-gnu/libnss_nis-2.27.so
7fd367fff000-7fd368000000 rw-p 0000b000 fc:01 2095                       /lib/x86_64-linux-gnu/libnss_nis-2.27.so
7fd368000000-7fd36808b000 rw-p 00000000 00:00 0 
7fd36808b000-7fd36c000000 ---p 00000000 00:00 0 
7fd36c001000-7fd36c009000 r-xp 00000000 fc:01 2091                       /lib/x86_64-linux-gnu/libnss_compat-2.27.so
7fd36c009000-7fd36c209000 ---p 00008000 fc:01 2091                       /lib/x86_64-linux-gnu/libnss_compat-2.27.so
7fd36c209000-7fd36c20a000 r--p 00008000 fc:01 2091                       /lib/x86_64-linux-gnu/libnss_compat-2.27.so
7fd36c20a000-7fd36c20b000 rw-p 00009000 fc:01 2091                       /lib/x86_64-linux-gnu/libnss_compat-2.27.so
7fd36c20b000-7fd36c234000 r-xp 00000000 fc:01 4129698                    /usr/lib/jvm/java-11-openjdk-amd64/lib/libjava.so
7fd36c234000-7fd36c433000 ---p 00029000 fc:01 4129698                    /usr/lib/jvm/java-11-openjdk-amd64/lib/libjava.so
7fd36c433000-7fd36c434000 r--p 00028000 fc:01 4129698                    /usr/lib/jvm/java-11-openjdk-amd64/lib/libjava.so
7fd36c434000-7fd36c436000 rw-p 00029000 fc:01 4129698                    /usr/lib/jvm/java-11-openjdk-amd64/lib/libjava.so
7fd36c436000-7fd36c443000 r-xp 00000000 fc:01 4129718                    /usr/lib/jvm/java-11-openjdk-amd64/lib/libverify.so
7fd36c443000-7fd36c642000 ---p 0000d000 fc:01 4129718                    /usr/lib/jvm/java-11-openjdk-amd64/lib/libverify.so
7fd36c642000-7fd36c644000 r--p 0000c000 fc:01 4129718                    /usr/lib/jvm/java-11-openjdk-amd64/lib/libverify.so
7fd36c644000-7fd36c645000 rw-p 0000e000 fc:01 4129718                    /usr/lib/jvm/java-11-openjdk-amd64/lib/libverify.so
7fd36c645000-7fd36c64c000 r-xp 00000000 fc:01 2180                       /lib/x86_64-linux-gnu/librt-2.27.so
7fd36c64c000-7fd36c84b000 ---p 00007000 fc:01 2180                       /lib/x86_64-linux-gnu/librt-2.27.so
7fd36c84b000-7fd36c84c000 r--p 00006000 fc:01 2180                       /lib/x86_64-linux-gnu/librt-2.27.so
7fd36c84c000-7fd36c84d000 rw-p 00007000 fc:01 2180                       /lib/x86_64-linux-gnu/librt-2.27.so
7fd36c84d000-7fd36c864000 r-xp 00000000 fc:01 2096                       /lib/x86_64-linux-gnu/libgcc_s.so.1
7fd36c864000-7fd36ca63000 ---p 00017000 fc:01 2096                       /lib/x86_64-linux-gnu/libgcc_s.so.1
7fd36ca63000-7fd36ca64000 r--p 00016000 fc:01 2096                       /lib/x86_64-linux-gnu/libgcc_s.so.1
7fd36ca64000-7fd36ca65000 rw-p 00017000 fc:01 2096                       /lib/x86_64-linux-gnu/libgcc_s.so.1
7fd36ca65000-7fd36cc02000 r-xp 00000000 fc:01 2087                       /lib/x86_64-linux-gnu/libm-2.27.so
7fd36cc02000-7fd36ce01000 ---p 0019d000 fc:01 2087                       /lib/x86_64-linux-gnu/libm-2.27.so
7fd36ce01000-7fd36ce02000 r--p 0019c000 fc:01 2087                       /lib/x86_64-linux-gnu/libm-2.27.so
7fd36ce02000-7fd36ce03000 rw-p 0019d000 fc:01 2087                       /lib/x86_64-linux-gnu/libm-2.27.so
7fd36ce03000-7fd36cf7c000 r-xp 00000000 fc:01 5016                       /usr/lib/x86_64-linux-gnu/libstdc++.so.6.0.25
7fd36cf7c000-7fd36d17c000 ---p 00179000 fc:01 5016                       /usr/lib/x86_64-linux-gnu/libstdc++.so.6.0.25
7fd36d17c000-7fd36d186000 r--p 00179000 fc:01 5016                       /usr/lib/x86_64-linux-gnu/libstdc++.so.6.0.25
7fd36d186000-7fd36d188000 rw-p 00183000 fc:01 5016                       /usr/lib/x86_64-linux-gnu/libstdc++.so.6.0.25
7fd36d188000-7fd36d18c000 rw-p 00000000 00:00 0 
7fd36d18c000-7fd36e258000 r-xp 00000000 fc:01 4129725                    /usr/lib/jvm/java-11-openjdk-amd64/lib/server/libjvm.so
7fd36e258000-7fd36e457000 ---p 010cc000 fc:01 4129725                    /usr/lib/jvm/java-11-openjdk-amd64/lib/server/libjvm.so
7fd36e457000-7fd36e514000 r--p 010cb000 fc:01 4129725                    /usr/lib/jvm/java-11-openjdk-amd64/lib/server/libjvm.so
7fd36e514000-7fd36e54d000 rw-p 01188000 fc:01 4129725                    /usr/lib/jvm/java-11-openjdk-amd64/lib/server/libjvm.so
7fd36e54d000-7fd36e5a3000 rw-p 00000000 00:00 0 
7fd36e5a3000-7fd36e5bd000 r-xp 00000000 fc:01 2178                       /lib/x86_64-linux-gnu/libpthread-2.27.so
7fd36e5bd000-7fd36e7bc000 ---p 0001a000 fc:01 2178                       /lib/x86_64-linux-gnu/libpthread-2.27.so
7fd36e7bc000-7fd36e7bd000 r--p 00019000 fc:01 2178                       /lib/x86_64-linux-gnu/libpthread-2.27.so
7fd36e7bd000-7fd36e7be000 rw-p 0001a000 fc:01 2178                       /lib/x86_64-linux-gnu/libpthread-2.27.so
7fd36e7be000-7fd36e7c2000 rw-p 00000000 00:00 0 
7fd36e7c2000-7fd36e7c5000 r-xp 00000000 fc:01 2086                       /lib/x86_64-linux-gnu/libdl-2.27.so
7fd36e7c5000-7fd36e9c4000 ---p 00003000 fc:01 2086                       /lib/x86_64-linux-gnu/libdl-2.27.so
7fd36e9c4000-7fd36e9c5000 r--p 00002000 fc:01 2086                       /lib/x86_64-linux-gnu/libdl-2.27.so
7fd36e9c5000-7fd36e9c6000 rw-p 00003000 fc:01 2086                       /lib/x86_64-linux-gnu/libdl-2.27.so
7fd36e9c6000-7fd36e9e2000 r-xp 00000000 fc:01 2183                       /lib/x86_64-linux-gnu/libz.so.1.2.11
7fd36e9e2000-7fd36ebe1000 ---p 0001c000 fc:01 2183                       /lib/x86_64-linux-gnu/libz.so.1.2.11
7fd36ebe1000-7fd36ebe2000 r--p 0001b000 fc:01 2183                       /lib/x86_64-linux-gnu/libz.so.1.2.11
7fd36ebe2000-7fd36ebe3000 rw-p 0001c000 fc:01 2183                       /lib/x86_64-linux-gnu/libz.so.1.2.11
7fd36ebe3000-7fd36edca000 r-xp 00000000 fc:01 2083                       /lib/x86_64-linux-gnu/libc-2.27.so
7fd36edca000-7fd36efca000 ---p 001e7000 fc:01 2083                       /lib/x86_64-linux-gnu/libc-2.27.so
7fd36efca000-7fd36efce000 r--p 001e7000 fc:01 2083                       /lib/x86_64-linux-gnu/libc-2.27.so
7fd36efce000-7fd36efd0000 rw-p 001eb000 fc:01 2083                       /lib/x86_64-linux-gnu/libc-2.27.so
7fd36efd0000-7fd36efd4000 rw-p 00000000 00:00 0 
7fd36efd4000-7fd36efe4000 r-xp 00000000 fc:01 4129682                    /usr/lib/jvm/java-11-openjdk-amd64/lib/jli/libjli.so
7fd36efe4000-7fd36f1e3000 ---p 00010000 fc:01 4129682                    /usr/lib/jvm/java-11-openjdk-amd64/lib/jli/libjli.so
7fd36f1e3000-7fd36f1e4000 r--p 0000f000 fc:01 4129682                    /usr/lib/jvm/java-11-openjdk-amd64/lib/jli/libjli.so
7fd36f1e4000-7fd36f1e5000 rw-p 00010000 fc:01 4129682                    /usr/lib/jvm/java-11-openjdk-amd64/lib/jli/libjli.so
7fd36f1e5000-7fd36f20c000 r-xp 00000000 fc:01 2079                       /lib/x86_64-linux-gnu/ld-2.27.so
7fd36f265000-7fd36f2eb000 rw-p 00000000 00:00 0 
7fd36f2eb000-7fd36f2f2000 ---p 00000000 00:00 0 
7fd36f2f2000-7fd36f2f6000 ---p 00000000 00:00 0 
7fd36f2f6000-7fd36f3f5000 rw-p 00000000 00:00 0 
7fd36f3fe000-7fd36f400000 r--s 00007000 fc:01 77498                      /usr/share/java/java-atk-wrapper.jar
7fd36f400000-7fd36f408000 rw-s 00000000 fc:01 2594658                    /tmp/hsperfdata_root/11573
7fd36f408000-7fd36f409000 ---p 00000000 00:00 0 
7fd36f409000-7fd36f40a000 r--p 00000000 00:00 0 
7fd36f40a000-7fd36f40c000 rw-p 00000000 00:00 0 
7fd36f40c000-7fd36f40d000 r--p 00027000 fc:01 2079                       /lib/x86_64-linux-gnu/ld-2.27.so
7fd36f40d000-7fd36f40e000 rw-p 00028000 fc:01 2079                       /lib/x86_64-linux-gnu/ld-2.27.so
7fd36f40e000-7fd36f40f000 rw-p 00000000 00:00 0 
7fff4072b000-7fff4074c000 rw-p 00000000 00:00 0                          [stack]
7fff4079a000-7fff4079d000 r--p 00000000 00:00 0                          [vvar]
7fff4079d000-7fff4079f000 r-xp 00000000 00:00 0                          [vdso]
ffffffffff600000-ffffffffff601000 r-xp 00000000 00:00 0                  [vsyscall]


VM Arguments:
jvm_args: -Dapplication.home=/usr/lib/jvm/java-11-openjdk-amd64 --add-modules=ALL-DEFAULT -Xms8m -Xms4g -Xmx16g -Djdk.module.main=jdk.compiler 
java_command: jdk.compiler/com.sun.tools.javac.Main @/root/Desktop/Guidewire/WS_CC/modules/configuration/build/tmp/compileJava/java-compiler-args.txt
java_class_path (initial): <not set>
Launcher Type: SUN_STANDARD

[Global flags]
     intx CICompilerCount                          = 3                                         {product} {ergonomic}
     uint ConcGCThreads                            = 2                                         {product} {ergonomic}
     uint G1ConcRefinementThreads                  = 6                                         {product} {ergonomic}
   size_t G1HeapRegionSize                         = 4194304                                   {product} {ergonomic}
    uintx GCDrainStackTargetSize                   = 64                                        {product} {ergonomic}
   size_t InitialHeapSize                          = 4294967296                                {product} {command line}
   size_t MarkStackSize                            = 4194304                                   {product} {ergonomic}
   size_t MaxHeapSize                              = 17179869184                               {product} {command line}
   size_t MinHeapDeltaBytes                        = 4194304                                   {product} {ergonomic}
    uintx NonNMethodCodeHeapSize                   = 5830092                                {pd product} {ergonomic}
    uintx NonProfiledCodeHeapSize                  = 122914074                              {pd product} {ergonomic}
    uintx ProfiledCodeHeapSize                     = 122914074                              {pd product} {ergonomic}
    uintx ReservedCodeCacheSize                    = 251658240                              {pd product} {ergonomic}
     bool SegmentedCodeCache                       = true                                      {product} {ergonomic}
     bool UseCompressedClassPointers               = true                                 {lp64_product} {ergonomic}
     bool UseCompressedOops                        = true                                 {lp64_product} {ergonomic}
     bool UseG1GC                                  = true                                      {product} {ergonomic}

Logging:
Log output configuration:
 #0: stdout all=warning uptime,level,tags
 #1: stderr all=off uptime,level,tags

Environment Variables:
JAVA_HOME=/usr
PATH=/opt/tomcat/apache-tomcat-8.5.47/bin:/root/Desktop/Guidewire/apache-ant-1.9.13/bin:/usr/bin:/sbin:/bin:/usr/bin:/usr/local/bin:/snap/bin:/opt/mssql-tools/bin
SHELL=/bin/bash
DISPLAY=:10.0

Signal Handlers:
SIGSEGV: [libjvm.so+0xde5f50], sa_mask[0]=11111111011111111101111111111110, sa_flags=SA_RESTART|SA_SIGINFO
SIGBUS: [libjvm.so+0xde5f50], sa_mask[0]=11111111011111111101111111111110, sa_flags=SA_RESTART|SA_SIGINFO
SIGFPE: [libjvm.so+0xde5f50], sa_mask[0]=11111111011111111101111111111110, sa_flags=SA_RESTART|SA_SIGINFO
SIGPIPE: [libjvm.so+0xbba5b0], sa_mask[0]=11111111011111111101111111111110, sa_flags=SA_RESTART|SA_SIGINFO
SIGXFSZ: [libjvm.so+0xbba5b0], sa_mask[0]=11111111011111111101111111111110, sa_flags=SA_RESTART|SA_SIGINFO
SIGILL: [libjvm.so+0xde5f50], sa_mask[0]=11111111011111111101111111111110, sa_flags=SA_RESTART|SA_SIGINFO
SIGUSR2: [libjvm.so+0xbba450], sa_mask[0]=00100000000000000000000000000000, sa_flags=SA_RESTART|SA_SIGINFO
SIGHUP: SIG_DFL, sa_mask[0]=00000000000000000000000000000000, sa_flags=none
SIGINT: SIG_DFL, sa_mask[0]=00000000000000000000000000000000, sa_flags=none
SIGTERM: SIG_DFL, sa_mask[0]=00000000000000000000000000000000, sa_flags=none
SIGQUIT: SIG_DFL, sa_mask[0]=00000000000000000000000000000000, sa_flags=none


---------------  S Y S T E M  ---------------

OS:DISTRIB_ID=Ubuntu
DISTRIB_RELEASE=18.04
DISTRIB_CODENAME=bionic
DISTRIB_DESCRIPTION="Ubuntu 18.04.3 LTS"
uname:Linux 4.15.0-66-generic #75-Ubuntu SMP Tue Oct 1 05:24:09 UTC 2019 x86_64
libc:glibc 2.27 NPTL 2.27 
rlimit: STACK 8192k, CORE 0k, NPROC 64043, NOFILE 4096, AS infinity, DATA infinity, FSIZE infinity
load average:1.58 0.93 0.56

/proc/meminfo:
MemTotal:       16425180 kB
MemFree:          719080 kB
MemAvailable:    3204028 kB
Buffers:          334528 kB
Cached:          2395228 kB
SwapCached:            0 kB
Active:         14486248 kB
Inactive:         761228 kB
Active(anon):   12519464 kB
Inactive(anon):   105656 kB
Active(file):    1966784 kB
Inactive(file):   655572 kB
Unevictable:          80 kB
Mlocked:              80 kB
SwapTotal:             0 kB
SwapFree:              0 kB
Dirty:               892 kB
Writeback:             0 kB
AnonPages:      12517872 kB
Mapped:           589708 kB
Shmem:            107492 kB
Slab:             304716 kB
SReclaimable:     197232 kB
SUnreclaim:       107484 kB
KernelStack:       18192 kB
PageTables:        75128 kB
NFS_Unstable:          0 kB
Bounce:                0 kB
WritebackTmp:          0 kB
CommitLimit:     8212588 kB
Committed_AS:   18427852 kB
VmallocTotal:   34359738367 kB
VmallocUsed:           0 kB
VmallocChunk:          0 kB
HardwareCorrupted:     0 kB
AnonHugePages:     83968 kB
ShmemHugePages:        0 kB
ShmemPmdMapped:        0 kB
CmaTotal:              0 kB
CmaFree:               0 kB
HugePages_Total:       0
HugePages_Free:        0
HugePages_Rsvd:        0
HugePages_Surp:        0
Hugepagesize:       2048 kB
DirectMap4k:      274412 kB
DirectMap2M:    14405632 kB
DirectMap1G:     2097152 kB


/proc/sys/kernel/threads-max (system-wide limit on the number of threads):
128087


/proc/sys/vm/max_map_count (maximum number of memory map areas a process may have):
65530


/proc/sys/kernel/pid_max (system-wide limit on number of process identifiers):
32768



container (cgroup) information:
container_type: cgroupv1
cpu_cpuset_cpus: 0-5
cpu_memory_nodes: 0
active_processor_count: 6
cpu_quota: -1
cpu_period: 100000
cpu_shares: -1
memory_limit_in_bytes: -1
memory_and_swap_limit_in_bytes: -2
memory_soft_limit_in_bytes: -1
memory_usage_in_bytes: 14068572160
memory_max_usage_in_bytes: 14692552704

Steal ticks since vm start: 0
Steal ticks percentage since vm start:  0.000

CPU:total 6 (initial active 6) (1 cores per cpu, 1 threads per core) family 6 model 85 stepping 4, cmov, cx8, fxsr, mmx, sse, sse2, sse3, ssse3, sse4.1, sse4.2, popcnt, avx, avx2, aes, clmul, erms, rtm, 3dnowpref, lzcnt, tsc, bmi1, bmi2, adx, evex, fma
CPU Model and flags from /proc/cpuinfo:
model name	: Intel(R) Xeon(R) Gold 6140 CPU @ 2.30GHz
flags		: fpu vme de pse tsc msr pae mce cx8 apic sep mtrr pge mca cmov pat pse36 clflush mmx fxsr sse sse2 ss syscall nx pdpe1gb rdtscp lm constant_tsc arch_perfmon rep_good nopl cpuid tsc_known_freq pni pclmulqdq vmx ssse3 fma cx16 pcid sse4_1 sse4_2 x2apic movbe popcnt tsc_deadline_timer aes xsave avx f16c rdrand hypervisor lahf_lm abm 3dnowprefetch cpuid_fault invpcid_single pti ssbd ibrs ibpb tpr_shadow vnmi flexpriority ept vpid fsgsbase tsc_adjust bmi1 hle avx2 smep bmi2 erms invpcid rtm mpx avx512f avx512dq rdseed adx smap clflushopt clwb avx512cd avx512bw avx512vl xsaveopt xsavec xgetbv1 xsaves pku ospke md_clear

Memory: 4k page, physical 16425180k(719080k free), swap 0k(0k free)

vm_info: OpenJDK 64-Bit Server VM (11.0.4+11-post-Ubuntu-1ubuntu218.04.3) for linux-amd64 JRE (11.0.4+11-post-Ubuntu-1ubuntu218.04.3), built on Jul 18 2019 18:21:46 by "buildd" with gcc 7.4.0

END.
