#
# There is insufficient memory for the Java Runtime Environment to continue.
# Native memory allocation (mmap) failed to map 8589934592 bytes for committing reserved memory.
# Possible reasons:
#   The system is out of physical RAM or swap space
# Possible solutions:
#   Reduce memory load on the system
#   Increase physical memory or swap space
#   Check if swap backing store is full
#   Decrease Java heap size (-Xmx/-Xms)
#   Decrease number of Java threads
#   Decrease Java thread stack sizes (-Xss)
#   Set larger code cache with -XX:ReservedCodeCacheSize=
# This output file may be truncated or incomplete.
#
#  Out of Memory Error (os_linux.cpp:2893), pid=12241, tid=12243
#
# JRE version:  (11.0.4+11) (build )
# Java VM: OpenJDK 64-Bit Server VM (11.0.4+11-post-Ubuntu-1ubuntu218.04.3, mixed mode, aot, tiered, g1 gc, linux-amd64)
# Core dump will be written. Default location: Core dumps may be processed with "/usr/share/apport/apport %p %s %c %d %P" (or dumping to /root/Desktop/Guidewire/WS_CC/modules/configuration/core.12241)
#

---------------  S U M M A R Y ------------

Command Line: -Dapplication.home=/usr/lib/jvm/java-11-openjdk-amd64 --add-modules=ALL-DEFAULT -Xms8m -Xms8g -Xmx32g -Djdk.module.main=jdk.compiler jdk.compiler/com.sun.tools.javac.Main @/root/Desktop/Guidewire/WS_CC/modules/configuration/build/tmp/compileJava/java-compiler-args.txt

Host: Intel(R) Xeon(R) Gold 6140 CPU @ 2.30GHz, 6 cores, 15G, Ubuntu 18.04.3 LTS
Time: Wed Oct 30 13:45:49 2019 UTC elapsed time: 0 seconds (0d 0h 0m 0s)

---------------  T H R E A D  ---------------

Current thread (0x00007fd63c012000):  JavaThread "Unknown thread" [_thread_in_vm, id=12243, stack(0x00007fd6438e7000,0x00007fd6439e8000)]

Stack: [0x00007fd6438e7000,0x00007fd6439e8000],  sp=0x00007fd6439e62c0,  free space=1020k
Native frames: (J=compiled Java code, A=aot compiled Java code, j=interpreted, Vv=VM code, C=native code)
V  [libjvm.so+0xde4547]
V  [libjvm.so+0xde519b]
V  [libjvm.so+0x6511a5]
V  [libjvm.so+0xbbed38]
V  [libjvm.so+0xbb5ebd]
V  [libjvm.so+0x76f53f]
V  [libjvm.so+0x76f7ae]
V  [libjvm.so+0x77b820]
V  [libjvm.so+0x7f6969]
V  [libjvm.so+0x7f75c2]
V  [libjvm.so+0x7f7a29]
V  [libjvm.so+0x72de6f]
V  [libjvm.so+0x72e55d]
V  [libjvm.so+0xd9ea32]
V  [libjvm.so+0xd9ecc6]
V  [libjvm.so+0x80f907]
V  [libjvm.so+0xd7d627]
V  [libjvm.so+0x8c8611]  JNI_CreateJavaVM+0x51
C  [libjli.so+0x4a66]
C  [libjli.so+0x92cd]


---------------  P R O C E S S  ---------------

Threads class SMR info:
_java_thread_list=0x000055f9964bcf60, length=0, elements={
}

Java Threads: ( => current thread )

Other Threads:
  0x00007fd63c028800 GCTaskThread "GC Thread#0" [stack: 0x00007fd62414b000,0x00007fd62424b000] [id=12246]
  0x00007fd63c06b000 ConcurrentGCThread "G1 Main Marker" [stack: 0x00007fcdd3700000,0x00007fcdd3800000] [id=12248]
  0x00007fd63c06c800 ConcurrentGCThread "G1 Conc#0" [stack: 0x00007fcdd35fe000,0x00007fcdd36fe000] [id=12249]

[error occurred during error reporting (printing all threads), id 0xb, SIGSEGV (0xb) at pc=0x00007fd641ec8040]

VM state:not at safepoint (not fully initialized)

VM Mutex/Monitor currently owned by a thread:  ([mutex/lock_event])
[0x00007fd63c00e750] Heap_lock - owner thread: 0x00007fd63c012000

GC Heap History (0 events):
No events

Deoptimization events (0 events):
No events

Classes redefined (0 events):
No events

Internal exceptions (0 events):
No events

Events (0 events):
No events


Dynamic libraries:
55f9944b2000-55f9944b4000 r-xp 00000000 fc:01 4130203                    /usr/lib/jvm/java-11-openjdk-amd64/bin/javac
55f9946b3000-55f9946b4000 r--p 00001000 fc:01 4130203                    /usr/lib/jvm/java-11-openjdk-amd64/bin/javac
55f9946b4000-55f9946b5000 rw-p 00002000 fc:01 4130203                    /usr/lib/jvm/java-11-openjdk-amd64/bin/javac
55f9964a5000-55f9964c6000 rw-p 00000000 00:00 0                          [heap]
7fcdc4000000-7fcdc4021000 rw-p 00000000 00:00 0 
7fcdc4021000-7fcdc8000000 ---p 00000000 00:00 0 
7fcdcc000000-7fcdcc021000 rw-p 00000000 00:00 0 
7fcdcc021000-7fcdd0000000 ---p 00000000 00:00 0 
7fcdd0ff6000-7fcdd35fc000 rw-p 00000000 00:00 0 
7fcdd35fc000-7fcdd35fd000 ---p 00000000 00:00 0 
7fcdd35fd000-7fcdd36fe000 rw-p 00000000 00:00 0 
7fcdd36fe000-7fcdd36ff000 ---p 00000000 00:00 0 
7fcdd36ff000-7fcdd3800000 rw-p 00000000 00:00 0 
7fcdd3800000-7fce1f800000 ---p 00000000 00:00 0 
7fd01f800000-7fd61f800000 ---p 00000000 00:00 0 
7fd61f8f1000-7fd620000000 rw-p 00000000 00:00 0 
7fd620000000-7fd620021000 rw-p 00000000 00:00 0 
7fd620021000-7fd624000000 ---p 00000000 00:00 0 
7fd624048000-7fd624149000 rw-p 00000000 00:00 0 
7fd624149000-7fd62414a000 ---p 00000000 00:00 0 
7fd62414a000-7fd624250000 rw-p 00000000 00:00 0 
7fd624250000-7fd624336000 ---p 00000000 00:00 0 
7fd624336000-7fd6245a6000 rwxp 00000000 00:00 0 
7fd6245a6000-7fd6248c6000 ---p 00000000 00:00 0 
7fd6248c6000-7fd624b36000 rwxp 00000000 00:00 0 
7fd624b36000-7fd62bdfe000 ---p 00000000 00:00 0 
7fd62bdfe000-7fd62c06e000 rwxp 00000000 00:00 0 
7fd62c06e000-7fd633336000 ---p 00000000 00:00 0 
7fd633336000-7fd63b9e0000 r--s 00000000 fc:01 4129720                    /usr/lib/jvm/java-11-openjdk-amd64/lib/modules
7fd63b9e0000-7fd63b9e5000 r-xp 00000000 fc:01 4129702                    /usr/lib/jvm/java-11-openjdk-amd64/lib/libjimage.so
7fd63b9e5000-7fd63bbe4000 ---p 00005000 fc:01 4129702                    /usr/lib/jvm/java-11-openjdk-amd64/lib/libjimage.so
7fd63bbe4000-7fd63bbe5000 r--p 00004000 fc:01 4129702                    /usr/lib/jvm/java-11-openjdk-amd64/lib/libjimage.so
7fd63bbe5000-7fd63bbe6000 rw-p 00005000 fc:01 4129702                    /usr/lib/jvm/java-11-openjdk-amd64/lib/libjimage.so
7fd63bbe6000-7fd63bbed000 r-xp 00000000 fc:01 4129719                    /usr/lib/jvm/java-11-openjdk-amd64/lib/libzip.so
7fd63bbed000-7fd63bdec000 ---p 00007000 fc:01 4129719                    /usr/lib/jvm/java-11-openjdk-amd64/lib/libzip.so
7fd63bdec000-7fd63bded000 r--p 00006000 fc:01 4129719                    /usr/lib/jvm/java-11-openjdk-amd64/lib/libzip.so
7fd63bded000-7fd63bdee000 rw-p 00007000 fc:01 4129719                    /usr/lib/jvm/java-11-openjdk-amd64/lib/libzip.so
7fd63bdee000-7fd63bdf9000 r-xp 00000000 fc:01 2093                       /lib/x86_64-linux-gnu/libnss_files-2.27.so
7fd63bdf9000-7fd63bff8000 ---p 0000b000 fc:01 2093                       /lib/x86_64-linux-gnu/libnss_files-2.27.so
7fd63bff8000-7fd63bff9000 r--p 0000a000 fc:01 2093                       /lib/x86_64-linux-gnu/libnss_files-2.27.so
7fd63bff9000-7fd63bffa000 rw-p 0000b000 fc:01 2093                       /lib/x86_64-linux-gnu/libnss_files-2.27.so
7fd63bffa000-7fd63c000000 rw-p 00000000 00:00 0 
7fd63c000000-7fd63c090000 rw-p 00000000 00:00 0 
7fd63c090000-7fd640000000 ---p 00000000 00:00 0 
7fd6400e5000-7fd6400ea000 rw-p 00000000 00:00 0 
7fd6400ea000-7fd6401d0000 ---p 00000000 00:00 0 
7fd6401d0000-7fd6401e7000 r-xp 00000000 fc:01 2090                       /lib/x86_64-linux-gnu/libnsl-2.27.so
7fd6401e7000-7fd6403e6000 ---p 00017000 fc:01 2090                       /lib/x86_64-linux-gnu/libnsl-2.27.so
7fd6403e6000-7fd6403e7000 r--p 00016000 fc:01 2090                       /lib/x86_64-linux-gnu/libnsl-2.27.so
7fd6403e7000-7fd6403e8000 rw-p 00017000 fc:01 2090                       /lib/x86_64-linux-gnu/libnsl-2.27.so
7fd6403e8000-7fd6403ea000 rw-p 00000000 00:00 0 
7fd6403ea000-7fd6403f5000 r-xp 00000000 fc:01 2095                       /lib/x86_64-linux-gnu/libnss_nis-2.27.so
7fd6403f5000-7fd6405f4000 ---p 0000b000 fc:01 2095                       /lib/x86_64-linux-gnu/libnss_nis-2.27.so
7fd6405f4000-7fd6405f5000 r--p 0000a000 fc:01 2095                       /lib/x86_64-linux-gnu/libnss_nis-2.27.so
7fd6405f5000-7fd6405f6000 rw-p 0000b000 fc:01 2095                       /lib/x86_64-linux-gnu/libnss_nis-2.27.so
7fd6405f6000-7fd6405fe000 r-xp 00000000 fc:01 2091                       /lib/x86_64-linux-gnu/libnss_compat-2.27.so
7fd6405fe000-7fd6407fe000 ---p 00008000 fc:01 2091                       /lib/x86_64-linux-gnu/libnss_compat-2.27.so
7fd6407fe000-7fd6407ff000 r--p 00008000 fc:01 2091                       /lib/x86_64-linux-gnu/libnss_compat-2.27.so
7fd6407ff000-7fd640800000 rw-p 00009000 fc:01 2091                       /lib/x86_64-linux-gnu/libnss_compat-2.27.so
7fd640800000-7fd640829000 r-xp 00000000 fc:01 4129698                    /usr/lib/jvm/java-11-openjdk-amd64/lib/libjava.so
7fd640829000-7fd640a28000 ---p 00029000 fc:01 4129698                    /usr/lib/jvm/java-11-openjdk-amd64/lib/libjava.so
7fd640a28000-7fd640a29000 r--p 00028000 fc:01 4129698                    /usr/lib/jvm/java-11-openjdk-amd64/lib/libjava.so
7fd640a29000-7fd640a2b000 rw-p 00029000 fc:01 4129698                    /usr/lib/jvm/java-11-openjdk-amd64/lib/libjava.so
7fd640a2b000-7fd640a38000 r-xp 00000000 fc:01 4129718                    /usr/lib/jvm/java-11-openjdk-amd64/lib/libverify.so
7fd640a38000-7fd640c37000 ---p 0000d000 fc:01 4129718                    /usr/lib/jvm/java-11-openjdk-amd64/lib/libverify.so
7fd640c37000-7fd640c39000 r--p 0000c000 fc:01 4129718                    /usr/lib/jvm/java-11-openjdk-amd64/lib/libverify.so
7fd640c39000-7fd640c3a000 rw-p 0000e000 fc:01 4129718                    /usr/lib/jvm/java-11-openjdk-amd64/lib/libverify.so
7fd640c3a000-7fd640c41000 r-xp 00000000 fc:01 2180                       /lib/x86_64-linux-gnu/librt-2.27.so
7fd640c41000-7fd640e40000 ---p 00007000 fc:01 2180                       /lib/x86_64-linux-gnu/librt-2.27.so
7fd640e40000-7fd640e41000 r--p 00006000 fc:01 2180                       /lib/x86_64-linux-gnu/librt-2.27.so
7fd640e41000-7fd640e42000 rw-p 00007000 fc:01 2180                       /lib/x86_64-linux-gnu/librt-2.27.so
7fd640e42000-7fd640e59000 r-xp 00000000 fc:01 2096                       /lib/x86_64-linux-gnu/libgcc_s.so.1
7fd640e59000-7fd641058000 ---p 00017000 fc:01 2096                       /lib/x86_64-linux-gnu/libgcc_s.so.1
7fd641058000-7fd641059000 r--p 00016000 fc:01 2096                       /lib/x86_64-linux-gnu/libgcc_s.so.1
7fd641059000-7fd64105a000 rw-p 00017000 fc:01 2096                       /lib/x86_64-linux-gnu/libgcc_s.so.1
7fd64105a000-7fd6411f7000 r-xp 00000000 fc:01 2087                       /lib/x86_64-linux-gnu/libm-2.27.so
7fd6411f7000-7fd6413f6000 ---p 0019d000 fc:01 2087                       /lib/x86_64-linux-gnu/libm-2.27.so
7fd6413f6000-7fd6413f7000 r--p 0019c000 fc:01 2087                       /lib/x86_64-linux-gnu/libm-2.27.so
7fd6413f7000-7fd6413f8000 rw-p 0019d000 fc:01 2087                       /lib/x86_64-linux-gnu/libm-2.27.so
7fd6413f8000-7fd641571000 r-xp 00000000 fc:01 5016                       /usr/lib/x86_64-linux-gnu/libstdc++.so.6.0.25
7fd641571000-7fd641771000 ---p 00179000 fc:01 5016                       /usr/lib/x86_64-linux-gnu/libstdc++.so.6.0.25
7fd641771000-7fd64177b000 r--p 00179000 fc:01 5016                       /usr/lib/x86_64-linux-gnu/libstdc++.so.6.0.25
7fd64177b000-7fd64177d000 rw-p 00183000 fc:01 5016                       /usr/lib/x86_64-linux-gnu/libstdc++.so.6.0.25
7fd64177d000-7fd641781000 rw-p 00000000 00:00 0 
7fd641781000-7fd64284d000 r-xp 00000000 fc:01 4129725                    /usr/lib/jvm/java-11-openjdk-amd64/lib/server/libjvm.so
7fd64284d000-7fd642a4c000 ---p 010cc000 fc:01 4129725                    /usr/lib/jvm/java-11-openjdk-amd64/lib/server/libjvm.so
7fd642a4c000-7fd642b09000 r--p 010cb000 fc:01 4129725                    /usr/lib/jvm/java-11-openjdk-amd64/lib/server/libjvm.so
7fd642b09000-7fd642b42000 rw-p 01188000 fc:01 4129725                    /usr/lib/jvm/java-11-openjdk-amd64/lib/server/libjvm.so
7fd642b42000-7fd642b98000 rw-p 00000000 00:00 0 
7fd642b98000-7fd642bb2000 r-xp 00000000 fc:01 2178                       /lib/x86_64-linux-gnu/libpthread-2.27.so
7fd642bb2000-7fd642db1000 ---p 0001a000 fc:01 2178                       /lib/x86_64-linux-gnu/libpthread-2.27.so
7fd642db1000-7fd642db2000 r--p 00019000 fc:01 2178                       /lib/x86_64-linux-gnu/libpthread-2.27.so
7fd642db2000-7fd642db3000 rw-p 0001a000 fc:01 2178                       /lib/x86_64-linux-gnu/libpthread-2.27.so
7fd642db3000-7fd642db7000 rw-p 00000000 00:00 0 
7fd642db7000-7fd642dba000 r-xp 00000000 fc:01 2086                       /lib/x86_64-linux-gnu/libdl-2.27.so
7fd642dba000-7fd642fb9000 ---p 00003000 fc:01 2086                       /lib/x86_64-linux-gnu/libdl-2.27.so
7fd642fb9000-7fd642fba000 r--p 00002000 fc:01 2086                       /lib/x86_64-linux-gnu/libdl-2.27.so
7fd642fba000-7fd642fbb000 rw-p 00003000 fc:01 2086                       /lib/x86_64-linux-gnu/libdl-2.27.so
7fd642fbb000-7fd642fd7000 r-xp 00000000 fc:01 2183                       /lib/x86_64-linux-gnu/libz.so.1.2.11
7fd642fd7000-7fd6431d6000 ---p 0001c000 fc:01 2183                       /lib/x86_64-linux-gnu/libz.so.1.2.11
7fd6431d6000-7fd6431d7000 r--p 0001b000 fc:01 2183                       /lib/x86_64-linux-gnu/libz.so.1.2.11
7fd6431d7000-7fd6431d8000 rw-p 0001c000 fc:01 2183                       /lib/x86_64-linux-gnu/libz.so.1.2.11
7fd6431d8000-7fd6433bf000 r-xp 00000000 fc:01 2083                       /lib/x86_64-linux-gnu/libc-2.27.so
7fd6433bf000-7fd6435bf000 ---p 001e7000 fc:01 2083                       /lib/x86_64-linux-gnu/libc-2.27.so
7fd6435bf000-7fd6435c3000 r--p 001e7000 fc:01 2083                       /lib/x86_64-linux-gnu/libc-2.27.so
7fd6435c3000-7fd6435c5000 rw-p 001eb000 fc:01 2083                       /lib/x86_64-linux-gnu/libc-2.27.so
7fd6435c5000-7fd6435c9000 rw-p 00000000 00:00 0 
7fd6435c9000-7fd6435d9000 r-xp 00000000 fc:01 4129682                    /usr/lib/jvm/java-11-openjdk-amd64/lib/jli/libjli.so
7fd6435d9000-7fd6437d8000 ---p 00010000 fc:01 4129682                    /usr/lib/jvm/java-11-openjdk-amd64/lib/jli/libjli.so
7fd6437d8000-7fd6437d9000 r--p 0000f000 fc:01 4129682                    /usr/lib/jvm/java-11-openjdk-amd64/lib/jli/libjli.so
7fd6437d9000-7fd6437da000 rw-p 00010000 fc:01 4129682                    /usr/lib/jvm/java-11-openjdk-amd64/lib/jli/libjli.so
7fd6437da000-7fd643801000 r-xp 00000000 fc:01 2079                       /lib/x86_64-linux-gnu/ld-2.27.so
7fd6438db000-7fd6438e0000 rw-p 00000000 00:00 0 
7fd6438e0000-7fd6438e7000 ---p 00000000 00:00 0 
7fd6438e7000-7fd6438eb000 ---p 00000000 00:00 0 
7fd6438eb000-7fd6439ea000 rw-p 00000000 00:00 0 
7fd6439f3000-7fd6439f5000 r--s 00007000 fc:01 77498                      /usr/share/java/java-atk-wrapper.jar
7fd6439f5000-7fd6439fd000 rw-s 00000000 fc:01 2594659                    /tmp/hsperfdata_root/12241
7fd6439fd000-7fd6439fe000 ---p 00000000 00:00 0 
7fd6439fe000-7fd6439ff000 r--p 00000000 00:00 0 
7fd6439ff000-7fd643a01000 rw-p 00000000 00:00 0 
7fd643a01000-7fd643a02000 r--p 00027000 fc:01 2079                       /lib/x86_64-linux-gnu/ld-2.27.so
7fd643a02000-7fd643a03000 rw-p 00028000 fc:01 2079                       /lib/x86_64-linux-gnu/ld-2.27.so
7fd643a03000-7fd643a04000 rw-p 00000000 00:00 0 
7ffc3fbb1000-7ffc3fbd2000 rw-p 00000000 00:00 0                          [stack]
7ffc3fbf5000-7ffc3fbf8000 r--p 00000000 00:00 0                          [vvar]
7ffc3fbf8000-7ffc3fbfa000 r-xp 00000000 00:00 0                          [vdso]
ffffffffff600000-ffffffffff601000 r-xp 00000000 00:00 0                  [vsyscall]


VM Arguments:
jvm_args: -Dapplication.home=/usr/lib/jvm/java-11-openjdk-amd64 --add-modules=ALL-DEFAULT -Xms8m -Xms8g -Xmx32g -Djdk.module.main=jdk.compiler 
java_command: jdk.compiler/com.sun.tools.javac.Main @/root/Desktop/Guidewire/WS_CC/modules/configuration/build/tmp/compileJava/java-compiler-args.txt
java_class_path (initial): <not set>
Launcher Type: SUN_STANDARD

[Global flags]
     intx CICompilerCount                          = 3                                         {product} {ergonomic}
     uint ConcGCThreads                            = 2                                         {product} {ergonomic}
     uint G1ConcRefinementThreads                  = 6                                         {product} {ergonomic}
   size_t G1HeapRegionSize                         = 8388608                                   {product} {ergonomic}
    uintx GCDrainStackTargetSize                   = 64                                        {product} {ergonomic}
   size_t InitialHeapSize                          = 8589934592                                {product} {command line}
   size_t MarkStackSize                            = 4194304                                   {product} {ergonomic}
   size_t MaxHeapSize                              = 34359738368                               {product} {command line}
   size_t MinHeapDeltaBytes                        = 8388608                                   {product} {ergonomic}
    uintx NonNMethodCodeHeapSize                   = 5830092                                {pd product} {ergonomic}
    uintx NonProfiledCodeHeapSize                  = 122914074                              {pd product} {ergonomic}
    uintx ProfiledCodeHeapSize                     = 122914074                              {pd product} {ergonomic}
    uintx ReservedCodeCacheSize                    = 251658240                              {pd product} {ergonomic}
     bool SegmentedCodeCache                       = true                                      {product} {ergonomic}
     bool UseG1GC                                  = true                                      {product} {ergonomic}

Logging:
Log output configuration:
 #0: stdout all=warning uptime,level,tags
 #1: stderr all=off uptime,level,tags

Environment Variables:
JAVA_HOME=/usr
PATH=/opt/tomcat/apache-tomcat-8.5.47/bin:/root/Desktop/Guidewire/apache-ant-1.9.13/bin:/usr/bin:/sbin:/bin:/usr/bin:/usr/local/bin:/snap/bin:/opt/mssql-tools/bin
SHELL=/bin/bash
DISPLAY=:10.0

Signal Handlers:
SIGSEGV: [libjvm.so+0xde5f50], sa_mask[0]=11111111011111111101111111111110, sa_flags=SA_RESTART|SA_SIGINFO
SIGBUS: [libjvm.so+0xde5f50], sa_mask[0]=11111111011111111101111111111110, sa_flags=SA_RESTART|SA_SIGINFO
SIGFPE: [libjvm.so+0xde5f50], sa_mask[0]=11111111011111111101111111111110, sa_flags=SA_RESTART|SA_SIGINFO
SIGPIPE: [libjvm.so+0xbba5b0], sa_mask[0]=11111111011111111101111111111110, sa_flags=SA_RESTART|SA_SIGINFO
SIGXFSZ: [libjvm.so+0xbba5b0], sa_mask[0]=11111111011111111101111111111110, sa_flags=SA_RESTART|SA_SIGINFO
SIGILL: [libjvm.so+0xde5f50], sa_mask[0]=11111111011111111101111111111110, sa_flags=SA_RESTART|SA_SIGINFO
SIGUSR2: [libjvm.so+0xbba450], sa_mask[0]=00100000000000000000000000000000, sa_flags=SA_RESTART|SA_SIGINFO
SIGHUP: SIG_DFL, sa_mask[0]=00000000000000000000000000000000, sa_flags=none
SIGINT: SIG_DFL, sa_mask[0]=00000000000000000000000000000000, sa_flags=none
SIGTERM: SIG_DFL, sa_mask[0]=00000000000000000000000000000000, sa_flags=none
SIGQUIT: SIG_DFL, sa_mask[0]=00000000000000000000000000000000, sa_flags=none


---------------  S Y S T E M  ---------------

OS:DISTRIB_ID=Ubuntu
DISTRIB_RELEASE=18.04
DISTRIB_CODENAME=bionic
DISTRIB_DESCRIPTION="Ubuntu 18.04.3 LTS"
uname:Linux 4.15.0-66-generic #75-Ubuntu SMP Tue Oct 1 05:24:09 UTC 2019 x86_64
libc:glibc 2.27 NPTL 2.27 
rlimit: STACK 8192k, CORE 0k, NPROC 64043, NOFILE 4096, AS infinity, DATA infinity, FSIZE infinity
load average:1.28 0.96 0.78

/proc/meminfo:
MemTotal:       16425180 kB
MemFree:          268368 kB
MemAvailable:    2849404 kB
Buffers:          337600 kB
Cached:          2475540 kB
SwapCached:            0 kB
Active:         14872360 kB
Inactive:         807928 kB
Active(anon):   12869084 kB
Inactive(anon):   105812 kB
Active(file):    2003276 kB
Inactive(file):   702116 kB
Unevictable:          80 kB
Mlocked:              80 kB
SwapTotal:             0 kB
SwapFree:              0 kB
Dirty:              2524 kB
Writeback:             0 kB
AnonPages:      12867552 kB
Mapped:           599160 kB
Shmem:            107652 kB
Slab:             318100 kB
SReclaimable:     210108 kB
SUnreclaim:       107992 kB
KernelStack:       18704 kB
PageTables:        77612 kB
NFS_Unstable:          0 kB
Bounce:                0 kB
WritebackTmp:          0 kB
CommitLimit:     8212588 kB
Committed_AS:   19723388 kB
VmallocTotal:   34359738367 kB
VmallocUsed:           0 kB
VmallocChunk:          0 kB
HardwareCorrupted:     0 kB
AnonHugePages:     83968 kB
ShmemHugePages:        0 kB
ShmemPmdMapped:        0 kB
CmaTotal:              0 kB
CmaFree:               0 kB
HugePages_Total:       0
HugePages_Free:        0
HugePages_Rsvd:        0
HugePages_Surp:        0
Hugepagesize:       2048 kB
DirectMap4k:      274412 kB
DirectMap2M:    14405632 kB
DirectMap1G:     2097152 kB


/proc/sys/kernel/threads-max (system-wide limit on the number of threads):
128087


/proc/sys/vm/max_map_count (maximum number of memory map areas a process may have):
65530


/proc/sys/kernel/pid_max (system-wide limit on number of process identifiers):
32768



container (cgroup) information:
container_type: cgroupv1
cpu_cpuset_cpus: 0-5
cpu_memory_nodes: 0
active_processor_count: 6
cpu_quota: -1
cpu_period: 100000
cpu_shares: -1
memory_limit_in_bytes: -1
memory_and_swap_limit_in_bytes: -2
memory_soft_limit_in_bytes: -1
memory_usage_in_bytes: 14502473728
memory_max_usage_in_bytes: 14692552704

Steal ticks since vm start: 0
Steal ticks percentage since vm start:  0.000

CPU:total 6 (initial active 6) (1 cores per cpu, 1 threads per core) family 6 model 85 stepping 4, cmov, cx8, fxsr, mmx, sse, sse2, sse3, ssse3, sse4.1, sse4.2, popcnt, avx, avx2, aes, clmul, erms, rtm, 3dnowpref, lzcnt, tsc, bmi1, bmi2, adx, evex, fma
CPU Model and flags from /proc/cpuinfo:
model name	: Intel(R) Xeon(R) Gold 6140 CPU @ 2.30GHz
flags		: fpu vme de pse tsc msr pae mce cx8 apic sep mtrr pge mca cmov pat pse36 clflush mmx fxsr sse sse2 ss syscall nx pdpe1gb rdtscp lm constant_tsc arch_perfmon rep_good nopl cpuid tsc_known_freq pni pclmulqdq vmx ssse3 fma cx16 pcid sse4_1 sse4_2 x2apic movbe popcnt tsc_deadline_timer aes xsave avx f16c rdrand hypervisor lahf_lm abm 3dnowprefetch cpuid_fault invpcid_single pti ssbd ibrs ibpb tpr_shadow vnmi flexpriority ept vpid fsgsbase tsc_adjust bmi1 hle avx2 smep bmi2 erms invpcid rtm mpx avx512f avx512dq rdseed adx smap clflushopt clwb avx512cd avx512bw avx512vl xsaveopt xsavec xgetbv1 xsaves pku ospke md_clear

Memory: 4k page, physical 16425180k(268368k free), swap 0k(0k free)

vm_info: OpenJDK 64-Bit Server VM (11.0.4+11-post-Ubuntu-1ubuntu218.04.3) for linux-amd64 JRE (11.0.4+11-post-Ubuntu-1ubuntu218.04.3), built on Jul 18 2019 18:21:46 by "buildd" with gcc 7.4.0

END.
