#
# There is insufficient memory for the Java Runtime Environment to continue.
# Native memory allocation (mmap) failed to map 4294967296 bytes for committing reserved memory.
# Possible reasons:
#   The system is out of physical RAM or swap space
#   The process is running with CompressedOops enabled, and the Java Heap may be blocking the growth of the native heap
# Possible solutions:
#   Reduce memory load on the system
#   Increase physical memory or swap space
#   Check if swap backing store is full
#   Decrease Java heap size (-Xmx/-Xms)
#   Decrease number of Java threads
#   Decrease Java thread stack sizes (-Xss)
#   Set larger code cache with -XX:ReservedCodeCacheSize=
# This output file may be truncated or incomplete.
#
#  Out of Memory Error (os_linux.cpp:2893), pid=11249, tid=11251
#
# JRE version:  (11.0.4+11) (build )
# Java VM: OpenJDK 64-Bit Server VM (11.0.4+11-post-Ubuntu-1ubuntu218.04.3, mixed mode, aot, sharing, tiered, compressed oops, g1 gc, linux-amd64)
# Core dump will be written. Default location: Core dumps may be processed with "/usr/share/apport/apport %p %s %c %d %P" (or dumping to /root/Desktop/Guidewire/WS_CC/modules/configuration/core.11249)
#

---------------  S U M M A R Y ------------

Command Line: -Dapplication.home=/usr/lib/jvm/java-11-openjdk-amd64 --add-modules=ALL-DEFAULT -Xms8m -Xms4g -Xmx16g -Djdk.module.main=jdk.compiler jdk.compiler/com.sun.tools.javac.Main @/root/Desktop/Guidewire/WS_CC/modules/configuration/build/tmp/compileJava/java-compiler-args.txt

Host: Intel(R) Xeon(R) Gold 6140 CPU @ 2.30GHz, 6 cores, 15G, Ubuntu 18.04.3 LTS
Time: Wed Oct 30 13:33:12 2019 UTC elapsed time: 0 seconds (0d 0h 0m 0s)

---------------  T H R E A D  ---------------

Current thread (0x00007f0488012000):  JavaThread "Unknown thread" [_thread_in_vm, id=11251, stack(0x00007f048edf1000,0x00007f048eef2000)]

Stack: [0x00007f048edf1000,0x00007f048eef2000],  sp=0x00007f048eef02c0,  free space=1020k
Native frames: (J=compiled Java code, A=aot compiled Java code, j=interpreted, Vv=VM code, C=native code)
V  [libjvm.so+0xde4547]
V  [libjvm.so+0xde519b]
V  [libjvm.so+0x6511a5]
V  [libjvm.so+0xbbed38]
V  [libjvm.so+0xbb5ebd]
V  [libjvm.so+0x76f53f]
V  [libjvm.so+0x76f7ae]
V  [libjvm.so+0x77b820]
V  [libjvm.so+0x7f6969]
V  [libjvm.so+0x7f75c2]
V  [libjvm.so+0x7f7a29]
V  [libjvm.so+0x72de6f]
V  [libjvm.so+0x72e55d]
V  [libjvm.so+0xd9ea32]
V  [libjvm.so+0xd9ecc6]
V  [libjvm.so+0x80f907]
V  [libjvm.so+0xd7d627]
V  [libjvm.so+0x8c8611]  JNI_CreateJavaVM+0x51
C  [libjli.so+0x4a66]
C  [libjli.so+0x92cd]


---------------  P R O C E S S  ---------------

Threads class SMR info:
_java_thread_list=0x000055922fc60f60, length=0, elements={
}

Java Threads: ( => current thread )

Other Threads:
  0x00007f0488028800 GCTaskThread "GC Thread#0" [stack: 0x00007f046f6e1000,0x00007f046f7e1000] [id=11252]
  0x00007f0488066000 ConcurrentGCThread "G1 Main Marker" [stack: 0x00007f046ced0000,0x00007f046cfd0000] [id=11253]
  0x00007f0488067800 ConcurrentGCThread "G1 Conc#0" [stack: 0x00007f046cdce000,0x00007f046cece000] [id=11254]

[error occurred during error reporting (printing all threads), id 0xb, SIGSEGV (0xb) at pc=0x00007f048d3d2040]

VM state:not at safepoint (not fully initialized)

VM Mutex/Monitor currently owned by a thread:  ([mutex/lock_event])
[0x00007f048800e750] Heap_lock - owner thread: 0x00007f0488012000

Heap address: 0x0000000400000000, size: 16384 MB, Compressed Oops mode: Non-zero based: 0x0000000400000000
Narrow klass base: 0x0000000000000000, Narrow klass shift: 0

GC Heap History (0 events):
No events

Deoptimization events (0 events):
No events

Classes redefined (0 events):
No events

Internal exceptions (0 events):
No events

Events (0 events):
No events


Dynamic libraries:
500000000-800000000 ---p 00000000 00:00 0 
55922f96a000-55922f96c000 r-xp 00000000 fc:01 4130203                    /usr/lib/jvm/java-11-openjdk-amd64/bin/javac
55922fb6b000-55922fb6c000 r--p 00001000 fc:01 4130203                    /usr/lib/jvm/java-11-openjdk-amd64/bin/javac
55922fb6c000-55922fb6d000 rw-p 00002000 fc:01 4130203                    /usr/lib/jvm/java-11-openjdk-amd64/bin/javac
55922fc49000-55922fc6a000 rw-p 00000000 00:00 0                          [heap]
7f043a000000-7f043c000000 rw-p 00000000 00:00 0 
7f043c000000-7f043c021000 rw-p 00000000 00:00 0 
7f043c021000-7f0440000000 ---p 00000000 00:00 0 
7f0440000000-7f0440021000 rw-p 00000000 00:00 0 
7f0440021000-7f0468000000 ---p 00000000 00:00 0 
7f0468000000-7f0468021000 rw-p 00000000 00:00 0 
7f0468021000-7f046c000000 ---p 00000000 00:00 0 
7f046c7c6000-7f046cdcc000 rw-p 00000000 00:00 0 
7f046cdcc000-7f046cdcd000 ---p 00000000 00:00 0 
7f046cdcd000-7f046cece000 rw-p 00000000 00:00 0 
7f046cece000-7f046cecf000 ---p 00000000 00:00 0 
7f046cecf000-7f046d0d9000 rw-p 00000000 00:00 0 
7f046d0d9000-7f046f0d9000 ---p 00000000 00:00 0 
7f046f0d9000-7f046f6df000 rw-p 00000000 00:00 0 
7f046f6df000-7f046f6e0000 ---p 00000000 00:00 0 
7f046f6e0000-7f046f7e6000 rw-p 00000000 00:00 0 
7f046f7e6000-7f046f8cc000 ---p 00000000 00:00 0 
7f046f8cc000-7f046fb3c000 rwxp 00000000 00:00 0 
7f046fb3c000-7f046fe5c000 ---p 00000000 00:00 0 
7f046fe5c000-7f04700cc000 rwxp 00000000 00:00 0 
7f04700cc000-7f0477394000 ---p 00000000 00:00 0 
7f0477394000-7f0477604000 rwxp 00000000 00:00 0 
7f0477604000-7f047e8cc000 ---p 00000000 00:00 0 
7f047e8cc000-7f0486f76000 r--s 00000000 fc:01 4129720                    /usr/lib/jvm/java-11-openjdk-amd64/lib/modules
7f0486f76000-7f0486f7b000 r-xp 00000000 fc:01 4129702                    /usr/lib/jvm/java-11-openjdk-amd64/lib/libjimage.so
7f0486f7b000-7f048717a000 ---p 00005000 fc:01 4129702                    /usr/lib/jvm/java-11-openjdk-amd64/lib/libjimage.so
7f048717a000-7f048717b000 r--p 00004000 fc:01 4129702                    /usr/lib/jvm/java-11-openjdk-amd64/lib/libjimage.so
7f048717b000-7f048717c000 rw-p 00005000 fc:01 4129702                    /usr/lib/jvm/java-11-openjdk-amd64/lib/libjimage.so
7f048717c000-7f0487183000 r-xp 00000000 fc:01 4129719                    /usr/lib/jvm/java-11-openjdk-amd64/lib/libzip.so
7f0487183000-7f0487382000 ---p 00007000 fc:01 4129719                    /usr/lib/jvm/java-11-openjdk-amd64/lib/libzip.so
7f0487382000-7f0487383000 r--p 00006000 fc:01 4129719                    /usr/lib/jvm/java-11-openjdk-amd64/lib/libzip.so
7f0487383000-7f0487384000 rw-p 00007000 fc:01 4129719                    /usr/lib/jvm/java-11-openjdk-amd64/lib/libzip.so
7f0487384000-7f048738f000 r-xp 00000000 fc:01 2093                       /lib/x86_64-linux-gnu/libnss_files-2.27.so
7f048738f000-7f048758e000 ---p 0000b000 fc:01 2093                       /lib/x86_64-linux-gnu/libnss_files-2.27.so
7f048758e000-7f048758f000 r--p 0000a000 fc:01 2093                       /lib/x86_64-linux-gnu/libnss_files-2.27.so
7f048758f000-7f0487590000 rw-p 0000b000 fc:01 2093                       /lib/x86_64-linux-gnu/libnss_files-2.27.so
7f0487590000-7f0487596000 rw-p 00000000 00:00 0 
7f0487596000-7f04875ad000 r-xp 00000000 fc:01 2090                       /lib/x86_64-linux-gnu/libnsl-2.27.so
7f04875ad000-7f04877ac000 ---p 00017000 fc:01 2090                       /lib/x86_64-linux-gnu/libnsl-2.27.so
7f04877ac000-7f04877ad000 r--p 00016000 fc:01 2090                       /lib/x86_64-linux-gnu/libnsl-2.27.so
7f04877ad000-7f04877ae000 rw-p 00017000 fc:01 2090                       /lib/x86_64-linux-gnu/libnsl-2.27.so
7f04877ae000-7f04877b0000 rw-p 00000000 00:00 0 
7f04877b0000-7f04877bb000 r-xp 00000000 fc:01 2095                       /lib/x86_64-linux-gnu/libnss_nis-2.27.so
7f04877bb000-7f04879ba000 ---p 0000b000 fc:01 2095                       /lib/x86_64-linux-gnu/libnss_nis-2.27.so
7f04879ba000-7f04879bb000 r--p 0000a000 fc:01 2095                       /lib/x86_64-linux-gnu/libnss_nis-2.27.so
7f04879bb000-7f04879bc000 rw-p 0000b000 fc:01 2095                       /lib/x86_64-linux-gnu/libnss_nis-2.27.so
7f04879bc000-7f04879c4000 r-xp 00000000 fc:01 2091                       /lib/x86_64-linux-gnu/libnss_compat-2.27.so
7f04879c4000-7f0487bc4000 ---p 00008000 fc:01 2091                       /lib/x86_64-linux-gnu/libnss_compat-2.27.so
7f0487bc4000-7f0487bc5000 r--p 00008000 fc:01 2091                       /lib/x86_64-linux-gnu/libnss_compat-2.27.so
7f0487bc5000-7f0487bc6000 rw-p 00009000 fc:01 2091                       /lib/x86_64-linux-gnu/libnss_compat-2.27.so
7f0487bc6000-7f0487bef000 r-xp 00000000 fc:01 4129698                    /usr/lib/jvm/java-11-openjdk-amd64/lib/libjava.so
7f0487bef000-7f0487dee000 ---p 00029000 fc:01 4129698                    /usr/lib/jvm/java-11-openjdk-amd64/lib/libjava.so
7f0487dee000-7f0487def000 r--p 00028000 fc:01 4129698                    /usr/lib/jvm/java-11-openjdk-amd64/lib/libjava.so
7f0487def000-7f0487df1000 rw-p 00029000 fc:01 4129698                    /usr/lib/jvm/java-11-openjdk-amd64/lib/libjava.so
7f0487df1000-7f0487dfe000 r-xp 00000000 fc:01 4129718                    /usr/lib/jvm/java-11-openjdk-amd64/lib/libverify.so
7f0487dfe000-7f0487ffd000 ---p 0000d000 fc:01 4129718                    /usr/lib/jvm/java-11-openjdk-amd64/lib/libverify.so
7f0487ffd000-7f0487fff000 r--p 0000c000 fc:01 4129718                    /usr/lib/jvm/java-11-openjdk-amd64/lib/libverify.so
7f0487fff000-7f0488000000 rw-p 0000e000 fc:01 4129718                    /usr/lib/jvm/java-11-openjdk-amd64/lib/libverify.so
7f0488000000-7f048808b000 rw-p 00000000 00:00 0 
7f048808b000-7f048c000000 ---p 00000000 00:00 0 
7f048c059000-7f048c05e000 rw-p 00000000 00:00 0 
7f048c05e000-7f048c144000 ---p 00000000 00:00 0 
7f048c144000-7f048c14b000 r-xp 00000000 fc:01 2180                       /lib/x86_64-linux-gnu/librt-2.27.so
7f048c14b000-7f048c34a000 ---p 00007000 fc:01 2180                       /lib/x86_64-linux-gnu/librt-2.27.so
7f048c34a000-7f048c34b000 r--p 00006000 fc:01 2180                       /lib/x86_64-linux-gnu/librt-2.27.so
7f048c34b000-7f048c34c000 rw-p 00007000 fc:01 2180                       /lib/x86_64-linux-gnu/librt-2.27.so
7f048c34c000-7f048c363000 r-xp 00000000 fc:01 2096                       /lib/x86_64-linux-gnu/libgcc_s.so.1
7f048c363000-7f048c562000 ---p 00017000 fc:01 2096                       /lib/x86_64-linux-gnu/libgcc_s.so.1
7f048c562000-7f048c563000 r--p 00016000 fc:01 2096                       /lib/x86_64-linux-gnu/libgcc_s.so.1
7f048c563000-7f048c564000 rw-p 00017000 fc:01 2096                       /lib/x86_64-linux-gnu/libgcc_s.so.1
7f048c564000-7f048c701000 r-xp 00000000 fc:01 2087                       /lib/x86_64-linux-gnu/libm-2.27.so
7f048c701000-7f048c900000 ---p 0019d000 fc:01 2087                       /lib/x86_64-linux-gnu/libm-2.27.so
7f048c900000-7f048c901000 r--p 0019c000 fc:01 2087                       /lib/x86_64-linux-gnu/libm-2.27.so
7f048c901000-7f048c902000 rw-p 0019d000 fc:01 2087                       /lib/x86_64-linux-gnu/libm-2.27.so
7f048c902000-7f048ca7b000 r-xp 00000000 fc:01 5016                       /usr/lib/x86_64-linux-gnu/libstdc++.so.6.0.25
7f048ca7b000-7f048cc7b000 ---p 00179000 fc:01 5016                       /usr/lib/x86_64-linux-gnu/libstdc++.so.6.0.25
7f048cc7b000-7f048cc85000 r--p 00179000 fc:01 5016                       /usr/lib/x86_64-linux-gnu/libstdc++.so.6.0.25
7f048cc85000-7f048cc87000 rw-p 00183000 fc:01 5016                       /usr/lib/x86_64-linux-gnu/libstdc++.so.6.0.25
7f048cc87000-7f048cc8b000 rw-p 00000000 00:00 0 
7f048cc8b000-7f048dd57000 r-xp 00000000 fc:01 4129725                    /usr/lib/jvm/java-11-openjdk-amd64/lib/server/libjvm.so
7f048dd57000-7f048df56000 ---p 010cc000 fc:01 4129725                    /usr/lib/jvm/java-11-openjdk-amd64/lib/server/libjvm.so
7f048df56000-7f048e013000 r--p 010cb000 fc:01 4129725                    /usr/lib/jvm/java-11-openjdk-amd64/lib/server/libjvm.so
7f048e013000-7f048e04c000 rw-p 01188000 fc:01 4129725                    /usr/lib/jvm/java-11-openjdk-amd64/lib/server/libjvm.so
7f048e04c000-7f048e0a2000 rw-p 00000000 00:00 0 
7f048e0a2000-7f048e0bc000 r-xp 00000000 fc:01 2178                       /lib/x86_64-linux-gnu/libpthread-2.27.so
7f048e0bc000-7f048e2bb000 ---p 0001a000 fc:01 2178                       /lib/x86_64-linux-gnu/libpthread-2.27.so
7f048e2bb000-7f048e2bc000 r--p 00019000 fc:01 2178                       /lib/x86_64-linux-gnu/libpthread-2.27.so
7f048e2bc000-7f048e2bd000 rw-p 0001a000 fc:01 2178                       /lib/x86_64-linux-gnu/libpthread-2.27.so
7f048e2bd000-7f048e2c1000 rw-p 00000000 00:00 0 
7f048e2c1000-7f048e2c4000 r-xp 00000000 fc:01 2086                       /lib/x86_64-linux-gnu/libdl-2.27.so
7f048e2c4000-7f048e4c3000 ---p 00003000 fc:01 2086                       /lib/x86_64-linux-gnu/libdl-2.27.so
7f048e4c3000-7f048e4c4000 r--p 00002000 fc:01 2086                       /lib/x86_64-linux-gnu/libdl-2.27.so
7f048e4c4000-7f048e4c5000 rw-p 00003000 fc:01 2086                       /lib/x86_64-linux-gnu/libdl-2.27.so
7f048e4c5000-7f048e4e1000 r-xp 00000000 fc:01 2183                       /lib/x86_64-linux-gnu/libz.so.1.2.11
7f048e4e1000-7f048e6e0000 ---p 0001c000 fc:01 2183                       /lib/x86_64-linux-gnu/libz.so.1.2.11
7f048e6e0000-7f048e6e1000 r--p 0001b000 fc:01 2183                       /lib/x86_64-linux-gnu/libz.so.1.2.11
7f048e6e1000-7f048e6e2000 rw-p 0001c000 fc:01 2183                       /lib/x86_64-linux-gnu/libz.so.1.2.11
7f048e6e2000-7f048e8c9000 r-xp 00000000 fc:01 2083                       /lib/x86_64-linux-gnu/libc-2.27.so
7f048e8c9000-7f048eac9000 ---p 001e7000 fc:01 2083                       /lib/x86_64-linux-gnu/libc-2.27.so
7f048eac9000-7f048eacd000 r--p 001e7000 fc:01 2083                       /lib/x86_64-linux-gnu/libc-2.27.so
7f048eacd000-7f048eacf000 rw-p 001eb000 fc:01 2083                       /lib/x86_64-linux-gnu/libc-2.27.so
7f048eacf000-7f048ead3000 rw-p 00000000 00:00 0 
7f048ead3000-7f048eae3000 r-xp 00000000 fc:01 4129682                    /usr/lib/jvm/java-11-openjdk-amd64/lib/jli/libjli.so
7f048eae3000-7f048ece2000 ---p 00010000 fc:01 4129682                    /usr/lib/jvm/java-11-openjdk-amd64/lib/jli/libjli.so
7f048ece2000-7f048ece3000 r--p 0000f000 fc:01 4129682                    /usr/lib/jvm/java-11-openjdk-amd64/lib/jli/libjli.so
7f048ece3000-7f048ece4000 rw-p 00010000 fc:01 4129682                    /usr/lib/jvm/java-11-openjdk-amd64/lib/jli/libjli.so
7f048ece4000-7f048ed0b000 r-xp 00000000 fc:01 2079                       /lib/x86_64-linux-gnu/ld-2.27.so
7f048ed64000-7f048edea000 rw-p 00000000 00:00 0 
7f048edea000-7f048edf1000 ---p 00000000 00:00 0 
7f048edf1000-7f048edf5000 ---p 00000000 00:00 0 
7f048edf5000-7f048eef4000 rw-p 00000000 00:00 0 
7f048eefd000-7f048eeff000 r--s 00007000 fc:01 77498                      /usr/share/java/java-atk-wrapper.jar
7f048eeff000-7f048ef07000 rw-s 00000000 fc:01 2594658                    /tmp/hsperfdata_root/11249
7f048ef07000-7f048ef08000 ---p 00000000 00:00 0 
7f048ef08000-7f048ef09000 r--p 00000000 00:00 0 
7f048ef09000-7f048ef0b000 rw-p 00000000 00:00 0 
7f048ef0b000-7f048ef0c000 r--p 00027000 fc:01 2079                       /lib/x86_64-linux-gnu/ld-2.27.so
7f048ef0c000-7f048ef0d000 rw-p 00028000 fc:01 2079                       /lib/x86_64-linux-gnu/ld-2.27.so
7f048ef0d000-7f048ef0e000 rw-p 00000000 00:00 0 
7fffbcff6000-7fffbd017000 rw-p 00000000 00:00 0                          [stack]
7fffbd01b000-7fffbd01e000 r--p 00000000 00:00 0                          [vvar]
7fffbd01e000-7fffbd020000 r-xp 00000000 00:00 0                          [vdso]
ffffffffff600000-ffffffffff601000 r-xp 00000000 00:00 0                  [vsyscall]


VM Arguments:
jvm_args: -Dapplication.home=/usr/lib/jvm/java-11-openjdk-amd64 --add-modules=ALL-DEFAULT -Xms8m -Xms4g -Xmx16g -Djdk.module.main=jdk.compiler 
java_command: jdk.compiler/com.sun.tools.javac.Main @/root/Desktop/Guidewire/WS_CC/modules/configuration/build/tmp/compileJava/java-compiler-args.txt
java_class_path (initial): <not set>
Launcher Type: SUN_STANDARD

[Global flags]
     intx CICompilerCount                          = 3                                         {product} {ergonomic}
     uint ConcGCThreads                            = 2                                         {product} {ergonomic}
     uint G1ConcRefinementThreads                  = 6                                         {product} {ergonomic}
   size_t G1HeapRegionSize                         = 4194304                                   {product} {ergonomic}
    uintx GCDrainStackTargetSize                   = 64                                        {product} {ergonomic}
   size_t InitialHeapSize                          = 4294967296                                {product} {command line}
   size_t MarkStackSize                            = 4194304                                   {product} {ergonomic}
   size_t MaxHeapSize                              = 17179869184                               {product} {command line}
   size_t MinHeapDeltaBytes                        = 4194304                                   {product} {ergonomic}
    uintx NonNMethodCodeHeapSize                   = 5830092                                {pd product} {ergonomic}
    uintx NonProfiledCodeHeapSize                  = 122914074                              {pd product} {ergonomic}
    uintx ProfiledCodeHeapSize                     = 122914074                              {pd product} {ergonomic}
    uintx ReservedCodeCacheSize                    = 251658240                              {pd product} {ergonomic}
     bool SegmentedCodeCache                       = true                                      {product} {ergonomic}
     bool UseCompressedClassPointers               = true                                 {lp64_product} {ergonomic}
     bool UseCompressedOops                        = true                                 {lp64_product} {ergonomic}
     bool UseG1GC                                  = true                                      {product} {ergonomic}

Logging:
Log output configuration:
 #0: stdout all=warning uptime,level,tags
 #1: stderr all=off uptime,level,tags

Environment Variables:
JAVA_HOME=/usr
PATH=/opt/tomcat/apache-tomcat-8.5.47/bin:/root/Desktop/Guidewire/apache-ant-1.9.13/bin:/usr/bin:/sbin:/bin:/usr/bin:/usr/local/bin:/snap/bin:/opt/mssql-tools/bin
SHELL=/bin/bash
DISPLAY=:10.0

Signal Handlers:
SIGSEGV: [libjvm.so+0xde5f50], sa_mask[0]=11111111011111111101111111111110, sa_flags=SA_RESTART|SA_SIGINFO
SIGBUS: [libjvm.so+0xde5f50], sa_mask[0]=11111111011111111101111111111110, sa_flags=SA_RESTART|SA_SIGINFO
SIGFPE: [libjvm.so+0xde5f50], sa_mask[0]=11111111011111111101111111111110, sa_flags=SA_RESTART|SA_SIGINFO
SIGPIPE: [libjvm.so+0xbba5b0], sa_mask[0]=11111111011111111101111111111110, sa_flags=SA_RESTART|SA_SIGINFO
SIGXFSZ: [libjvm.so+0xbba5b0], sa_mask[0]=11111111011111111101111111111110, sa_flags=SA_RESTART|SA_SIGINFO
SIGILL: [libjvm.so+0xde5f50], sa_mask[0]=11111111011111111101111111111110, sa_flags=SA_RESTART|SA_SIGINFO
SIGUSR2: [libjvm.so+0xbba450], sa_mask[0]=00100000000000000000000000000000, sa_flags=SA_RESTART|SA_SIGINFO
SIGHUP: SIG_DFL, sa_mask[0]=00000000000000000000000000000000, sa_flags=none
SIGINT: SIG_DFL, sa_mask[0]=00000000000000000000000000000000, sa_flags=none
SIGTERM: SIG_DFL, sa_mask[0]=00000000000000000000000000000000, sa_flags=none
SIGQUIT: SIG_DFL, sa_mask[0]=00000000000000000000000000000000, sa_flags=none


---------------  S Y S T E M  ---------------

OS:DISTRIB_ID=Ubuntu
DISTRIB_RELEASE=18.04
DISTRIB_CODENAME=bionic
DISTRIB_DESCRIPTION="Ubuntu 18.04.3 LTS"
uname:Linux 4.15.0-66-generic #75-Ubuntu SMP Tue Oct 1 05:24:09 UTC 2019 x86_64
libc:glibc 2.27 NPTL 2.27 
rlimit: STACK 8192k, CORE 0k, NPROC 64043, NOFILE 4096, AS infinity, DATA infinity, FSIZE infinity
load average:1.78 0.89 0.48

/proc/meminfo:
MemTotal:       16425180 kB
MemFree:          964020 kB
MemAvailable:    3411512 kB
Buffers:          333108 kB
Cached:          2359368 kB
SwapCached:            0 kB
Active:         14268648 kB
Inactive:         733580 kB
Active(anon):   12311596 kB
Inactive(anon):   105616 kB
Active(file):    1957052 kB
Inactive(file):   627964 kB
Unevictable:          80 kB
Mlocked:              80 kB
SwapTotal:             0 kB
SwapFree:              0 kB
Dirty:              1380 kB
Writeback:             0 kB
AnonPages:      12309904 kB
Mapped:           589324 kB
Shmem:            107452 kB
Slab:             304320 kB
SReclaimable:     197120 kB
SUnreclaim:       107200 kB
KernelStack:       18248 kB
PageTables:        75112 kB
NFS_Unstable:          0 kB
Bounce:                0 kB
WritebackTmp:          0 kB
CommitLimit:     8212588 kB
Committed_AS:   18435236 kB
VmallocTotal:   34359738367 kB
VmallocUsed:           0 kB
VmallocChunk:          0 kB
HardwareCorrupted:     0 kB
AnonHugePages:     83968 kB
ShmemHugePages:        0 kB
ShmemPmdMapped:        0 kB
CmaTotal:              0 kB
CmaFree:               0 kB
HugePages_Total:       0
HugePages_Free:        0
HugePages_Rsvd:        0
HugePages_Surp:        0
Hugepagesize:       2048 kB
DirectMap4k:      274412 kB
DirectMap2M:    14405632 kB
DirectMap1G:     2097152 kB


/proc/sys/kernel/threads-max (system-wide limit on the number of threads):
128087


/proc/sys/vm/max_map_count (maximum number of memory map areas a process may have):
65530


/proc/sys/kernel/pid_max (system-wide limit on number of process identifiers):
32768



container (cgroup) information:
container_type: cgroupv1
cpu_cpuset_cpus: 0-5
cpu_memory_nodes: 0
active_processor_count: 6
cpu_quota: -1
cpu_period: 100000
cpu_shares: -1
memory_limit_in_bytes: -1
memory_and_swap_limit_in_bytes: -2
memory_soft_limit_in_bytes: -1
memory_usage_in_bytes: 13828096000
memory_max_usage_in_bytes: 14692552704

Steal ticks since vm start: 0
Steal ticks percentage since vm start:  0.000

CPU:total 6 (initial active 6) (1 cores per cpu, 1 threads per core) family 6 model 85 stepping 4, cmov, cx8, fxsr, mmx, sse, sse2, sse3, ssse3, sse4.1, sse4.2, popcnt, avx, avx2, aes, clmul, erms, rtm, 3dnowpref, lzcnt, tsc, bmi1, bmi2, adx, evex, fma
CPU Model and flags from /proc/cpuinfo:
model name	: Intel(R) Xeon(R) Gold 6140 CPU @ 2.30GHz
flags		: fpu vme de pse tsc msr pae mce cx8 apic sep mtrr pge mca cmov pat pse36 clflush mmx fxsr sse sse2 ss syscall nx pdpe1gb rdtscp lm constant_tsc arch_perfmon rep_good nopl cpuid tsc_known_freq pni pclmulqdq vmx ssse3 fma cx16 pcid sse4_1 sse4_2 x2apic movbe popcnt tsc_deadline_timer aes xsave avx f16c rdrand hypervisor lahf_lm abm 3dnowprefetch cpuid_fault invpcid_single pti ssbd ibrs ibpb tpr_shadow vnmi flexpriority ept vpid fsgsbase tsc_adjust bmi1 hle avx2 smep bmi2 erms invpcid rtm mpx avx512f avx512dq rdseed adx smap clflushopt clwb avx512cd avx512bw avx512vl xsaveopt xsavec xgetbv1 xsaves pku ospke md_clear

Memory: 4k page, physical 16425180k(964020k free), swap 0k(0k free)

vm_info: OpenJDK 64-Bit Server VM (11.0.4+11-post-Ubuntu-1ubuntu218.04.3) for linux-amd64 JRE (11.0.4+11-post-Ubuntu-1ubuntu218.04.3), built on Jul 18 2019 18:21:46 by "buildd" with gcc 7.4.0

END.
