#
# There is insufficient memory for the Java Runtime Environment to continue.
# Native memory allocation (mmap) failed to map 278396928 bytes for committing reserved memory.
# Possible reasons:
#   The system is out of physical RAM or swap space
#   The process is running with CompressedOops enabled, and the Java Heap may be blocking the growth of the native heap
# Possible solutions:
#   Reduce memory load on the system
#   Increase physical memory or swap space
#   Check if swap backing store is full
#   Decrease Java heap size (-Xmx/-Xms)
#   Decrease number of Java threads
#   Decrease Java thread stack sizes (-Xss)
#   Set larger code cache with -XX:ReservedCodeCacheSize=
#   JVM is running with Zero Based Compressed Oops mode in which the Java heap is
#     placed in the first 32GB address space. The Java Heap base address is the
#     maximum limit for the native heap growth. Please use -XX:HeapBaseMinAddress
#     to set the Java Heap base and to place the Java Heap above 32GB virtual address.
# This output file may be truncated or incomplete.
#
#  Out of Memory Error (os_linux.cpp:2757), pid=14097, tid=0x00007f7200ded700
#
# JRE version: OpenJDK Runtime Environment (8.0_222-b10) (build 1.8.0_222-8u222-b10-1ubuntu1~18.04.1-b10)
# Java VM: OpenJDK 64-Bit Server VM (25.222-b10 mixed mode linux-amd64 compressed oops)
# Failed to write core dump. Core dumps have been disabled. To enable core dumping, try "ulimit -c unlimited" before starting Java again
#

---------------  T H R E A D  ---------------

Current thread (0x00007f722407d800):  VMThread [stack: 0x00007f7200cee000,0x00007f7200dee000] [id=14109]

Stack: [0x00007f7200cee000,0x00007f7200dee000],  sp=0x00007f7200dec4a0,  free space=1017k
Native frames: (J=compiled Java code, j=interpreted, Vv=VM code, C=native code)
V  [libjvm.so+0xab8992]
V  [libjvm.so+0x4dbfd7]
V  [libjvm.so+0x8f33a0]
V  [libjvm.so+0x8ea46e]
V  [libjvm.so+0x96e106]
V  [libjvm.so+0x96f478]
V  [libjvm.so+0x96ba76]
V  [libjvm.so+0x96be0c]
V  [libjvm.so+0x91a5a8]
V  [libjvm.so+0xaba662]
V  [libjvm.so+0xabf1d6]
V  [libjvm.so+0xabd4d5]
V  [libjvm.so+0xabddad]
V  [libjvm.so+0xabe1b8]
V  [libjvm.so+0x8f0732]

VM_Operation (0x00007f722b64c1d0): ParallelGCFailedAllocation, mode: safepoint, requested by thread 0x00007f722400c000


---------------  P R O C E S S  ---------------

Java Threads: ( => current thread )
  0x00007f7224343000 JavaThread "Timer-0" daemon [_thread_blocked, id=14120, stack(0x00007f7200036000,0x00007f7200137000)]
  0x00007f72240d0000 JavaThread "Service Thread" daemon [_thread_blocked, id=14116, stack(0x00007f72002a7000,0x00007f72003a8000)]
  0x00007f72240c4800 JavaThread "C1 CompilerThread2" daemon [_thread_blocked, id=14115, stack(0x00007f72003a9000,0x00007f72004a9000)]
  0x00007f72240c3000 JavaThread "C2 CompilerThread1" daemon [_thread_in_native, id=14114, stack(0x00007f72004aa000,0x00007f72005aa000)]
  0x00007f72240c0000 JavaThread "C2 CompilerThread0" daemon [_thread_blocked, id=14113, stack(0x00007f72005ab000,0x00007f72006ab000)]
  0x00007f72240be800 JavaThread "Signal Dispatcher" daemon [_thread_blocked, id=14112, stack(0x00007f72006ab000,0x00007f72007ac000)]
  0x00007f722408a000 JavaThread "Finalizer" daemon [_thread_blocked, id=14111, stack(0x00007f7200aeb000,0x00007f7200bec000)]
  0x00007f7224087800 JavaThread "Reference Handler" daemon [_thread_blocked, id=14110, stack(0x00007f7200bec000,0x00007f7200ced000)]
  0x00007f722400c000 JavaThread "main" [_thread_blocked, id=14102, stack(0x00007f722b54f000,0x00007f722b64f000)]

Other Threads:
=>0x00007f722407d800 VMThread [stack: 0x00007f7200cee000,0x00007f7200dee000] [id=14109]
  0x00007f72240d2800 WatcherThread [stack: 0x00007f72001a7000,0x00007f72002a7000] [id=14117]

VM state:at safepoint (normal execution)

VM Mutex/Monitor currently owned by a thread:  ([mutex/lock_event])
[0x00007f7224008450] Threads_lock - owner thread: 0x00007f722407d800
[0x00007f7224008950] Heap_lock - owner thread: 0x00007f722400c000

heap address: 0x00000003c0000000, size: 16384 MB, Compressed Oops mode: Zero based, Oop shift amount: 3
Narrow klass base: 0x0000000000000000, Narrow klass shift: 3
Compressed class space size: 1073741824 Address: 0x00000007c0000000

Heap:
 PSYoungGen      total 1935872K, used 178675K [0x000000066ab00000, 0x00000006ed080000, 0x00000007c0000000)
  eden space 1757184K, 0% used [0x000000066ab00000,0x000000066ab00000,0x00000006d5f00000)
  from space 178688K, 99% used [0x00000006d5f00000,0x00000006e0d7cc28,0x00000006e0d80000)
  to   space 175616K, 0% used [0x00000006e0d80000,0x00000006e0d80000,0x00000006eb900000)
 ParOldGen       total 914944K, used 619961K [0x00000003c0000000, 0x00000003f7d80000, 0x000000066ab00000)
  object space 914944K, 67% used [0x00000003c0000000,0x00000003e5d6e5f0,0x00000003f7d80000)
 Metaspace       used 49163K, capacity 49491K, committed 49920K, reserved 1093632K
  class space    used 5735K, capacity 5853K, committed 5888K, reserved 1048576K

Card table byte_map: [0x00007f7212a36000,0x00007f7214a37000] byte_map_base: 0x00007f7210c36000

Marking Bits: (ParMarkBitMap*) 0x00007f722a7e4360
 Begin Bits: [0x00007f71cc000000, 0x00007f71dc000000)
 End Bits:   [0x00007f71dc000000, 0x00007f71ec000000)

Polling page: 0x00007f722b665000

CodeCache: size=245760Kb used=32562Kb max_used=37696Kb free=213197Kb
 bounds [0x00007f7214df7000, 0x00007f7217357000, 0x00007f7223df7000]
 total_blobs=7535 nmethods=7140 adapters=305
 compilation: enabled

Compilation events (10 events):
Event: 86.947 Thread 0x00007f72240c4800 10091       2       gw.internal.gosu.ir.transform.expression.AdditiveExpressionTransformer::isCompileTimeConstantConcatenation (72 bytes)
Event: 86.949 Thread 0x00007f72240c4800 nmethod 10091 0x00007f7215fbbcd0 code [0x00007f7215fbbec0, 0x00007f7215fbc548]
Event: 86.949 Thread 0x00007f72240c4800 10093   !   2       java.security.Provider$Service::newInstance (416 bytes)
Event: 86.952 Thread 0x00007f72240c4800 nmethod 10093 0x00007f7216f41710 code [0x00007f7216f41c00, 0x00007f7216f43628]
Event: 86.952 Thread 0x00007f72240c4800 10095       2       gw.internal.gosu.ir.transform.expression.AdditiveExpressionTransformer::stringConcatenation (89 bytes)
Event: 86.954 Thread 0x00007f72240c4800 nmethod 10095 0x00007f721578a350 code [0x00007f721578a5a0, 0x00007f721578ae38]
Event: 86.954 Thread 0x00007f72240c4800 10094   !   2       java.security.Provider$Service::getImplClass (186 bytes)
Event: 86.956 Thread 0x00007f72240c4800 nmethod 10094 0x00007f72154c7b10 code [0x00007f72154c7de0, 0x00007f72154c8a48]
Event: 87.104 Thread 0x00007f72240c0000 nmethod 10071 0x00007f72169d6610 code [0x00007f72169d7660, 0x00007f72169e0010]
Event: 87.104 Thread 0x00007f72240c0000 10080       4       gw.internal.gosu.parser.TypeLord::boundTypes (334 bytes)

GC Heap History (10 events):
Event: 46.865 GC heap after
Heap after GC invocations=20 (full 3):
 PSYoungGen      total 1397248K, used 19311K [0x000000066ab00000, 0x00000006d8500000, 0x00000007c0000000)
  eden space 1301504K, 0% used [0x000000066ab00000,0x000000066ab00000,0x00000006ba200000)
  from space 95744K, 20% used [0x00000006ba200000,0x00000006bb4dbe78,0x00000006bff80000)
  to   space 108032K, 0% used [0x00000006d1b80000,0x00000006d1b80000,0x00000006d8500000)
 ParOldGen       total 589824K, used 379732K [0x00000003c0000000, 0x00000003e4000000, 0x000000066ab00000)
  object space 589824K, 64% used [0x00000003c0000000,0x00000003d72d5298,0x00000003e4000000)
 Metaspace       used 39980K, capacity 40335K, committed 40832K, reserved 1085440K
  class space    used 4556K, capacity 4665K, committed 4736K, reserved 1048576K
}
Event: 54.874 GC heap before
{Heap before GC invocations=21 (full 3):
 PSYoungGen      total 1397248K, used 1320815K [0x000000066ab00000, 0x00000006d8500000, 0x00000007c0000000)
  eden space 1301504K, 100% used [0x000000066ab00000,0x00000006ba200000,0x00000006ba200000)
  from space 95744K, 20% used [0x00000006ba200000,0x00000006bb4dbe78,0x00000006bff80000)
  to   space 108032K, 0% used [0x00000006d1b80000,0x00000006d1b80000,0x00000006d8500000)
 ParOldGen       total 589824K, used 379732K [0x00000003c0000000, 0x00000003e4000000, 0x000000066ab00000)
  object space 589824K, 64% used [0x00000003c0000000,0x00000003d72d5298,0x00000003e4000000)
 Metaspace       used 43161K, capacity 43421K, committed 43776K, reserved 1087488K
  class space    used 4965K, capacity 5050K, committed 5120K, reserved 1048576K
Event: 55.055 GC heap after
Heap after GC invocations=21 (full 3):
 PSYoungGen      total 1622016K, used 100248K [0x000000066ab00000, 0x00000006d7d80000, 0x00000007c0000000)
  eden space 1521664K, 0% used [0x000000066ab00000,0x000000066ab00000,0x00000006c7900000)
  from space 100352K, 99% used [0x00000006d1b80000,0x00000006d7d66390,0x00000006d7d80000)
  to   space 123392K, 0% used [0x00000006c8c80000,0x00000006c8c80000,0x00000006d0500000)
 ParOldGen       total 589824K, used 396188K [0x00000003c0000000, 0x00000003e4000000, 0x000000066ab00000)
  object space 589824K, 67% used [0x00000003c0000000,0x00000003d82e70e0,0x00000003e4000000)
 Metaspace       used 43161K, capacity 43421K, committed 43776K, reserved 1087488K
  class space    used 4965K, capacity 5050K, committed 5120K, reserved 1048576K
}
Event: 63.688 GC heap before
{Heap before GC invocations=22 (full 3):
 PSYoungGen      total 1622016K, used 1621912K [0x000000066ab00000, 0x00000006d7d80000, 0x00000007c0000000)
  eden space 1521664K, 100% used [0x000000066ab00000,0x00000006c7900000,0x00000006c7900000)
  from space 100352K, 99% used [0x00000006d1b80000,0x00000006d7d66390,0x00000006d7d80000)
  to   space 123392K, 0% used [0x00000006c8c80000,0x00000006c8c80000,0x00000006d0500000)
 ParOldGen       total 589824K, used 396188K [0x00000003c0000000, 0x00000003e4000000, 0x000000066ab00000)
  object space 589824K, 67% used [0x00000003c0000000,0x00000003d82e70e0,0x00000003e4000000)
 Metaspace       used 45204K, capacity 45641K, committed 46208K, reserved 1089536K
  class space    used 5259K, capacity 5404K, committed 5504K, reserved 1048576K
Event: 63.887 GC heap after
Heap after GC invocations=22 (full 3):
 PSYoungGen      total 1665024K, used 123376K [0x000000066ab00000, 0x00000006eb900000, 0x00000007c0000000)
  eden space 1541632K, 0% used [0x000000066ab00000,0x000000066ab00000,0x00000006c8c80000)
  from space 123392K, 99% used [0x00000006c8c80000,0x00000006d04fc018,0x00000006d0500000)
  to   space 175616K, 0% used [0x00000006e0d80000,0x00000006e0d80000,0x00000006eb900000)
 ParOldGen       total 589824K, used 481615K [0x00000003c0000000, 0x00000003e4000000, 0x000000066ab00000)
  object space 589824K, 81% used [0x00000003c0000000,0x00000003dd653f10,0x00000003e4000000)
 Metaspace       used 45204K, capacity 45641K, committed 46208K, reserved 1089536K
  class space    used 5259K, capacity 5404K, committed 5504K, reserved 1048576K
}
Event: 72.376 GC heap before
{Heap before GC invocations=23 (full 3):
 PSYoungGen      total 1665024K, used 1665008K [0x000000066ab00000, 0x00000006eb900000, 0x00000007c0000000)
  eden space 1541632K, 100% used [0x000000066ab00000,0x00000006c8c80000,0x00000006c8c80000)
  from space 123392K, 99% used [0x00000006c8c80000,0x00000006d04fc018,0x00000006d0500000)
  to   space 175616K, 0% used [0x00000006e0d80000,0x00000006e0d80000,0x00000006eb900000)
 ParOldGen       total 589824K, used 481615K [0x00000003c0000000, 0x00000003e4000000, 0x000000066ab00000)
  object space 589824K, 81% used [0x00000003c0000000,0x00000003dd653f10,0x00000003e4000000)
 Metaspace       used 47271K, capacity 47597K, committed 48128K, reserved 1091584K
  class space    used 5508K, capacity 5628K, committed 5632K, reserved 1048576K
Event: 72.665 GC heap after
Heap after GC invocations=23 (full 3):
 PSYoungGen      total 1932800K, used 102893K [0x000000066ab00000, 0x00000006ed080000, 0x00000007c0000000)
  eden space 1757184K, 0% used [0x000000066ab00000,0x000000066ab00000,0x00000006d5f00000)
  from space 175616K, 58% used [0x00000006e0d80000,0x00000006e71fb7c0,0x00000006eb900000)
  to   space 178688K, 0% used [0x00000006d5f00000,0x00000006d5f00000,0x00000006e0d80000)
 ParOldGen       total 605184K, used 604831K [0x00000003c0000000, 0x00000003e4f00000, 0x000000066ab00000)
  object space 605184K, 99% used [0x00000003c0000000,0x00000003e4ea7e30,0x00000003e4f00000)
 Metaspace       used 47271K, capacity 47597K, committed 48128K, reserved 1091584K
  class space    used 5508K, capacity 5628K, committed 5632K, reserved 1048576K
}
Event: 72.665 GC heap before
{Heap before GC invocations=24 (full 4):
 PSYoungGen      total 1932800K, used 102893K [0x000000066ab00000, 0x00000006ed080000, 0x00000007c0000000)
  eden space 1757184K, 0% used [0x000000066ab00000,0x000000066ab00000,0x00000006d5f00000)
  from space 175616K, 58% used [0x00000006e0d80000,0x00000006e71fb7c0,0x00000006eb900000)
  to   space 178688K, 0% used [0x00000006d5f00000,0x00000006d5f00000,0x00000006e0d80000)
 ParOldGen       total 605184K, used 604831K [0x00000003c0000000, 0x00000003e4f00000, 0x000000066ab00000)
  object space 605184K, 99% used [0x00000003c0000000,0x00000003e4ea7e30,0x00000003e4f00000)
 Metaspace       used 47271K, capacity 47597K, committed 48128K, reserved 1091584K
  class space    used 5508K, capacity 5628K, committed 5632K, reserved 1048576K
Event: 75.660 GC heap after
Heap after GC invocations=24 (full 4):
 PSYoungGen      total 1932800K, used 46550K [0x000000066ab00000, 0x00000006ed080000, 0x00000007c0000000)
  eden space 1757184K, 0% used [0x000000066ab00000,0x000000066ab00000,0x00000006d5f00000)
  from space 175616K, 26% used [0x00000006e0d80000,0x00000006e3af5938,0x00000006eb900000)
  to   space 178688K, 0% used [0x00000006d5f00000,0x00000006d5f00000,0x00000006e0d80000)
 ParOldGen       total 914944K, used 604749K [0x00000003c0000000, 0x00000003f7d80000, 0x000000066ab00000)
  object space 914944K, 66% used [0x00000003c0000000,0x00000003e4e93418,0x00000003f7d80000)
 Metaspace       used 47271K, capacity 47597K, committed 48128K, reserved 1091584K
  class space    used 5508K, capacity 5628K, committed 5632K, reserved 1048576K
}
Event: 87.112 GC heap before
{Heap before GC invocations=25 (full 4):
 PSYoungGen      total 1932800K, used 1803734K [0x000000066ab00000, 0x00000006ed080000, 0x00000007c0000000)
  eden space 1757184K, 100% used [0x000000066ab00000,0x00000006d5f00000,0x00000006d5f00000)
  from space 175616K, 26% used [0x00000006e0d80000,0x00000006e3af5938,0x00000006eb900000)
  to   space 178688K, 0% used [0x00000006d5f00000,0x00000006d5f00000,0x00000006e0d80000)
 ParOldGen       total 914944K, used 604749K [0x00000003c0000000, 0x00000003f7d80000, 0x000000066ab00000)
  object space 914944K, 66% used [0x00000003c0000000,0x00000003e4e93418,0x00000003f7d80000)
 Metaspace       used 49163K, capacity 49491K, committed 49920K, reserved 1093632K
  class space    used 5735K, capacity 5853K, committed 5888K, reserved 1048576K

Deoptimization events (10 events):
Event: 85.068 Thread 0x00007f722400c000 Uncommon trap: reason=unstable_if action=reinterpret pc=0x00007f7215ed1944 method=gw.internal.gosu.parser.GosuParser.parseParameterDeclarationList(Lgw/lang/parser/IParsedElement;ZLjava/util/List;ZZZZ)Ljava/util/ArrayList; @ 410
Event: 85.086 Thread 0x00007f722400c000 Uncommon trap: reason=bimorphic action=maybe_recompile pc=0x00007f7215b8f268 method=java.util.Collections$UnmodifiableCollection.isEmpty()Z @ 4
Event: 85.086 Thread 0x00007f722400c000 Uncommon trap: reason=bimorphic action=maybe_recompile pc=0x00007f7215cb26f4 method=java.util.Collections$UnmodifiableList.get(I)Ljava/lang/Object; @ 5
Event: 85.097 Thread 0x00007f722400c000 Uncommon trap: reason=bimorphic action=maybe_recompile pc=0x00007f7215b8f268 method=java.util.Collections$UnmodifiableCollection.isEmpty()Z @ 4
Event: 85.097 Thread 0x00007f722400c000 Uncommon trap: reason=bimorphic action=maybe_recompile pc=0x00007f7215cb26f4 method=java.util.Collections$UnmodifiableList.get(I)Ljava/lang/Object; @ 5
Event: 85.110 Thread 0x00007f722400c000 Uncommon trap: reason=bimorphic action=maybe_recompile pc=0x00007f7215b8f268 method=java.util.Collections$UnmodifiableCollection.isEmpty()Z @ 4
Event: 85.110 Thread 0x00007f722400c000 Uncommon trap: reason=bimorphic action=maybe_recompile pc=0x00007f7215cb26f4 method=java.util.Collections$UnmodifiableList.get(I)Ljava/lang/Object; @ 5
Event: 85.114 Thread 0x00007f722400c000 Uncommon trap: reason=unstable_if action=reinterpret pc=0x00007f7215fad55c method=gw.internal.gosu.parser.statements.VarInitializationVerifier.verifyLocalsRecursively(Lgw/lang/parser/IParsedElement;)V @ 15
Event: 85.221 Thread 0x00007f722400c000 Uncommon trap: reason=bimorphic action=maybe_recompile pc=0x00007f7215ad5164 method=gw.internal.gosu.parser.AbstractTypeRef._setType(Lgw/lang/reflect/IType;)V @ 139
Event: 86.819 Thread 0x00007f722400c000 Uncommon trap: reason=unstable_if action=reinterpret pc=0x00007f72159a901c method=gw.lang.reflect.FeatureManager.isInEnclosingClassHierarchy(Lgw/lang/reflect/IType;Lgw/lang/reflect/IType;)Z @ 34

Classes redefined (0 events):
No events

Internal exceptions (10 events):
Event: 44.849 Thread 0x00007f722400c000 Exception <a 'java/security/PrivilegedActionException'> (0x00000006b7012118) thrown at [/build/openjdk-8-OqY7zN/openjdk-8-8u222-b10/src/hotspot/src/share/vm/prims/jvm.cpp, line 1502]
Event: 44.849 Thread 0x00007f722400c000 Exception <a 'java/security/PrivilegedActionException'> (0x00000006b7012ac8) thrown at [/build/openjdk-8-OqY7zN/openjdk-8-8u222-b10/src/hotspot/src/share/vm/prims/jvm.cpp, line 1502]
Event: 44.849 Thread 0x00007f722400c000 Exception <a 'java/security/PrivilegedActionException'> (0x00000006b7014890) thrown at [/build/openjdk-8-OqY7zN/openjdk-8-8u222-b10/src/hotspot/src/share/vm/prims/jvm.cpp, line 1502]
Event: 44.849 Thread 0x00007f722400c000 Exception <a 'java/security/PrivilegedActionException'> (0x00000006b7015240) thrown at [/build/openjdk-8-OqY7zN/openjdk-8-8u222-b10/src/hotspot/src/share/vm/prims/jvm.cpp, line 1502]
Event: 51.584 Thread 0x00007f722400c000 Implicit null exception at 0x00007f72165fac7b to 0x00007f7216601d8d
Event: 55.597 Thread 0x00007f722400c000 Implicit null exception at 0x00007f72155f59b0 to 0x00007f72155f5e7d
Event: 59.841 Thread 0x00007f722400c000 Implicit null exception at 0x00007f72161880f6 to 0x00007f721618c0ad
Event: 62.355 Thread 0x00007f722400c000 Implicit null exception at 0x00007f72163d2887 to 0x00007f72163d2fe9
Event: 63.186 Thread 0x00007f722400c000 Implicit null exception at 0x00007f72162d1b9b to 0x00007f72162d2531
Event: 85.067 Thread 0x00007f722400c000 Implicit null exception at 0x00007f721679d619 to 0x00007f72167a2af1

Events (10 events):
Event: 87.023 loading class entity/SoapCallHistory done
Event: 87.026 loading class gw/api/profiler/WebServiceProfilerPageHelper
Event: 87.026 loading class gw/api/profiler/WebServiceProfilerPageHelper done
Event: 87.045 loading class com/guidewire/_generated/entity/TransactionSearchViewInternal
Event: 87.045 loading class com/guidewire/_generated/entity/TransactionSearchViewInternal done
Event: 87.046 loading class gw/cc/financials/entity/TransactionSearchView
Event: 87.046 loading class gw/cc/financials/entity/TransactionSearchView done
Event: 87.047 loading class typekey/TransactionSearchView
Event: 87.047 loading class typekey/TransactionSearchView done
Event: 87.112 Executing VM operation: ParallelGCFailedAllocation


Dynamic libraries:
3c0000000-3f7d80000 rw-p 00000000 00:00 0 
3f7d80000-66ab00000 ---p 00000000 00:00 0 
66ab00000-6ed080000 rw-p 00000000 00:00 0 
6fda00000-7c0000000 ---p 00000000 00:00 0 
7c0000000-7c05c0000 rw-p 00000000 00:00 0 
7c05c0000-800000000 ---p 00000000 00:00 0 
555fcc716000-555fcc717000 r-xp 00000000 fc:01 8519602                    /usr/lib/jvm/java-8-openjdk-amd64/jre/bin/java
555fcc916000-555fcc917000 r--p 00000000 fc:01 8519602                    /usr/lib/jvm/java-8-openjdk-amd64/jre/bin/java
555fcc917000-555fcc918000 rw-p 00001000 fc:01 8519602                    /usr/lib/jvm/java-8-openjdk-amd64/jre/bin/java
555fcddc2000-555fcdde3000 rw-p 00000000 00:00 0                          [heap]
7f71a4000000-7f71a4021000 rw-p 00000000 00:00 0 
7f71a4021000-7f71a8000000 ---p 00000000 00:00 0 
7f71ac000000-7f71ac021000 rw-p 00000000 00:00 0 
7f71ac021000-7f71b0000000 ---p 00000000 00:00 0 
7f71b0000000-7f71b0021000 rw-p 00000000 00:00 0 
7f71b0021000-7f71b4000000 ---p 00000000 00:00 0 
7f71b4000000-7f71b69b4000 rw-p 00000000 00:00 0 
7f71b69b4000-7f71b8000000 ---p 00000000 00:00 0 
7f71b8000000-7f71b90fc000 rw-p 00000000 00:00 0 
7f71b90fc000-7f71bc000000 ---p 00000000 00:00 0 
7f71bc000000-7f71bc021000 rw-p 00000000 00:00 0 
7f71bc021000-7f71c0000000 ---p 00000000 00:00 0 
7f71c0000000-7f71c30dc000 rw-p 00000000 00:00 0 
7f71c30dc000-7f71c4000000 ---p 00000000 00:00 0 
7f71c4000000-7f71c4021000 rw-p 00000000 00:00 0 
7f71c4021000-7f71c8000000 ---p 00000000 00:00 0 
7f71c8000000-7f71c8021000 rw-p 00000000 00:00 0 
7f71c8021000-7f71cc000000 ---p 00000000 00:00 0 
7f71cc000000-7f71ec000000 rw-p 00000000 00:00 0 
7f71ec000000-7f71ec021000 rw-p 00000000 00:00 0 
7f71ec021000-7f71f0000000 ---p 00000000 00:00 0 
7f71f0000000-7f71f0194000 rw-p 00000000 00:00 0 
7f71f0194000-7f71f4000000 ---p 00000000 00:00 0 
7f71f4000000-7f71f4021000 rw-p 00000000 00:00 0 
7f71f4021000-7f71f8000000 ---p 00000000 00:00 0 
7f71f8c94000-7f71f8d94000 rw-p 00000000 00:00 0 
7f71f8d94000-7f71f8e94000 ---p 00000000 00:00 0 
7f71f8e94000-7f71f9094000 rw-p 00000000 00:00 0 
7f71f9094000-7f71f9294000 rw-p 00000000 00:00 0 
7f71f9294000-7f71f9494000 rw-p 00000000 00:00 0 
7f71f9494000-7f71f9694000 rw-p 00000000 00:00 0 
7f71f9694000-7f71f9894000 rw-p 00000000 00:00 0 
7f71f9894000-7f71f9a94000 rw-p 00000000 00:00 0 
7f71f9a94000-7f71f9c94000 rw-p 00000000 00:00 0 
7f71f9c94000-7f71f9e94000 rw-p 00000000 00:00 0 
7f71f9e94000-7f71fa094000 rw-p 00000000 00:00 0 
7f71fa094000-7f71fa294000 rw-p 00000000 00:00 0 
7f71fa294000-7f71fa494000 rw-p 00000000 00:00 0 
7f71fa494000-7f71fa694000 rw-p 00000000 00:00 0 
7f71fa694000-7f71fa894000 rw-p 00000000 00:00 0 
7f71fa894000-7f71faa94000 rw-p 00000000 00:00 0 
7f71faa94000-7f71fac94000 rw-p 00000000 00:00 0 
7f71fac94000-7f71fae94000 rw-p 00000000 00:00 0 
7f71fae94000-7f71fae96000 r--s 00016000 fc:01 8519683                    /usr/lib/jvm/java-8-openjdk-amd64/jre/lib/jce.jar
7f71fae96000-7f71fb096000 rw-p 00000000 00:00 0 
7f71fb096000-7f71fb09b000 r--s 000a3000 fc:01 8519685                    /usr/lib/jvm/java-8-openjdk-amd64/jre/lib/jsse.jar
7f71fb09b000-7f71fb0ae000 r--s 00346000 fc:01 8519690                    /usr/lib/jvm/java-8-openjdk-amd64/jre/lib/resources.jar
7f71fb0ae000-7f71fb0af000 r--s 00000000 fc:01 8519688                    /usr/lib/jvm/java-8-openjdk-amd64/jre/lib/management-agent.jar
7f71fb0af000-7f71fb0b4000 r--s 000a3000 fc:01 8519685                    /usr/lib/jvm/java-8-openjdk-amd64/jre/lib/jsse.jar
7f71fb0b4000-7f71fb0b5000 r--s 00000000 fc:01 8519696                    /usr/lib/jvm/java-8-openjdk-amd64/jre/lib/security/policy/limited/local_policy.jar
7f71fb0b5000-7f71fb0b6000 r--s 00000000 fc:01 8519695                    /usr/lib/jvm/java-8-openjdk-amd64/jre/lib/security/policy/limited/US_export_policy.jar
7f71fb0b6000-7f71fb0b7000 r--s 00000000 fc:01 8519699                    /usr/lib/jvm/java-8-openjdk-amd64/jre/lib/security/policy/unlimited/local_policy.jar
7f71fb0b7000-7f71fb0b8000 r--s 00000000 fc:01 8519698                    /usr/lib/jvm/java-8-openjdk-amd64/jre/lib/security/policy/unlimited/US_export_policy.jar
7f71fb0b8000-7f71fb0ba000 r--s 00016000 fc:01 8519683                    /usr/lib/jvm/java-8-openjdk-amd64/jre/lib/jce.jar
7f71fb0ba000-7f71fb0bf000 r--s 002f9000 fc:01 8519652                    /usr/lib/jvm/java-8-openjdk-amd64/jre/lib/charsets.jar
7f71fb0bf000-7f71fb0c2000 r--s 00013000 fc:01 13677058                   /root/Desktop/Guidewire/WS_CC/repository/org/eclipse/jetty/jetty-io/9.0.7.v20131107/jetty-io-9.0.7.v20131107.jar
7f71fb0c2000-7f71fb0c4000 r--s 00018000 fc:01 13677053                   /root/Desktop/Guidewire/WS_CC/repository/org/eclipse/jetty/jetty-http/9.0.7.v20131107/jetty-http-9.0.7.v20131107.jar
7f71fb0c4000-7f71fb0ca000 r--s 00054000 fc:01 13677048                   /root/Desktop/Guidewire/WS_CC/repository/org/eclipse/jetty/jetty-server/9.0.7.v20131107/jetty-server-9.0.7.v20131107.jar
7f71fb0ca000-7f71fb0cd000 r--s 00014000 fc:01 13677043                   /root/Desktop/Guidewire/WS_CC/repository/org/eclipse/jetty/jetty-security/9.0.7.v20131107/jetty-security-9.0.7.v20131107.jar
7f71fb0cd000-7f71fb0d3000 r--s 0004e000 fc:01 13677038                   /root/Desktop/Guidewire/WS_CC/repository/org/eclipse/jetty/jetty-util/9.0.7.v20131107/jetty-util-9.0.7.v20131107.jar
7f71fb0d3000-7f71fb0db000 r--s 00074000 fc:01 13676860                   /root/Desktop/Guidewire/WS_CC/repository/org/apache/xmlgraphics/batik-js/1.7/batik-js-1.7.jar
7f71fb0db000-7f71fb0dd000 r--s 00018000 fc:01 13677033                   /root/Desktop/Guidewire/WS_CC/repository/org/eclipse/jetty/jetty-servlet/9.0.7.v20131107/jetty-servlet-9.0.7.v20131107.jar
7f71fb0dd000-7f71fb0df000 r--s 00009000 fc:01 13677028                   /root/Desktop/Guidewire/WS_CC/repository/org/eclipse/jetty/jetty-xml/9.0.7.v20131107/jetty-xml-9.0.7.v20131107.jar
7f71fb0df000-7f71fb0e4000 r--s 00030000 fc:01 13676856                   /root/Desktop/Guidewire/WS_CC/repository/org/apache/xmlgraphics/batik-svggen/1.7/batik-svggen-1.7.jar
7f71fb0e4000-7f71fb0e5000 r--s 00007000 fc:01 13676852                   /root/Desktop/Guidewire/WS_CC/repository/org/apache/xmlgraphics/batik-xml/1.7/batik-xml-1.7.jar
7f71fb0e5000-7f71fb0e7000 r--s 0000d000 fc:01 13676848                   /root/Desktop/Guidewire/WS_CC/repository/org/apache/xmlgraphics/batik-script/1.7/batik-script-1.7.jar
7f71fb0e7000-7f71fb0ec000 r--s 00010000 fc:01 13677719                   /root/Desktop/Guidewire/WS_CC/repository/xml-apis/xml-apis-ext/1.3.04/xml-apis-ext-1.3.04.jar
7f71fb0ec000-7f71fb0ef000 r--s 0001d000 fc:01 13676844                   /root/Desktop/Guidewire/WS_CC/repository/org/apache/xmlgraphics/batik-util/1.7/batik-util-1.7.jar
7f71fb0ef000-7f71fb0f1000 r--s 00010000 fc:01 13676840                   /root/Desktop/Guidewire/WS_CC/repository/org/apache/xmlgraphics/batik-parser/1.7/batik-parser-1.7.jar
7f71fb0f1000-7f71fb0f5000 r--s 00027000 fc:01 13676836                   /root/Desktop/Guidewire/WS_CC/repository/org/apache/xmlgraphics/batik-dom/1.7/batik-dom-1.7.jar
7f71fb0f5000-7f71fb0fc000 r--s 00045000 fc:01 13676832                   /root/Desktop/Guidewire/WS_CC/repository/org/apache/xmlgraphics/batik-css/1.7/batik-css-1.7.jar
7f71fb0fc000-7f71fb0ff000 r--s 00015000 fc:01 13676828                   /root/Desktop/Guidewire/WS_CC/repository/org/apache/xmlgraphics/batik-anim/1.7/batik-anim-1.7.jar
7f71fb0ff000-7f71fb101000 r--s 00005000 fc:01 13677714                   /root/Desktop/Guidewire/WS_CC/repository/sslext/sslext/1.2-0/sslext-1.2-0.jar
7f71fb101000-7f71fb103000 r--s 0000e000 fc:01 13677408                   /root/Desktop/Guidewire/WS_CC/repository/javax/activation/activation/1.1/activation-1.1.jar
7f71fb103000-7f71fb104000 r--s 00009000 fc:01 13677023                   /root/Desktop/Guidewire/WS_CC/repository/org/eclipse/jetty/jetty-jndi/9.0.7.v20131107/jetty-jndi-9.0.7.v20131107.jar
7f71fb104000-7f71fb106000 r--s 0001a000 fc:01 13677018                   /root/Desktop/Guidewire/WS_CC/repository/org/eclipse/jetty/jetty-webapp/9.0.7.v20131107/jetty-webapp-9.0.7.v20131107.jar
7f71fb106000-7f71fb107000 r--s 00002000 fc:01 13676824                   /root/Desktop/Guidewire/WS_CC/repository/org/apache/xmlgraphics/batik-ext/1.7/batik-ext-1.7.jar
7f71fb107000-7f71fb109000 r--s 0000f000 fc:01 13676820                   /root/Desktop/Guidewire/WS_CC/repository/org/apache/xmlgraphics/batik-extension/1.7/batik-extension-1.7.jar
7f71fb109000-7f71fb10c000 r--s 0001b000 fc:01 13676816                   /root/Desktop/Guidewire/WS_CC/repository/org/apache/xmlgraphics/batik-transcoder/1.7/batik-transcoder-1.7.jar
7f71fb10c000-7f71fb110000 r--s 00038000 fc:01 13676812                   /root/Desktop/Guidewire/WS_CC/repository/org/apache/xmlgraphics/batik-gvt/1.7/batik-gvt-1.7.jar
7f71fb110000-7f71fb118000 r--s 0005b000 fc:01 13676808                   /root/Desktop/Guidewire/WS_CC/repository/org/apache/xmlgraphics/batik-awt-util/1.7/batik-awt-util-1.7.jar
7f71fb118000-7f71fb122000 r--s 0007f000 fc:01 13676804                   /root/Desktop/Guidewire/WS_CC/repository/org/apache/xmlgraphics/batik-bridge/1.7/batik-bridge-1.7.jar
7f71fb122000-7f71fb12f000 r--s 00086000 fc:01 13676800                   /root/Desktop/Guidewire/WS_CC/repository/org/apache/xmlgraphics/batik-svg-dom/1.7/batik-svg-dom-1.7.jar
7f71fb12f000-7f71fb139000 r--s 00089000 fc:01 13676795                   /root/Desktop/Guidewire/WS_CC/repository/org/apache/xmlgraphics/xmlgraphics-commons/1.5/xmlgraphics-commons-1.5.jar
7f71fb139000-7f71fb13b000 r--s 0000d000 fc:01 13677704                   /root/Desktop/Guidewire/WS_CC/repository/commons-logging/commons-logging/1.1.1/commons-logging-1.1.1.jar
7f71fb13b000-7f71fb13d000 r--s 00001000 fc:01 13676963                   /root/Desktop/Guidewire/WS_CC/repository/org/slf4j/slf4j-log4j12/1.7.12/slf4j-log4j12-1.7.12.jar
7f71fb13d000-7f71fb17b000 r--s 0025d000 fc:01 13676874                   /root/Desktop/Guidewire/WS_CC/repository/org/apache/xmlbeans/xmlbeans/2.6.0/xmlbeans-2.6.0.jar
7f71fb17b000-7f71fb17c000 r--s 00005000 fc:01 13677153                   /root/Desktop/Guidewire/WS_CC/repository/org/noggit/noggit/0.5/noggit-0.5.jar
7f71fb17c000-7f71fb17e000 r--s 00009000 fc:01 13676784                   /root/Desktop/Guidewire/WS_CC/repository/org/apache/httpcomponents/httpmime/4.5.3/httpmime-4.5.3.jar
7f71fb17e000-7f71fb186000 r--s 00048000 fc:01 13676776                   /root/Desktop/Guidewire/WS_CC/repository/org/apache/httpcomponents/httpcore/4.4.6/httpcore-4.4.6.jar
7f71fb186000-7f71fb187000 r--s 00004000 fc:01 13677180                   /root/Desktop/Guidewire/WS_CC/repository/org/ow2/asm/asm-analysis/5.2/asm-analysis-5.2.jar
7f71fb187000-7f71fb189000 r--s 00001000 fc:01 13426740                   /root/Desktop/Guidewire/WS_CC/repository/com/guidewire/pl/codegen/codegen-api/0.10/codegen-api-0.10.jar
7f71fb189000-7f71fb1b7000 r--s 001da000 fc:01 13426723                   /root/Desktop/Guidewire/WS_CC/repository/com/guidewire/pl/xml/parser/gw-xml-parser/1.1.0/gw-xml-parser-1.1.0.jar
7f71fb1b7000-7f71fb1b8000 r--s 00000000 fc:01 13426717                   /root/Desktop/Guidewire/WS_CC/repository/com/guidewire/pl/xml/xml-api/0.2/xml-api-0.2.jar
7f71fb1b8000-7f71fb1bb000 r--s 0000e000 fc:01 13427112                   /root/Desktop/Guidewire/WS_CC/repository/com/guidewire/commons/performance/perf-analyzer/1.0.9/perf-analyzer-1.0.9.jar
7f71fb1bb000-7f71fb1bd000 r--s 00016000 fc:01 13677148                   /root/Desktop/Guidewire/WS_CC/repository/org/custommonkey/xmlunit/com.springsource.org.custommonkey.xmlunit/1.2.0/com.springsource.org.custommonkey.xmlunit-1.2.0.jar
7f71fb1bd000-7f71fb1c1000 r--s 00022000 fc:01 13677134                   /root/Desktop/Guidewire/WS_CC/repository/org/antlr/com.springsource.org.antlr.runtime/3.1.3/com.springsource.org.antlr.runtime-3.1.3.jar
7f71fb1c1000-7f71fb1ca000 r--s 00028000 fc:01 13677441                   /root/Desktop/Guidewire/WS_CC/repository/gw/managed/osgi/libphonenumber/5.1/libphonenumber-5.1.jar
7f71fb1ca000-7f71fb1cb000 r--s 00005000 fc:01 13427227                   /root/Desktop/Guidewire/WS_CC/repository/com/googlecode/json-simple/json-simple/1.1.1/json-simple-1.1.1.jar
7f71fb1cb000-7f71fb1e8000 r--s 00273000 fc:01 13677498                   /root/Desktop/Guidewire/WS_CC/repository/gw/managed/xalan-without-bcel/2.7.1/xalan-without-bcel-2.7.1.jar
7f71fb1e8000-7f71fb1eb000 r--s 0001f000 fc:01 13677699                   /root/Desktop/Guidewire/WS_CC/repository/commons-validator/commons-validator/1.3.1/commons-validator-1.3.1.jar
7f71fb1eb000-7f71fb1ee000 r--s 0001e000 fc:01 13676869                   /root/Desktop/Guidewire/WS_CC/repository/org/apache/velocity/velocity-tools/1.3/velocity-tools-1.3.jar
7f71fb1ee000-7f71fb1f6000 r--s 00058000 fc:01 13676865                   /root/Desktop/Guidewire/WS_CC/repository/org/apache/velocity/velocity/1.5/velocity-1.5.jar
7f71fb1f6000-7f71fb1f8000 r--s 00006000 fc:01 13677690                   /root/Desktop/Guidewire/WS_CC/repository/ch/qos/cal10n/cal10n-api/0.7.4/cal10n-api-0.7.4.jar
7f71fb1f8000-7f71fb1fa000 r--s 00009000 fc:01 13676958                   /root/Desktop/Guidewire/WS_CC/repository/org/slf4j/slf4j-ext/1.7.12/slf4j-ext-1.7.12.jar
7f71fb1fa000-7f71fb1fd000 r--s 00041000 fc:01 13677683                   /root/Desktop/Guidewire/WS_CC/repository/xalan/serializer/2.7.1/serializer-2.7.1.jar
7f71fb1fd000-7f71fb207000 r--s 00098000 fc:01 13677125                   /root/Desktop/Guidewire/WS_CC/repository/org/quartz-scheduler/quartz/2.2.2/quartz-2.2.2.jar
7f71fb207000-7f71fb20f000 r--s 00078000 fc:01 13677402                   /root/Desktop/Guidewire/WS_CC/repository/javax/mail/mail/1.4.7/mail-1.4.7.jar
7f71fb20f000-7f71fb210000 r--s 00001000 fc:01 13426687                   /root/Desktop/Guidewire/WS_CC/repository/com/guidewire/pl/logging/logging-api/0.1.3/logging-api-0.1.3.jar
7f71fb210000-7f71fb212000 r--s 00008000 fc:01 13677119                   /root/Desktop/Guidewire/WS_CC/repository/org/joda/joda-convert/1.3/joda-convert-1.3.jar
7f71fb212000-7f71fb222000 r--s 00089000 fc:01 13677677                   /root/Desktop/Guidewire/WS_CC/repository/joda-time/joda-time/2.9.1/joda-time-2.9.1.jar
7f71fb222000-7f71fb224000 r--s 0000b000 fc:01 13677013                   /root/Desktop/Guidewire/WS_CC/repository/org/eclipse/jetty/jetty-plus/9.0.7.v20131107/jetty-plus-9.0.7.v20131107.jar
7f71fb224000-7f71fb225000 r--s 0000b000 fc:01 13676998                   /root/Desktop/Guidewire/WS_CC/repository/org/eclipse/jetty/jetty-start/9.0.7.v20131107/jetty-start-9.0.7.v20131107.jar
7f71fb225000-7f71fb227000 r--s 0000e000 fc:01 13677672                   /root/Desktop/Guidewire/WS_CC/repository/oro/oro/2.0.8/oro-2.0.8.jar
7f71fb227000-7f71fb279000 r--s 00935000 fc:01 13427318                   /root/Desktop/Guidewire/WS_CC/repository/com/ibm/icu/icu4j/51.2/icu4j-51.2.jar
7f71fb279000-7f71fb27f000 r--s 00024000 fc:01 13677494                   /root/Desktop/Guidewire/WS_CC/repository/gw/managed/batik-gui-util/1.7/batik-gui-util-1.7.jar
7f71fb27f000-7f71fb281000 r--s 0000d000 fc:01 13677667                   /root/Desktop/Guidewire/WS_CC/repository/avalon-framework/avalon-framework-impl/4.2.0/avalon-framework-impl-4.2.0.jar
7f71fb281000-7f71fb283000 r--s 00007000 fc:01 13677663                   /root/Desktop/Guidewire/WS_CC/repository/avalon-framework/avalon-framework-api/4.2.0/avalon-framework-api-4.2.0.jar
7f71fb283000-7f71fb2bc000 r--s 00329000 fc:01 13676790                   /root/Desktop/Guidewire/WS_CC/repository/org/apache/xmlgraphics/fop/1.1/fop-1.1.jar
7f71fb2bc000-7f71fb2c0000 r--s 0001b000 fc:01 13677490                   /root/Desktop/Guidewire/WS_CC/repository/gw/managed/cotta/3.0.0-beta/cotta-3.0.0-beta.jar
7f71fb2c0000-7f71fb2c3000 r--s 00018000 fc:01 13676639                   /root/Desktop/Guidewire/WS_CC/repository/org/apache/commons/commons-pool2/2.3/commons-pool2-2.3.jar
7f71fb2c3000-7f71fb2cb000 r--s 0004b000 fc:01 13677657                   /root/Desktop/Guidewire/WS_CC/repository/commons-math/commons-math/1.2/commons-math-1.2.jar
7f71fb2cb000-7f71fb2cf000 r--s 0003c000 fc:01 13677651                   /root/Desktop/Guidewire/WS_CC/repository/commons-lang/commons-lang/2.4/commons-lang-2.4.jar
7f71fb2cf000-7f71fb2d4000 r--s 0003d000 fc:01 13677645                   /root/Desktop/Guidewire/WS_CC/repository/commons-jxpath/commons-jxpath/1.1/commons-jxpath-1.1.jar
7f71fb2d4000-7f71fb2da000 r--s 00045000 fc:01 13677640                   /root/Desktop/Guidewire/WS_CC/repository/commons-httpclient/commons-httpclient/3.1/commons-httpclient-3.1.jar
7f71fb2da000-7f71fb2dc000 r--s 0000f000 fc:01 13677634                   /root/Desktop/Guidewire/WS_CC/repository/commons-fileupload/commons-fileupload/1.3.1/commons-fileupload-1.3.1.jar
7f71fb2dc000-7f71fb2df000 r--s 00011000 fc:01 13677628                   /root/Desktop/Guidewire/WS_CC/repository/commons-discovery/commons-discovery/0.5/commons-discovery-0.5.jar
7f71fb2df000-7f71fb2e5000 r--s 0002b000 fc:01 13677622                   /root/Desktop/Guidewire/WS_CC/repository/commons-digester/commons-digester/2.1/commons-digester-2.1.jar
7f71fb2e5000-7f71fb2e8000 r--s 00027000 fc:01 13676634                   /root/Desktop/Guidewire/WS_CC/repository/org/apache/commons/commons-dbcp2/2.0.1/commons-dbcp2-2.0.1.jar
7f71fb2e8000-7f71fb2f5000 r--s 00083000 fc:01 13677616                   /root/Desktop/Guidewire/WS_CC/repository/commons-collections/commons-collections/3.2.2/commons-collections-3.2.2.jar
7f71fb2f5000-7f71fb2f7000 r--s 00009000 fc:01 13677367                   /root/Desktop/Guidewire/WS_CC/repository/commons-cli/commons-cli/1.2/commons-cli-1.2.jar
7f71fb2f7000-7f71fb2fc000 r--s 00035000 fc:01 13677610                   /root/Desktop/Guidewire/WS_CC/repository/commons-beanutils/commons-beanutils/1.9.2/commons-beanutils-1.9.2.jar
7f71fb2fc000-7f71fb2ff000 r--s 00028000 fc:01 13677486                   /root/Desktop/Guidewire/WS_CC/repository/gw/managed/bfopdf-stamp/2.13.2/bfopdf-stamp-2.13.2.jar
7f71fb2ff000-7f71fb304000 r--s 000ad000 fc:01 13677482                   /root/Desktop/Guidewire/WS_CC/repository/gw/managed/bfopdf-qrcode/2.13.2/bfopdf-qrcode-2.13.2.jar
7f71fb304000-7f71fb306000 r--s 00108000 fc:01 13677478                   /root/Desktop/Guidewire/WS_CC/repository/gw/managed/bfopdf-cmap/2.13.2/bfopdf-cmap-2.13.2.jar
7f71fb306000-7f71fb329000 r--s 0024f000 fc:01 13677474                   /root/Desktop/Guidewire/WS_CC/repository/gw/managed/bfopdf/2.13.2/bfopdf-2.13.2.jar
7f71fb329000-7f71fb32b000 r--s 00014000 fc:01 13677605                   /root/Desktop/Guidewire/WS_CC/repository/jline/jline/0.9.94/jline-0.9.94.jar
7f71fb32b000-7f71fb33a000 r--s 00087000 fc:01 13677470                   /root/Desktop/Guidewire/WS_CC/repository/gw/managed/gw-commons-collections/3.2.2/gw-commons-collections-3.2.2.jar
7f71fb33a000-7f71fb345000 r--s 000ac000 fc:01 13427400                   /root/Desktop/Guidewire/WS_CC/repository/org/gosu-lang/gosu/managed/gw-jetty/6.1.26RC0-4/gw-jetty-6.1.26RC0-4.jar
7f71fb345000-7f71fb347000 r--s 00011000 fc:01 13426713                   /root/Desktop/Guidewire/WS_CC/repository/com/guidewire/pl/xml/gw-gx/3.0.2/gw-gx-3.0.2.jar
7f71fb347000-7f71fb358000 r--s 000b2000 fc:01 13426709                   /root/Desktop/Guidewire/WS_CC/repository/com/guidewire/pl/xml/gw-webservices-client/3.0.2/gw-webservices-client-3.0.2.jar
7f71fb358000-7f71fb359000 r--s 00003000 fc:01 13426700                   /root/Desktop/Guidewire/WS_CC/repository/com/guidewire/pl/modules/9.14.5/modules-9.14.5.jar
7f71fb359000-7f71fb35a000 r--s 00001000 fc:01 13426696                   /root/Desktop/Guidewire/WS_CC/repository/com/guidewire/pl/gosu-servlet/9.14.5/gosu-servlet-9.14.5.jar
7f71fb35a000-7f71fb35c000 r--s 00005000 fc:01 13426692                   /root/Desktop/Guidewire/WS_CC/repository/com/guidewire/pl/gosu-process/9.14.5/gosu-process-9.14.5.jar
7f71fb35c000-7f71fb35d000 r--s 00009000 fc:01 13677466                   /root/Desktop/Guidewire/WS_CC/repository/gw/managed/sqlinform-pro/4.8.49/sqlinform-pro-4.8.49.jar
7f71fb35d000-7f71fb360000 r--s 00012000 fc:01 13677396                   /root/Desktop/Guidewire/WS_CC/repository/javax/servlet/javax.servlet-api/3.0.1/javax.servlet-api-3.0.1.jar
7f71fb360000-7f71fb36a000 r--s 00120000 fc:01 13427311                   /root/Desktop/Guidewire/WS_CC/repository/com/h2database/h2/1.2.147/h2-1.2.147.jar
7f71fb36a000-7f71fb371000 r--s 00089000 fc:01 13677462                   /root/Desktop/Guidewire/WS_CC/repository/gw/managed/sqljdbc/4.1/sqljdbc-4.1.jar
7f71fb371000-7f71fb398000 r--s 00361000 fc:01 13677458                   /root/Desktop/Guidewire/WS_CC/repository/gw/managed/ojdbc7/12.1.0.2.0-prod/ojdbc7-12.1.0.2.0-prod.jar
7f71fb398000-7f71fb39b000 r--s 00009000 fc:01 13427261                   /root/Desktop/Guidewire/WS_CC/repository/com/fasterxml/jackson/core/jackson-annotations/2.6.0/jackson-annotations-2.6.0.jar
7f71fb39b000-7f71fb3ac000 r--s 0010b000 fc:01 13427270                   /root/Desktop/Guidewire/WS_CC/repository/com/fasterxml/jackson/core/jackson-databind/2.6.0/jackson-databind-2.6.0.jar
7f71fb3ac000-7f71fb3b0000 r--s 0003c000 fc:01 13427252                   /root/Desktop/Guidewire/WS_CC/repository/com/fasterxml/jackson/core/jackson-core/2.6.0/jackson-core-2.6.0.jar
7f71fb3b0000-7f71fb3b2000 r--s 00002000 fc:01 13426679                   /root/Desktop/Guidewire/WS_CC/repository/com/guidewire/pl/logging/logging-over-log4j/0.1.3/logging-over-log4j-0.1.3.jar
7f71fb3b2000-7f71fb3b6000 r--s 00029000 fc:01 13676897                   /root/Desktop/Guidewire/WS_CC/repository/org/codehaus/woodstox/stax2-api/3.1.1/stax2-api-3.1.1.jar
7f71fb3b6000-7f71fb46f000 r--s 004a9000 fc:01 13676741                   /root/Desktop/Guidewire/WS_CC/repository/org/apache/poi/poi-ooxml-schemas/3.13/poi-ooxml-schemas-3.13.jar
7f71fb46f000-7f71fb499000 r--s 00238000 fc:01 13676736                   /root/Desktop/Guidewire/WS_CC/repository/org/apache/poi/poi/3.13/poi-3.13.jar
7f71fb499000-7f71fb4c4000 r--s 001fc000 fc:01 9549354                    /root/Desktop/Guidewire/WS_CC/repository/com/google/guava/guava/18.0/guava-18.0.jar
7f71fb4c4000-7f71fb4d3000 r--s 000d2000 fc:01 13677343                   /root/Desktop/Guidewire/WS_CC/repository/biz/aQute/bndlib/1.50.0/bndlib-1.50.0.jar
7f71fb4d3000-7f71fb4e8000 r--s 00132000 fc:01 13676591                   /root/Desktop/Guidewire/WS_CC/repository/org/apache/ant/com.springsource.org.apache.tools.ant/1.7.1/com.springsource.org.apache.tools.ant-1.7.1.jar
7f71fb4e8000-7f71fb4eb000 r--s 00015000 fc:01 13676587                   /root/Desktop/Guidewire/WS_CC/repository/org/apache/ant/com.springsource.org.apache.tool.ant.taskdefs.optional.junit/1.7.1/com.springsource.org.apache.tool.ant.taskdefs.optional.junit-1.7.1.jar
7f71fb4eb000-7f71fb562000 r--s 009fa000 fc:01 13427305                   /root/Desktop/Guidewire/WS_CC/repository/com/aspose/aspose-words/15.10.0/aspose-words-15.10.0-jdk16.jar
7f71fb562000-7f71fb56b000 r--s 0006f000 fc:01 13677555                   /root/Desktop/Guidewire/WS_CC/repository/log4j/log4j/1.2.17/log4j-1.2.17.jar
7f71fb56b000-7f71fb56c000 r--s 00007000 fc:01 13676942                   /root/Desktop/Guidewire/WS_CC/repository/org/slf4j/slf4j-api/1.7.12/slf4j-api-1.7.12.jar
7f71fb56c000-7f71fb570000 r--s 00038000 fc:01 13676906                   /root/Desktop/Guidewire/WS_CC/repository/org/codehaus/plexus/plexus-utils/3.0.22/plexus-utils-3.0.22.jar
7f71fb570000-7f71fb572000 r--s 00009000 fc:01 13676988                   /root/Desktop/Guidewire/WS_CC/repository/org/hamcrest/hamcrest-core/1.3/hamcrest-core-1.3.jar
7f71fb572000-7f71fb57f000 r--s 000aa000 fc:01 13676765                   /root/Desktop/Guidewire/WS_CC/repository/org/apache/httpcomponents/httpclient/4.5.3/httpclient-4.5.3.jar
7f71fb57f000-7f71fb585000 r--s 00033000 fc:01 13677549                   /root/Desktop/Guidewire/WS_CC/repository/commons-codec/commons-codec/1.6/commons-codec-1.6.jar
7f71fb585000-7f71fb58b000 r--s 00048000 fc:01 13676629                   /root/Desktop/Guidewire/WS_CC/repository/org/apache/commons/commons-lang3/3.1/commons-lang3-3.1.jar
7f71fb58b000-7f71fb58f000 r--s 0002a000 fc:01 13677377                   /root/Desktop/Guidewire/WS_CC/repository/commons-io/commons-io/2.4/commons-io-2.4.jar
7f71fb58f000-7f71fb598000 r--s 00068000 fc:01 13676752                   /root/Desktop/Guidewire/WS_CC/repository/org/apache/solr/solr-solrj/4.10.4-gw-2/solr-solrj-4.10.4-gw-2.jar
7f71fb598000-7f71fb5a4000 r--s 000b6000 fc:01 13676746                   /root/Desktop/Guidewire/WS_CC/repository/org/apache/zookeeper/zookeeper/3.4.6/zookeeper-3.4.6.jar
7f71fb5a4000-7f71fb5a9000 r--s 00023000 fc:01 13426674                   /root/Desktop/Guidewire/WS_CC/repository/com/guidewire/pl/perfdownload-collector/9.14.5/perfdownload-collector-9.14.5.jar
7f71fb5a9000-7f71fb5ab000 r--s 00007000 fc:01 13427105                   /root/Desktop/Guidewire/WS_CC/repository/com/guidewire/xml/simple/simplexml/1.6/simplexml-1.6.jar
7f71fb5ab000-7f71fb5ac000 r--s 00002000 fc:01 13426669                   /root/Desktop/Guidewire/WS_CC/repository/com/guidewire/pl/pli18n/0.4.1/pli18n-0.4.1.jar
7f71fb5ac000-7f71fb5af000 r--s 00006000 fc:01 13427139                   /root/Desktop/Guidewire/WS_CC/repository/com/google/code/findbugs/jsr305/3.0.0/jsr305-3.0.0.jar
7f71fb5af000-7f71fb5b1000 r--s 00006000 fc:01 13677175                   /root/Desktop/Guidewire/WS_CC/repository/org/ow2/asm/asm-tree/5.2/asm-tree-5.2.jar
7f71fb5b1000-7f71fb5b2000 r--s 0000a000 fc:01 13677170                   /root/Desktop/Guidewire/WS_CC/repository/org/ow2/asm/asm-util/5.2/asm-util-5.2.jar
7f71fb5b2000-7f71fb5b4000 r--s 0000c000 fc:01 13677160                   /root/Desktop/Guidewire/WS_CC/repository/org/ow2/asm/asm/5.2/asm-5.2.jar
7f71fb5b4000-7f71fb624000 r--s 00641000 fc:01 13676936                   /root/Desktop/Guidewire/WS_CC/repository/org/codehaus/groovy/groovy-all/2.4.7/groovy-all-2.4.7.jar
7f71fb624000-7f71fb63c000 r--s 0012b000 fc:01 13426705                   /root/Desktop/Guidewire/WS_CC/repository/com/guidewire/pl/xml/gw-xml/3.0.2/gw-xml-3.0.2.jar
7f71fb63c000-7f71fb63e000 r--s 00008000 fc:01 13677232                   /root/Desktop/Guidewire/WS_CC/repository/org/objenesis/objenesis/1.3/objenesis-1.3.jar
7f71fb63e000-7f71fb67c000 r--s 005df000 fc:01 13427300                   /root/Desktop/Guidewire/WS_CC/repository/com/aspose/aspose-cells/8.6.1/aspose-cells-8.6.1.jar
7f71fb67c000-7f71fb68c000 r--s 000b8000 fc:01 13426664                   /root/Desktop/Guidewire/WS_CC/repository/com/guidewire/pl/util/9.14.5/util-9.14.5.jar
7f71fb68c000-7f71fb694000 r--s 0007b000 fc:01 13171428                   /root/Desktop/Guidewire/WS_CC/repository/com/google/protobuf/protobuf-java/2.5.0/protobuf-java-2.5.0.jar
7f71fb694000-7f71fb6ac000 r--s 0010f000 fc:01 13677543                   /root/Desktop/Guidewire/WS_CC/repository/io/netty/netty/3.6.6.Final/netty-3.6.6.Final.jar
7f71fb6ac000-7f71fb6ae000 r--s 0000c000 fc:01 13427191                   /root/Desktop/Guidewire/WS_CC/repository/com/google/gdata/gdata-client/1.0/gdata-client-1.0.jar
7f71fb6ae000-7f71fb6af000 r--s 00000000 fc:01 13426865                   /root/Desktop/Guidewire/WS_CC/repository/com/guidewire/pl/perfdownload-collector-test/9.14.5/perfdownload-collector-test-9.14.5.jar
7f71fb6af000-7f71fb6b0000 r--s 00000000 fc:01 13426518                   /root/Desktop/Guidewire/WS_CC/repository/com/guidewire/pl/entity/entity-codegen-annotations/9.10.16/entity-codegen-annotations-9.10.16.jar
7f71fb6b0000-7f71fb6b2000 r--s 00009000 fc:01 13427356                   /root/Desktop/Guidewire/WS_CC/repository/org/gosu-lang/gosu/managed/gw-commons-cli/1.2-1/gw-commons-cli-1.2-1.jar
7f71fb6b2000-7f71fb6b3000 r--s 00002000 fc:01 13427439                   /root/Desktop/Guidewire/WS_CC/repository/org/gosu-lang/gosu/gosu-ant-tools/1.13.16/gosu-ant-tools-1.13.16.jar
7f71fb6b3000-7f71fb6b4000 r--s 00004000 fc:01 13427294                   /root/Desktop/Guidewire/WS_CC/repository/com/intellij/annotations/12.0/annotations-12.0.jar
7f71fb6b4000-7f71fb6b6000 r--s 00000000 fc:01 13426659                   /root/Desktop/Guidewire/WS_CC/repository/com/guidewire/pl/servlet/gw-servlet-filters/1.0.0/gw-servlet-filters-1.0.0.jar
7f71fb6b6000-7f71fb6bb000 r--s 00070000 fc:01 13676889                   /root/Desktop/Guidewire/WS_CC/repository/org/codehaus/woodstox/woodstox-core-asl/4.1.2/woodstox-core-asl-4.1.2.jar
7f71fb6bb000-7f71fb6bd000 r--s 00013000 fc:01 13677537                   /root/Desktop/Guidewire/WS_CC/repository/xml-resolver/xml-resolver/1.2/xml-resolver-1.2.jar
7f71fb6bd000-7f71fb6cb000 r--s 00109000 fc:01 13676731                   /root/Desktop/Guidewire/WS_CC/repository/org/apache/poi/poi-ooxml/3.13/poi-ooxml-3.13.jar
7f71fb6cb000-7f71fb6cd000 r--s 00036000 fc:01 13677454                   /root/Desktop/Guidewire/WS_CC/repository/gw/managed/sdoapi/12.1.0.2.0/sdoapi-12.1.0.2.0.jar
7f71fb6cd000-7f71fb6cf000 r--s 00008000 fc:01 13427288                   /root/Desktop/Guidewire/WS_CC/repository/com/fasterxml/uuid/java-uuid-generator/3.1.3/java-uuid-generator-3.1.3.jar
7f71fb6cf000-7f71fb6d1000 r--s 00000000 fc:01 13426608                   /root/Desktop/Guidewire/WS_CC/repository/com/guidewire/pl/integration/gw-integration-inbound-plugin-jms-api/0.2.45/gw-integration-inbound-plugin-jms-api-0.2.45.jar
7f71fb6d1000-7f71fb6d3000 r--s 00000000 fc:01 13426603                   /root/Desktop/Guidewire/WS_CC/repository/com/guidewire/pl/integration/gw-integration-inbound-plugin-db-api/0.2.45/gw-integration-inbound-plugin-db-api-0.2.45.jar
7f71fb6d3000-7f71fb6d5000 r--s 00000000 fc:01 13426598                   /root/Desktop/Guidewire/WS_CC/repository/com/guidewire/pl/integration/gw-integration-inbound-plugin-files-api/0.2.45/gw-integration-inbound-plugin-files-api-0.2.45.jar
7f71fb6d5000-7f71fb6d6000 r--s 00001000 fc:01 13426593                   /root/Desktop/Guidewire/WS_CC/repository/com/guidewire/pl/integration/gw-integration-inbound-api/0.2.45/gw-integration-inbound-api-0.2.45.jar
7f71fb6d6000-7f71fb6d7000 r--s 00000000 fc:01 13426588                   /root/Desktop/Guidewire/WS_CC/repository/com/guidewire/pl/integration/gw-integration-execution-api/0.2.45/gw-integration-execution-api-0.2.45.jar
7f71fb6d7000-7f71fb6d8000 r--s 00000000 fc:01 13426583                   /root/Desktop/Guidewire/WS_CC/repository/com/guidewire/pl/integration/gw-integration-jndi-api/0.2.45/gw-integration-jndi-api-0.2.45.jar
7f71fb6d8000-7f71fb6d9000 r--s 00000000 fc:01 13426578                   /root/Desktop/Guidewire/WS_CC/repository/com/guidewire/pl/integration/gw-integration-cm-api/0.2.45/gw-integration-cm-api-0.2.45.jar
7f71fb6d9000-7f71fb6da000 r--s 00000000 fc:01 13426570                   /root/Desktop/Guidewire/WS_CC/repository/com/guidewire/pl/integration/gw-integration-runtime-api/0.2.45/gw-integration-runtime-api-0.2.45.jar
7f71fb6da000-7f71fb6dc000 r--s 0000c000 fc:01 13676669                   /root/Desktop/Guidewire/WS_CC/repository/org/apache/maven/maven-artifact/3.3.9/maven-artifact-3.3.9.jar
7f71fb6dc000-7f71fb6de000 r--s 00006000 fc:01 13676711                   /root/Desktop/Guidewire/WS_CC/repository/org/apache/geronimo/specs/geronimo-jms_1.1_spec/1.1.1/geronimo-jms_1.1_spec-1.1.1.jar
7f71fb6de000-7f71fb6e4000 r--s 00036000 fc:01 13677531                   /root/Desktop/Guidewire/WS_CC/repository/junit/junit/4.11/junit-4.11.jar
7f71fb6e4000-7f71fb6e7000 r--s 00010000 fc:01 13427100                   /root/Desktop/Guidewire/WS_CC/repository/com/guidewire/xml/simple/simplexml-schema/1.3.3/simplexml-schema-1.3.3.jar
7f71fb6e7000-7f71fb6e8000 r--s 0000b000 fc:01 13426556                   /root/Desktop/Guidewire/WS_CC/repository/com/guidewire/pl/web/org.json/1.0.0/org.json-1.0.0.jar
7f71fb6e8000-7f71fb6ed000 r--s 0002a000 fc:01 13426551                   /root/Desktop/Guidewire/WS_CC/repository/com/guidewire/pl/solr/9.14.5/solr-9.14.5.jar
7f71fb6ed000-7f71fb6fb000 r--s 001c3000 fc:01 13426547                   /root/Desktop/Guidewire/WS_CC/repository/com/guidewire/pl/perfdownload-analyzer/9.14.5/perfdownload-analyzer-9.14.5.jar
7f71fb6fb000-7f71fb710000 r--s 00094000 fc:01 13426514                   /root/Desktop/Guidewire/WS_CC/repository/com/guidewire/pl/entity/entity-metadata-api/9.10.16/entity-metadata-api-9.10.16.jar
7f71fb710000-7f71fb724000 r--s 0012b000 fc:01 13677421                   /root/Desktop/Guidewire/WS_CC/repository/gw/managed/osgi/equinox/org.eclipse.osgi/3.10.101/org.eclipse.osgi-3.10.101.jar
7f71fb724000-7f71fb728000 r--s 00043000 fc:01 13426918                   /root/Desktop/Guidewire/WS_CC/repository/com/guidewire/pl/personaldata/9.14.5/personaldata-9.14.5.jar
7f71fb728000-7f71fb72a000 r--s 00008000 fc:01 13426761                   /root/Desktop/Guidewire/WS_CC/repository/com/guidewire/pl/heatmap/9.14.5/heatmap-9.14.5.jar
7f71fb72a000-7f71fb72c000 r--s 0000c000 fc:01 13426542                   /root/Desktop/Guidewire/WS_CC/repository/com/guidewire/pl/plugin/9.14.5/plugin-9.14.5.jar
7f71fb72c000-7f71fb73f000 r--s 000ff000 fc:01 13426859                   /root/Desktop/Guidewire/WS_CC/repository/com/guidewire/pl/bizrules/9.14.5/bizrules-9.14.5.jar
7f71fb73f000-7f71fb741000 r--s 00001000 fc:01 13427435                   /root/Desktop/Guidewire/WS_CC/repository/org/gosu-lang/gosu/gosu-classredefiner/1.0.1/gosu-classredefiner-1.0.1.jar
7f71fb741000-7f71fb743000 r--s 00008000 fc:01 13426735                   /root/Desktop/Guidewire/WS_CC/repository/com/guidewire/pl/xml/gw-xml-testframework/3.0.2/gw-xml-testframework-3.0.2.jar
7f71fb743000-7f71fb745000 r--s 0000a000 fc:01 13677510                   /root/Desktop/Guidewire/WS_CC/repository/gw/managed/strutstest/2.1.3/strutstest-2.1.3.jar
7f71fb745000-7f71fb749000 r--s 00028000 fc:01 13427334                   /root/Desktop/Guidewire/WS_CC/repository/com/thoughtworks/qdox/qdox/1.12/qdox-1.12.jar
7f71fb749000-7f71fb74a000 r--s 00000000 fc:01 13427215                   /root/Desktop/Guidewire/WS_CC/repository/com/google/gdata/gdata-spreadsheet-meta/1.0/gdata-spreadsheet-meta-1.0.jar
7f71fb74a000-7f71fb74c000 r--s 00005000 fc:01 13427211                   /root/Desktop/Guidewire/WS_CC/repository/com/google/gdata/gdata-spreadsheet/1.0/gdata-spreadsheet-1.0.jar
7f71fb74c000-7f71fb74e000 r--s 00009000 fc:01 13427207                   /root/Desktop/Guidewire/WS_CC/repository/com/google/gdata/gdata-media/1.0/gdata-media-1.0.jar
7f71fb74e000-7f71fb74f000 r--s 00000000 fc:01 13427203                   /root/Desktop/Guidewire/WS_CC/repository/com/google/gdata/gdata-docs-meta/1.0/gdata-docs-meta-1.0.jar
7f71fb74f000-7f71fb751000 r--s 00001000 fc:01 13427199                   /root/Desktop/Guidewire/WS_CC/repository/com/google/gdata/gdata-docs/1.0/gdata-docs-1.0.jar
7f71fb751000-7f71fb758000 r--s 00038000 fc:01 13427175                   /root/Desktop/Guidewire/WS_CC/repository/com/google/gdata/gdata-core/1.0/gdata-core-1.0.jar
7f71fb758000-7f71fb759000 r--s 00000000 fc:01 13427195                   /root/Desktop/Guidewire/WS_CC/repository/com/google/gdata/gdata-client-meta/1.0/gdata-client-meta-1.0.jar
7f71fb759000-7f71fb75b000 r--s 0000b000 fc:01 13427187                   /root/Desktop/Guidewire/WS_CC/repository/com/google/gdata/gdata-base/1.0/gdata-base-1.0.jar
7f71fb75b000-7f71fb75c000 r--s 00000000 fc:01 13427183                   /root/Desktop/Guidewire/WS_CC/repository/com/google/gdata/gdata-appsforyourdomain-meta/1.0/gdata-appsforyourdomain-meta-1.0.jar
7f71fb75c000-7f71fb75e000 r--s 00008000 fc:01 13427179                   /root/Desktop/Guidewire/WS_CC/repository/com/google/gdata/gdata-appsforyourdomain/1.0/gdata-appsforyourdomain-1.0.jar
7f71fb75e000-7f71fb760000 r--s 00004000 fc:01 13677227                   /root/Desktop/Guidewire/WS_CC/repository/org/easytesting/fest-util/1.1.4/fest-util-1.1.4.jar
7f71fb760000-7f71fb763000 r--s 00015000 fc:01 13677218                   /root/Desktop/Guidewire/WS_CC/repository/org/easytesting/fest-assert/1.3/fest-assert-1.3.jar
7f71fb763000-7f71fb766000 r--s 00019000 fc:01 13677209                   /root/Desktop/Guidewire/WS_CC/repository/org/easymock/easymock/3.1/easymock-3.1.jar
7f71fb766000-7f71fb769000 r--s 00008000 fc:01 13677204                   /root/Desktop/Guidewire/WS_CC/repository/org/aspectj/aspectjrt/1.2.1/aspectjrt-1.2.1.jar
7f71fb769000-7f71fb76e000 r--s 0003b000 fc:01 13676879                   /root/Desktop/Guidewire/WS_CC/repository/org/apache/cactus/cactus/1.7.1/cactus-1.7.1.jar
7f71fb76e000-7f71fb770000 r--s 00002000 fc:01 13676583                   /root/Desktop/Guidewire/WS_CC/repository/org/apache/ant/com.springsource.org.apache.tools.ant.launch/1.7.1/com.springsource.org.apache.tools.ant.launch-1.7.1.jar
7f71fb770000-7f71fb771000 r--s 00004000 fc:01 13426855                   /root/Desktop/Guidewire/WS_CC/repository/com/guidewire/pl/testresult-formatter/9.14.5/testresult-formatter-9.14.5.jar
7f71fb771000-7f71fb773000 r--s 00012000 fc:01 13427459                   /root/Desktop/Guidewire/WS_CC/repository/org/gosu-lang/gosu/gosu-test-api/1.13.16/gosu-test-api-1.13.16.jar
7f71fb773000-7f71fb777000 r--s 0001d000 fc:01 13427454                   /root/Desktop/Guidewire/WS_CC/repository/org/gosu-lang/gosu/gosu-core-api-precompiled/1.13.16/gosu-core-api-precompiled-1.13.16.jar
7f71fb777000-7f71fb779000 r--s 00008000 fc:01 13426851                   /root/Desktop/Guidewire/WS_CC/repository/com/guidewire/pl/perfdownload-analyzer-test/9.14.5/perfdownload-analyzer-test-9.14.5.jar
7f71fb779000-7f71fb8e0000 r--s 01213000 fc:01 13426507                   /root/Desktop/Guidewire/WS_CC/repository/com/guidewire/pl/pl/9.14.5/pl-9.14.5.jar
7f71fb8e0000-7f71fb8e5000 r--s 0002d000 fc:01 13426502                   /root/Desktop/Guidewire/WS_CC/repository/com/guidewire/pl/beangraphutil/9.14.5/beangraphutil-9.14.5.jar
7f71fb8e5000-7f71fb8ed000 r--s 00045000 fc:01 13426497                   /root/Desktop/Guidewire/WS_CC/repository/com/guidewire/pl/contact/9.14.5/contact-9.14.5.jar
7f71fb8ed000-7f71fb9cd000 r--s 00c39000 fc:01 11106547                   /root/Desktop/Guidewire/WS_CC/repository/com/guidewire/cc/cc/9.0.4/cc-9.0.4.jar
7f71fb9cd000-7f71fb9d6000 r-xp 00000000 fc:01 8519638                    /usr/lib/jvm/java-8-openjdk-amd64/jre/lib/amd64/libmanagement.so
7f71fb9d6000-7f71fbbd5000 ---p 00009000 fc:01 8519638                    /usr/lib/jvm/java-8-openjdk-amd64/jre/lib/amd64/libmanagement.so
7f71fbbd5000-7f71fbbd6000 r--p 00008000 fc:01 8519638                    /usr/lib/jvm/java-8-openjdk-amd64/jre/lib/amd64/libmanagement.so
7f71fbbd6000-7f71fbbd7000 rw-p 00009000 fc:01 8519638                    /usr/lib/jvm/java-8-openjdk-amd64/jre/lib/amd64/libmanagement.so
7f71fbbd7000-7f71fbbed000 r-xp 00000000 fc:01 8519640                    /usr/lib/jvm/java-8-openjdk-amd64/jre/lib/amd64/libnet.so
7f71fbbed000-7f71fbdec000 ---p 00016000 fc:01 8519640                    /usr/lib/jvm/java-8-openjdk-amd64/jre/lib/amd64/libnet.so
7f71fbdec000-7f71fbded000 r--p 00015000 fc:01 8519640                    /usr/lib/jvm/java-8-openjdk-amd64/jre/lib/amd64/libnet.so
7f71fbded000-7f71fbdee000 rw-p 00016000 fc:01 8519640                    /usr/lib/jvm/java-8-openjdk-amd64/jre/lib/amd64/libnet.so
7f71fbdee000-7f71fbdff000 r-xp 00000000 fc:01 8519641                    /usr/lib/jvm/java-8-openjdk-amd64/jre/lib/amd64/libnio.so
7f71fbdff000-7f71fbffe000 ---p 00011000 fc:01 8519641                    /usr/lib/jvm/java-8-openjdk-amd64/jre/lib/amd64/libnio.so
7f71fbffe000-7f71fbfff000 r--p 00010000 fc:01 8519641                    /usr/lib/jvm/java-8-openjdk-amd64/jre/lib/amd64/libnio.so
7f71fbfff000-7f71fc000000 rw-p 00011000 fc:01 8519641                    /usr/lib/jvm/java-8-openjdk-amd64/jre/lib/amd64/libnio.so
7f71fc000000-7f71fc021000 rw-p 00000000 00:00 0 
7f71fc021000-7f7200000000 ---p 00000000 00:00 0 
7f7200000000-7f7200001000 r--s 00000000 fc:01 13427013                   /root/Desktop/Guidewire/WS_CC/repository/com/guidewire/cc/cc-pl-solr/9.0.4/cc-pl-solr-9.0.4.jar
7f7200001000-7f7200002000 r--s 00000000 fc:01 13427005                   /root/Desktop/Guidewire/WS_CC/repository/com/guidewire/cc/cc-pl-personaldata/9.0.4/cc-pl-personaldata-9.0.4.jar
7f7200002000-7f7200003000 r--s 00000000 fc:01 13427001                   /root/Desktop/Guidewire/WS_CC/repository/com/guidewire/cc/cc-pl-heatmap/9.0.4/cc-pl-heatmap-9.0.4.jar
7f7200003000-7f7200004000 r--s 00000000 fc:01 13427021                   /root/Desktop/Guidewire/WS_CC/repository/com/guidewire/cc/cc-plugin/9.0.4/cc-plugin-9.0.4.jar
7f7200004000-7f7200005000 r--s 00000000 fc:01 13426985                   /root/Desktop/Guidewire/WS_CC/repository/com/guidewire/cc/cc-pl-bizrules/9.0.4/cc-pl-bizrules-9.0.4.jar
7f7200005000-7f7200006000 r--s 00000000 fc:01 13426981                   /root/Desktop/Guidewire/WS_CC/repository/com/guidewire/cc/cc-pl/9.0.4/cc-pl-9.0.4.jar
7f7200006000-7f7200007000 r--s 00001000 fc:01 13426493                   /root/Desktop/Guidewire/WS_CC/repository/com/guidewire/pl/pl-appserver-jboss/9.14.5/pl-appserver-jboss-9.14.5.jar
7f7200007000-7f720000b000 r--s 00026000 fc:01 13677502                   /root/Desktop/Guidewire/WS_CC/repository/gw/managed/automaton/1.11/automaton-1.11.jar
7f720000b000-7f720000d000 r--s 00006000 fc:01 13426847                   /root/Desktop/Guidewire/WS_CC/repository/com/guidewire/pl/bizrules-gunit/9.14.5/bizrules-gunit-9.14.5.jar
7f720000d000-7f7200022000 r--s 00100000 fc:01 13426843                   /root/Desktop/Guidewire/WS_CC/repository/com/guidewire/pl/pl-gunit/9.14.5/pl-gunit-9.14.5.jar
7f7200022000-7f7200036000 r--s 000da000 fc:01 12911750                   /root/Desktop/Guidewire/WS_CC/repository/com/guidewire/cc/cc-gunit/9.0.4/cc-gunit-9.0.4.jar
7f7200036000-7f7200039000 ---p 00000000 00:00 0 
7f7200039000-7f7200137000 rw-p 00000000 00:00 0 
7f7200137000-7f7200139000 r--s 0000f000 fc:01 13427413                   /root/Desktop/Guidewire/WS_CC/repository/org/gosu-lang/gosu/managed/gw-jcommander/1.48/gw-jcommander-1.48.jar
7f7200139000-7f7200151000 r--s 001c9000 fc:01 13427444                   /root/Desktop/Guidewire/WS_CC/repository/org/gosu-lang/gosu/gosu-core/1.13.16/gosu-core-1.13.16.jar
7f7200151000-7f7200170000 r--s 00120000 fc:01 13427427                   /root/Desktop/Guidewire/WS_CC/repository/org/gosu-lang/gosu/gosu-core-api/1.13.16/gosu-core-api-1.13.16.jar
7f7200170000-7f720018b000 r--s 001d6000 fc:01 8519667                    /usr/lib/jvm/java-8-openjdk-amd64/jre/lib/ext/nashorn.jar
7f720018b000-7f72001a6000 r--s 00394000 fc:01 8519662                    /usr/lib/jvm/java-8-openjdk-amd64/jre/lib/ext/cldrdata.jar
7f72001a6000-7f72001a7000 ---p 00000000 00:00 0 
7f72001a7000-7f72002a7000 rw-p 00000000 00:00 0 
7f72002a7000-7f72002aa000 ---p 00000000 00:00 0 
7f72002aa000-7f72003a8000 rw-p 00000000 00:00 0 
7f72003a8000-7f72003a9000 ---p 00000000 00:00 0 
7f72003a9000-7f72003ac000 ---p 00000000 00:00 0 
7f72003ac000-7f72004a9000 rw-p 00000000 00:00 0 
7f72004a9000-7f72004aa000 ---p 00000000 00:00 0 
7f72004aa000-7f72004ad000 ---p 00000000 00:00 0 
7f72004ad000-7f72005aa000 rw-p 00000000 00:00 0 
7f72005aa000-7f72005ab000 ---p 00000000 00:00 0 
7f72005ab000-7f72005ae000 ---p 00000000 00:00 0 
7f72005ae000-7f72006ab000 rw-p 00000000 00:00 0 
7f72006ab000-7f72006ae000 ---p 00000000 00:00 0 
7f72006ae000-7f72007ac000 rw-p 00000000 00:00 0 
7f72007ac000-7f72007dd000 r--p 00000000 fc:01 7801                       /usr/lib/locale/C.UTF-8/LC_CTYPE
7f72007dd000-7f7200950000 r--p 00000000 fc:01 7800                       /usr/lib/locale/C.UTF-8/LC_COLLATE
7f7200950000-7f7200aeb000 r--p 00000000 fc:01 7795                       /usr/lib/locale/locale-archive
7f7200aeb000-7f7200aee000 ---p 00000000 00:00 0 
7f7200aee000-7f7200bec000 rw-p 00000000 00:00 0 
7f7200bec000-7f7200bef000 ---p 00000000 00:00 0 
7f7200bef000-7f7200ced000 rw-p 00000000 00:00 0 
7f7200ced000-7f7200cee000 ---p 00000000 00:00 0 
7f7200cee000-7f7204000000 rw-p 00000000 00:00 0 
7f7204000000-7f7204021000 rw-p 00000000 00:00 0 
7f7204021000-7f7208000000 ---p 00000000 00:00 0 
7f7208000000-7f7208021000 rw-p 00000000 00:00 0 
7f7208021000-7f720c000000 ---p 00000000 00:00 0 
7f720c000000-7f720c021000 rw-p 00000000 00:00 0 
7f720c021000-7f7210000000 ---p 00000000 00:00 0 
7f7210000000-7f7210001000 r--s 00000000 fc:01 13426489                   /root/Desktop/Guidewire/WS_CC/repository/com/guidewire/pl/pl-appserver-websphere/9.14.5/pl-appserver-websphere-9.14.5.jar
7f7210001000-7f72103ca000 rw-p 00000000 00:00 0 
7f72103ca000-7f721059a000 r--s 03c5c000 fc:01 8519691                    /usr/lib/jvm/java-8-openjdk-amd64/jre/lib/rt.jar
7f721059a000-7f7210eda000 rw-p 00000000 00:00 0 
7f7210eda000-7f7210edb000 ---p 00000000 00:00 0 
7f7210edb000-7f7210fdb000 rw-p 00000000 00:00 0 
7f7210fdb000-7f7210fdc000 ---p 00000000 00:00 0 
7f7210fdc000-7f72110dc000 rw-p 00000000 00:00 0 
7f72110dc000-7f72110dd000 ---p 00000000 00:00 0 
7f72110dd000-7f72111dd000 rw-p 00000000 00:00 0 
7f72111dd000-7f72111de000 ---p 00000000 00:00 0 
7f72111de000-7f72112de000 rw-p 00000000 00:00 0 
7f72112de000-7f72112df000 ---p 00000000 00:00 0 
7f72112df000-7f72113df000 rw-p 00000000 00:00 0 
7f72113df000-7f72113e0000 ---p 00000000 00:00 0 
7f72113e0000-7f721169f000 rw-p 00000000 00:00 0 
7f721169f000-7f7212a36000 ---p 00000000 00:00 0 
7f7212a36000-7f7212bf5000 rw-p 00000000 00:00 0 
7f7212bf5000-7f7213f8b000 ---p 00000000 00:00 0 
7f7213f8b000-7f721439f000 rw-p 00000000 00:00 0 
7f721439f000-7f7214a36000 ---p 00000000 00:00 0 
7f7214a36000-7f7214acd000 rw-p 00000000 00:00 0 
7f7214acd000-7f7214df7000 ---p 00000000 00:00 0 
7f7214df7000-7f7217357000 rwxp 00000000 00:00 0 
7f7217357000-7f7223df7000 ---p 00000000 00:00 0 
7f7223df7000-7f7223dff000 r-xp 00000000 fc:01 8519648                    /usr/lib/jvm/java-8-openjdk-amd64/jre/lib/amd64/libzip.so
7f7223dff000-7f7223ffe000 ---p 00008000 fc:01 8519648                    /usr/lib/jvm/java-8-openjdk-amd64/jre/lib/amd64/libzip.so
7f7223ffe000-7f7223fff000 r--p 00007000 fc:01 8519648                    /usr/lib/jvm/java-8-openjdk-amd64/jre/lib/amd64/libzip.so
7f7223fff000-7f7224000000 rw-p 00008000 fc:01 8519648                    /usr/lib/jvm/java-8-openjdk-amd64/jre/lib/amd64/libzip.so
7f7224000000-7f7225e12000 rw-p 00000000 00:00 0 
7f7225e12000-7f7228000000 ---p 00000000 00:00 0 
7f7228000000-7f7228001000 r--s 00000000 fc:01 13677506                   /root/Desktop/Guidewire/WS_CC/repository/gw/managed/xeger/1.0/xeger-1.0.jar
7f7228001000-7f7228007000 r--s 0003a000 fc:01 13427408                   /root/Desktop/Guidewire/WS_CC/repository/org/gosu-lang/gosu/managed/gw-asm-all/5.0.4/gw-asm-all-5.0.4.jar
7f7228007000-7f722800a000 r--s 00018000 fc:01 13427449                   /root/Desktop/Guidewire/WS_CC/repository/org/gosu-lang/gosu/gosu-doc/1.13.16/gosu-doc-1.13.16.jar
7f722800a000-7f7228014000 r--s 00116000 fc:01 8519666                    /usr/lib/jvm/java-8-openjdk-amd64/jre/lib/ext/localedata.jar
7f7228014000-7f7228017000 r--s 00039000 fc:01 8519670                    /usr/lib/jvm/java-8-openjdk-amd64/jre/lib/ext/sunpkcs11.jar
7f7228017000-7f72280ae000 rw-p 00000000 00:00 0 
7f72280ae000-7f72280b9000 r-xp 00000000 fc:01 2093                       /lib/x86_64-linux-gnu/libnss_files-2.27.so
7f72280b9000-7f72282b8000 ---p 0000b000 fc:01 2093                       /lib/x86_64-linux-gnu/libnss_files-2.27.so
7f72282b8000-7f72282b9000 r--p 0000a000 fc:01 2093                       /lib/x86_64-linux-gnu/libnss_files-2.27.so
7f72282b9000-7f72282ba000 rw-p 0000b000 fc:01 2093                       /lib/x86_64-linux-gnu/libnss_files-2.27.so
7f72282ba000-7f72282c0000 rw-p 00000000 00:00 0 
7f72282c0000-7f72282d7000 r-xp 00000000 fc:01 2090                       /lib/x86_64-linux-gnu/libnsl-2.27.so
7f72282d7000-7f72284d6000 ---p 00017000 fc:01 2090                       /lib/x86_64-linux-gnu/libnsl-2.27.so
7f72284d6000-7f72284d7000 r--p 00016000 fc:01 2090                       /lib/x86_64-linux-gnu/libnsl-2.27.so
7f72284d7000-7f72284d8000 rw-p 00017000 fc:01 2090                       /lib/x86_64-linux-gnu/libnsl-2.27.so
7f72284d8000-7f72284da000 rw-p 00000000 00:00 0 
7f72284da000-7f72284e5000 r-xp 00000000 fc:01 2095                       /lib/x86_64-linux-gnu/libnss_nis-2.27.so
7f72284e5000-7f72286e4000 ---p 0000b000 fc:01 2095                       /lib/x86_64-linux-gnu/libnss_nis-2.27.so
7f72286e4000-7f72286e5000 r--p 0000a000 fc:01 2095                       /lib/x86_64-linux-gnu/libnss_nis-2.27.so
7f72286e5000-7f72286e6000 rw-p 0000b000 fc:01 2095                       /lib/x86_64-linux-gnu/libnss_nis-2.27.so
7f72286e6000-7f72286ee000 r-xp 00000000 fc:01 2091                       /lib/x86_64-linux-gnu/libnss_compat-2.27.so
7f72286ee000-7f72288ee000 ---p 00008000 fc:01 2091                       /lib/x86_64-linux-gnu/libnss_compat-2.27.so
7f72288ee000-7f72288ef000 r--p 00008000 fc:01 2091                       /lib/x86_64-linux-gnu/libnss_compat-2.27.so
7f72288ef000-7f72288f0000 rw-p 00009000 fc:01 2091                       /lib/x86_64-linux-gnu/libnss_compat-2.27.so
7f72288f0000-7f722891a000 r-xp 00000000 fc:01 8519629                    /usr/lib/jvm/java-8-openjdk-amd64/jre/lib/amd64/libjava.so
7f722891a000-7f7228b19000 ---p 0002a000 fc:01 8519629                    /usr/lib/jvm/java-8-openjdk-amd64/jre/lib/amd64/libjava.so
7f7228b19000-7f7228b1a000 r--p 00029000 fc:01 8519629                    /usr/lib/jvm/java-8-openjdk-amd64/jre/lib/amd64/libjava.so
7f7228b1a000-7f7228b1c000 rw-p 0002a000 fc:01 8519629                    /usr/lib/jvm/java-8-openjdk-amd64/jre/lib/amd64/libjava.so
7f7228b1c000-7f7228b2c000 r-xp 00000000 fc:01 8519647                    /usr/lib/jvm/java-8-openjdk-amd64/jre/lib/amd64/libverify.so
7f7228b2c000-7f7228d2b000 ---p 00010000 fc:01 8519647                    /usr/lib/jvm/java-8-openjdk-amd64/jre/lib/amd64/libverify.so
7f7228d2b000-7f7228d2d000 r--p 0000f000 fc:01 8519647                    /usr/lib/jvm/java-8-openjdk-amd64/jre/lib/amd64/libverify.so
7f7228d2d000-7f7228d2e000 rw-p 00011000 fc:01 8519647                    /usr/lib/jvm/java-8-openjdk-amd64/jre/lib/amd64/libverify.so
7f7228d2e000-7f7228d35000 r-xp 00000000 fc:01 2180                       /lib/x86_64-linux-gnu/librt-2.27.so
7f7228d35000-7f7228f34000 ---p 00007000 fc:01 2180                       /lib/x86_64-linux-gnu/librt-2.27.so
7f7228f34000-7f7228f35000 r--p 00006000 fc:01 2180                       /lib/x86_64-linux-gnu/librt-2.27.so
7f7228f35000-7f7228f36000 rw-p 00007000 fc:01 2180                       /lib/x86_64-linux-gnu/librt-2.27.so
7f7228f36000-7f7228f4d000 r-xp 00000000 fc:01 2096                       /lib/x86_64-linux-gnu/libgcc_s.so.1
7f7228f4d000-7f722914c000 ---p 00017000 fc:01 2096                       /lib/x86_64-linux-gnu/libgcc_s.so.1
7f722914c000-7f722914d000 r--p 00016000 fc:01 2096                       /lib/x86_64-linux-gnu/libgcc_s.so.1
7f722914d000-7f722914e000 rw-p 00017000 fc:01 2096                       /lib/x86_64-linux-gnu/libgcc_s.so.1
7f722914e000-7f72292eb000 r-xp 00000000 fc:01 2087                       /lib/x86_64-linux-gnu/libm-2.27.so
7f72292eb000-7f72294ea000 ---p 0019d000 fc:01 2087                       /lib/x86_64-linux-gnu/libm-2.27.so
7f72294ea000-7f72294eb000 r--p 0019c000 fc:01 2087                       /lib/x86_64-linux-gnu/libm-2.27.so
7f72294eb000-7f72294ec000 rw-p 0019d000 fc:01 2087                       /lib/x86_64-linux-gnu/libm-2.27.so
7f72294ec000-7f7229665000 r-xp 00000000 fc:01 5016                       /usr/lib/x86_64-linux-gnu/libstdc++.so.6.0.25
7f7229665000-7f7229865000 ---p 00179000 fc:01 5016                       /usr/lib/x86_64-linux-gnu/libstdc++.so.6.0.25
7f7229865000-7f722986f000 r--p 00179000 fc:01 5016                       /usr/lib/x86_64-linux-gnu/libstdc++.so.6.0.25
7f722986f000-7f7229871000 rw-p 00183000 fc:01 5016                       /usr/lib/x86_64-linux-gnu/libstdc++.so.6.0.25
7f7229871000-7f7229875000 rw-p 00000000 00:00 0 
7f7229875000-7f722a514000 r-xp 00000000 fc:01 8519651                    /usr/lib/jvm/java-8-openjdk-amd64/jre/lib/amd64/server/libjvm.so
7f722a514000-7f722a714000 ---p 00c9f000 fc:01 8519651                    /usr/lib/jvm/java-8-openjdk-amd64/jre/lib/amd64/server/libjvm.so
7f722a714000-7f722a7a8000 r--p 00c9f000 fc:01 8519651                    /usr/lib/jvm/java-8-openjdk-amd64/jre/lib/amd64/server/libjvm.so
7f722a7a8000-7f722a7d1000 rw-p 00d33000 fc:01 8519651                    /usr/lib/jvm/java-8-openjdk-amd64/jre/lib/amd64/server/libjvm.so
7f722a7d1000-7f722a801000 rw-p 00000000 00:00 0 
7f722a801000-7f722a81b000 r-xp 00000000 fc:01 2178                       /lib/x86_64-linux-gnu/libpthread-2.27.so
7f722a81b000-7f722aa1a000 ---p 0001a000 fc:01 2178                       /lib/x86_64-linux-gnu/libpthread-2.27.so
7f722aa1a000-7f722aa1b000 r--p 00019000 fc:01 2178                       /lib/x86_64-linux-gnu/libpthread-2.27.so
7f722aa1b000-7f722aa1c000 rw-p 0001a000 fc:01 2178                       /lib/x86_64-linux-gnu/libpthread-2.27.so
7f722aa1c000-7f722aa20000 rw-p 00000000 00:00 0 
7f722aa20000-7f722aa23000 r-xp 00000000 fc:01 2086                       /lib/x86_64-linux-gnu/libdl-2.27.so
7f722aa23000-7f722ac22000 ---p 00003000 fc:01 2086                       /lib/x86_64-linux-gnu/libdl-2.27.so
7f722ac22000-7f722ac23000 r--p 00002000 fc:01 2086                       /lib/x86_64-linux-gnu/libdl-2.27.so
7f722ac23000-7f722ac24000 rw-p 00003000 fc:01 2086                       /lib/x86_64-linux-gnu/libdl-2.27.so
7f722ac24000-7f722ac40000 r-xp 00000000 fc:01 2183                       /lib/x86_64-linux-gnu/libz.so.1.2.11
7f722ac40000-7f722ae3f000 ---p 0001c000 fc:01 2183                       /lib/x86_64-linux-gnu/libz.so.1.2.11
7f722ae3f000-7f722ae40000 r--p 0001b000 fc:01 2183                       /lib/x86_64-linux-gnu/libz.so.1.2.11
7f722ae40000-7f722ae41000 rw-p 0001c000 fc:01 2183                       /lib/x86_64-linux-gnu/libz.so.1.2.11
7f722ae41000-7f722b028000 r-xp 00000000 fc:01 2083                       /lib/x86_64-linux-gnu/libc-2.27.so
7f722b028000-7f722b228000 ---p 001e7000 fc:01 2083                       /lib/x86_64-linux-gnu/libc-2.27.so
7f722b228000-7f722b22c000 r--p 001e7000 fc:01 2083                       /lib/x86_64-linux-gnu/libc-2.27.so
7f722b22c000-7f722b22e000 rw-p 001eb000 fc:01 2083                       /lib/x86_64-linux-gnu/libc-2.27.so
7f722b22e000-7f722b232000 rw-p 00000000 00:00 0 
7f722b232000-7f722b240000 r-xp 00000000 fc:01 8519615                    /usr/lib/jvm/java-8-openjdk-amd64/jre/lib/amd64/jli/libjli.so
7f722b240000-7f722b43f000 ---p 0000e000 fc:01 8519615                    /usr/lib/jvm/java-8-openjdk-amd64/jre/lib/amd64/jli/libjli.so
7f722b43f000-7f722b440000 r--p 0000d000 fc:01 8519615                    /usr/lib/jvm/java-8-openjdk-amd64/jre/lib/amd64/jli/libjli.so
7f722b440000-7f722b441000 rw-p 0000e000 fc:01 8519615                    /usr/lib/jvm/java-8-openjdk-amd64/jre/lib/amd64/jli/libjli.so
7f722b441000-7f722b468000 r-xp 00000000 fc:01 2079                       /lib/x86_64-linux-gnu/ld-2.27.so
7f722b468000-7f722b469000 r--s 00010000 fc:01 8519671                    /usr/lib/jvm/java-8-openjdk-amd64/jre/lib/ext/zipfs.jar
7f722b469000-7f722b46a000 r--s 0000a000 fc:01 8519665                    /usr/lib/jvm/java-8-openjdk-amd64/jre/lib/ext/jaccess.jar
7f722b46a000-7f722b46c000 r--s 00007000 fc:01 77498                      /usr/share/java/java-atk-wrapper.jar
7f722b46c000-7f722b471000 r--s 0003c000 fc:01 8519669                    /usr/lib/jvm/java-8-openjdk-amd64/jre/lib/ext/sunjce_provider.jar
7f722b471000-7f722b472000 r--s 0000d000 fc:01 8519668                    /usr/lib/jvm/java-8-openjdk-amd64/jre/lib/ext/sunec.jar
7f722b472000-7f722b474000 r--s 00001000 fc:01 8519663                    /usr/lib/jvm/java-8-openjdk-amd64/jre/lib/ext/dnsns.jar
7f722b474000-7f722b477000 r--s 0000f000 fc:01 8519664                    /usr/lib/jvm/java-8-openjdk-amd64/jre/lib/ext/icedtea-sound.jar
7f722b477000-7f722b478000 r--p 00000000 fc:01 7806                       /usr/lib/locale/C.UTF-8/LC_NUMERIC
7f722b478000-7f722b479000 r--p 00000000 fc:01 7809                       /usr/lib/locale/C.UTF-8/LC_TIME
7f722b479000-7f722b47a000 r--p 00000000 fc:01 7804                       /usr/lib/locale/C.UTF-8/LC_MONETARY
7f722b47a000-7f722b47b000 r--p 00000000 fc:01 7798                       /usr/lib/locale/C.UTF-8/LC_MESSAGES/SYS_LC_MESSAGES
7f722b47b000-7f722b47c000 r--p 00000000 fc:01 7807                       /usr/lib/locale/C.UTF-8/LC_PAPER
7f722b47c000-7f722b47d000 r--p 00000000 fc:01 7805                       /usr/lib/locale/C.UTF-8/LC_NAME
7f722b47d000-7f722b54e000 rw-p 00000000 00:00 0 
7f722b54e000-7f722b54f000 ---p 00000000 00:00 0 
7f722b54f000-7f722b552000 ---p 00000000 00:00 0 
7f722b552000-7f722b651000 rw-p 00000000 00:00 0 
7f722b651000-7f722b652000 r--p 00000000 fc:01 7799                       /usr/lib/locale/C.UTF-8/LC_ADDRESS
7f722b652000-7f722b653000 r--p 00000000 fc:01 7808                       /usr/lib/locale/C.UTF-8/LC_TELEPHONE
7f722b653000-7f722b654000 r--p 00000000 fc:01 7803                       /usr/lib/locale/C.UTF-8/LC_MEASUREMENT
7f722b654000-7f722b65b000 r--s 00000000 fc:01 5009                       /usr/lib/x86_64-linux-gnu/gconv/gconv-modules.cache
7f722b65b000-7f722b65c000 r--p 00000000 fc:01 7802                       /usr/lib/locale/C.UTF-8/LC_IDENTIFICATION
7f722b65c000-7f722b664000 rw-s 00000000 fc:01 529264                     /tmp/hsperfdata_root/14097
7f722b664000-7f722b665000 rw-p 00000000 00:00 0 
7f722b665000-7f722b666000 ---p 00000000 00:00 0 
7f722b666000-7f722b668000 rw-p 00000000 00:00 0 
7f722b668000-7f722b669000 r--p 00027000 fc:01 2079                       /lib/x86_64-linux-gnu/ld-2.27.so
7f722b669000-7f722b66a000 rw-p 00028000 fc:01 2079                       /lib/x86_64-linux-gnu/ld-2.27.so
7f722b66a000-7f722b66b000 rw-p 00000000 00:00 0 
7ffc234da000-7ffc234fb000 rw-p 00000000 00:00 0                          [stack]
7ffc23516000-7ffc23519000 r--p 00000000 00:00 0                          [vvar]
7ffc23519000-7ffc2351b000 r-xp 00000000 00:00 0                          [vdso]
ffffffffff600000-ffffffffff601000 r-xp 00000000 00:00 0                  [vsyscall]

VM Arguments:
jvm_args: -Dcompiler.type=gw -Xms2g -Xmx16g -Dfile.encoding=UTF-8 -Duser.country -Duser.language=en -Duser.variant -Xms256m 
java_command: gw.lang.gosuc.cli.CommandLineCompiler @/tmp/org.gosulang.gradle.tasks.compile.CommandLineGosuCompiler5963729418083421379arguments
java_class_path (initial): /root/Desktop/Guidewire/WS_CC/repository/org/gosu-lang/gosu/gosu-doc/1.13.16/gosu-doc-1.13.16.jar:/root/Desktop/Guidewire/WS_CC/repository/org/gosu-lang/gosu/gosu-core-api/1.13.16/gosu-core-api-1.13.16.jar:/root/Desktop/Guidewire/WS_CC/repository/org/gosu-lang/gosu/gosu-core/1.13.16/gosu-core-1.13.16.jar:/root/Desktop/Guidewire/WS_CC/repository/org/gosu-lang/gosu/managed/gw-asm-all/5.0.4/gw-asm-all-5.0.4.jar:/root/Desktop/Guidewire/WS_CC/repository/org/gosu-lang/gosu/managed/gw-jcommander/1.48/gw-jcommander-1.48.jar
Launcher Type: SUN_STANDARD

Environment Variables:
JAVA_HOME=/usr/lib/jvm/java-8-openjdk-amd64
JRE_HOME=/usr/lib/jvm/java-8-openjdk-amd64/jre
_JAVA_OPTIONS=-Xms256m
PATH=/opt/tomcat/apache-tomcat-9.0.27/bin:/root/Desktop/Guidewire/apache-ant-1.9.13/bin:/usr/lib/jvm/java-8-openjdk-amd64/bin:/sbin:/bin:/usr/bin:/usr/local/bin:/snap/bin:/opt/mssql-tools/bin
SHELL=/bin/bash
DISPLAY=:10.0

Signal Handlers:
SIGSEGV: [libjvm.so+0xab92f0], sa_mask[0]=11111111011111111101111111111110, sa_flags=SA_RESTART|SA_SIGINFO
SIGBUS: [libjvm.so+0xab92f0], sa_mask[0]=11111111011111111101111111111110, sa_flags=SA_RESTART|SA_SIGINFO
SIGFPE: [libjvm.so+0x8ee560], sa_mask[0]=11111111011111111101111111111110, sa_flags=SA_RESTART|SA_SIGINFO
SIGPIPE: [libjvm.so+0x8ee560], sa_mask[0]=11111111011111111101111111111110, sa_flags=SA_RESTART|SA_SIGINFO
SIGXFSZ: [libjvm.so+0x8ee560], sa_mask[0]=11111111011111111101111111111110, sa_flags=SA_RESTART|SA_SIGINFO
SIGILL: [libjvm.so+0x8ee560], sa_mask[0]=11111111011111111101111111111110, sa_flags=SA_RESTART|SA_SIGINFO
SIGUSR1: SIG_DFL, sa_mask[0]=00000000000000000000000000000000, sa_flags=none
SIGUSR2: [libjvm.so+0x8ee410], sa_mask[0]=00100000000000000000000000000000, sa_flags=SA_RESTART|SA_SIGINFO
SIGHUP: [libjvm.so+0x8eea80], sa_mask[0]=11111111011111111101111111111110, sa_flags=SA_RESTART|SA_SIGINFO
SIGINT: [libjvm.so+0x8eea80], sa_mask[0]=11111111011111111101111111111110, sa_flags=SA_RESTART|SA_SIGINFO
SIGTERM: [libjvm.so+0x8eea80], sa_mask[0]=11111111011111111101111111111110, sa_flags=SA_RESTART|SA_SIGINFO
SIGQUIT: [libjvm.so+0x8eea80], sa_mask[0]=11111111011111111101111111111110, sa_flags=SA_RESTART|SA_SIGINFO


---------------  S Y S T E M  ---------------

OS:DISTRIB_ID=Ubuntu
DISTRIB_RELEASE=18.04
DISTRIB_CODENAME=bionic
DISTRIB_DESCRIPTION="Ubuntu 18.04.3 LTS"

uname:Linux 4.15.0-66-generic #75-Ubuntu SMP Tue Oct 1 05:24:09 UTC 2019 x86_64
libc:glibc 2.27 NPTL 2.27 
rlimit: STACK 8192k, CORE 0k, NPROC 64043, NOFILE 4096, AS infinity
load average:4.10 2.14 1.38

/proc/meminfo:
MemTotal:       16425180 kB
MemFree:          168568 kB
MemAvailable:     126120 kB
Buffers:           27104 kB
Cached:           310048 kB
SwapCached:            0 kB
Active:         15593800 kB
Inactive:         267020 kB
Active(anon):   15525584 kB
Inactive(anon):   200264 kB
Active(file):      68216 kB
Inactive(file):    66756 kB
Unevictable:          96 kB
Mlocked:              96 kB
SwapTotal:             0 kB
SwapFree:              0 kB
Dirty:                48 kB
Writeback:             8 kB
AnonPages:      15523824 kB
Mapped:           287792 kB
Shmem:            202008 kB
Slab:             233228 kB
SReclaimable:     114520 kB
SUnreclaim:       118708 kB
KernelStack:       18704 kB
PageTables:        79204 kB
NFS_Unstable:          0 kB
Bounce:                0 kB
WritebackTmp:          0 kB
CommitLimit:     8212588 kB
Committed_AS:   23098020 kB
VmallocTotal:   34359738367 kB
VmallocUsed:           0 kB
VmallocChunk:          0 kB
HardwareCorrupted:     0 kB
AnonHugePages:     83968 kB
ShmemHugePages:        0 kB
ShmemPmdMapped:        0 kB
CmaTotal:              0 kB
CmaFree:               0 kB
HugePages_Total:       0
HugePages_Free:        0
HugePages_Rsvd:        0
HugePages_Surp:        0
Hugepagesize:       2048 kB
DirectMap4k:      409580 kB
DirectMap2M:    16367616 kB
DirectMap1G:           0 kB

container (cgroup) information:
container_type: cgroupv1
cpu_cpuset_cpus: 0-5
cpu_memory_nodes: 0
active_processor_count: 6
cpu_quota: -1
cpu_period: 100000
cpu_shares: -1
memory_limit_in_bytes: -1
memory_and_swap_limit_in_bytes: -2
memory_soft_limit_in_bytes: -1
memory_usage_in_bytes: 14929801216
memory_max_usage_in_bytes: 15241166848


CPU:total 6 (initial active 6) (1 cores per cpu, 1 threads per core) family 6 model 85 stepping 4, cmov, cx8, fxsr, mmx, sse, sse2, sse3, ssse3, sse4.1, sse4.2, popcnt, avx, avx2, aes, clmul, erms, rtm, 3dnowpref, lzcnt, tsc, bmi1, bmi2, adx

/proc/cpuinfo:
processor	: 0
vendor_id	: GenuineIntel
cpu family	: 6
model		: 85
model name	: Intel(R) Xeon(R) Gold 6140 CPU @ 2.30GHz
stepping	: 4
microcode	: 0x1
cpu MHz		: 2294.608
cache size	: 25344 KB
physical id	: 0
siblings	: 1
core id		: 0
cpu cores	: 1
apicid		: 0
initial apicid	: 0
fpu		: yes
fpu_exception	: yes
cpuid level	: 13
wp		: yes
flags		: fpu vme de pse tsc msr pae mce cx8 apic sep mtrr pge mca cmov pat pse36 clflush mmx fxsr sse sse2 ss syscall nx pdpe1gb rdtscp lm constant_tsc arch_perfmon rep_good nopl cpuid tsc_known_freq pni pclmulqdq vmx ssse3 fma cx16 pcid sse4_1 sse4_2 x2apic movbe popcnt tsc_deadline_timer aes xsave avx f16c rdrand hypervisor lahf_lm abm 3dnowprefetch cpuid_fault invpcid_single pti ssbd ibrs ibpb tpr_shadow vnmi flexpriority ept vpid fsgsbase tsc_adjust bmi1 hle avx2 smep bmi2 erms invpcid rtm mpx avx512f avx512dq rdseed adx smap clflushopt clwb avx512cd avx512bw avx512vl xsaveopt xsavec xgetbv1 xsaves pku ospke md_clear
bugs		: cpu_meltdown spectre_v1 spectre_v2 spec_store_bypass l1tf mds swapgs
bogomips	: 4589.21
clflush size	: 64
cache_alignment	: 64
address sizes	: 40 bits physical, 48 bits virtual
power management:

processor	: 1
vendor_id	: GenuineIntel
cpu family	: 6
model		: 85
model name	: Intel(R) Xeon(R) Gold 6140 CPU @ 2.30GHz
stepping	: 4
microcode	: 0x1
cpu MHz		: 2294.608
cache size	: 25344 KB
physical id	: 1
siblings	: 1
core id		: 0
cpu cores	: 1
apicid		: 1
initial apicid	: 1
fpu		: yes
fpu_exception	: yes
cpuid level	: 13
wp		: yes
flags		: fpu vme de pse tsc msr pae mce cx8 apic sep mtrr pge mca cmov pat pse36 clflush mmx fxsr sse sse2 ss syscall nx pdpe1gb rdtscp lm constant_tsc arch_perfmon rep_good nopl cpuid tsc_known_freq pni pclmulqdq vmx ssse3 fma cx16 pcid sse4_1 sse4_2 x2apic movbe popcnt tsc_deadline_timer aes xsave avx f16c rdrand hypervisor lahf_lm abm 3dnowprefetch cpuid_fault invpcid_single pti ssbd ibrs ibpb tpr_shadow vnmi flexpriority ept vpid fsgsbase tsc_adjust bmi1 hle avx2 smep bmi2 erms invpcid rtm mpx avx512f avx512dq rdseed adx smap clflushopt clwb avx512cd avx512bw avx512vl xsaveopt xsavec xgetbv1 xsaves pku ospke md_clear
bugs		: cpu_meltdown spectre_v1 spectre_v2 spec_store_bypass l1tf mds swapgs
bogomips	: 4589.21
clflush size	: 64
cache_alignment	: 64
address sizes	: 40 bits physical, 48 bits virtual
power management:

processor	: 2
vendor_id	: GenuineIntel
cpu family	: 6
model		: 85
model name	: Intel(R) Xeon(R) Gold 6140 CPU @ 2.30GHz
stepping	: 4
microcode	: 0x1
cpu MHz		: 2294.608
cache size	: 25344 KB
physical id	: 2
siblings	: 1
core id		: 0
cpu cores	: 1
apicid		: 2
initial apicid	: 2
fpu		: yes
fpu_exception	: yes
cpuid level	: 13
wp		: yes
flags		: fpu vme de pse tsc msr pae mce cx8 apic sep mtrr pge mca cmov pat pse36 clflush mmx fxsr sse sse2 ss syscall nx pdpe1gb rdtscp lm constant_tsc arch_perfmon rep_good nopl cpuid tsc_known_freq pni pclmulqdq vmx ssse3 fma cx16 pcid sse4_1 sse4_2 x2apic movbe popcnt tsc_deadline_timer aes xsave avx f16c rdrand hypervisor lahf_lm abm 3dnowprefetch cpuid_fault invpcid_single pti ssbd ibrs ibpb tpr_shadow vnmi flexpriority ept vpid fsgsbase tsc_adjust bmi1 hle avx2 smep bmi2 erms invpcid rtm mpx avx512f avx512dq rdseed adx smap clflushopt clwb avx512cd avx512bw avx512vl xsaveopt xsavec xgetbv1 xsaves pku ospke md_clear
bugs		: cpu_meltdown spectre_v1 spectre_v2 spec_store_bypass l1tf mds swapgs
bogomips	: 4589.21
clflush size	: 64
cache_alignment	: 64
address sizes	: 40 bits physical, 48 bits virtual
power management:

processor	: 3
vendor_id	: GenuineIntel
cpu family	: 6
model		: 85
model name	: Intel(R) Xeon(R) Gold 6140 CPU @ 2.30GHz
stepping	: 4
microcode	: 0x1
cpu MHz		: 2294.608
cache size	: 25344 KB
physical id	: 3
siblings	: 1
core id		: 0
cpu cores	: 1
apicid		: 3
initial apicid	: 3
fpu		: yes
fpu_exception	: yes
cpuid level	: 13
wp		: yes
flags		: fpu vme de pse tsc msr pae mce cx8 apic sep mtrr pge mca cmov pat pse36 clflush mmx fxsr sse sse2 ss syscall nx pdpe1gb rdtscp lm constant_tsc arch_perfmon rep_good nopl cpuid tsc_known_freq pni pclmulqdq vmx ssse3 fma cx16 pcid sse4_1 sse4_2 x2apic movbe popcnt tsc_deadline_timer aes xsave avx f16c rdrand hypervisor lahf_lm abm 3dnowprefetch cpuid_fault invpcid_single pti ssbd ibrs ibpb tpr_shadow vnmi flexpriority ept vpid fsgsbase tsc_adjust bmi1 hle avx2 smep bmi2 erms invpcid rtm mpx avx512f avx512dq rdseed adx smap clflushopt clwb avx512cd avx512bw avx512vl xsaveopt xsavec xgetbv1 xsaves pku ospke md_clear
bugs		: cpu_meltdown spectre_v1 spectre_v2 spec_store_bypass l1tf mds swapgs
bogomips	: 4589.21
clflush size	: 64
cache_alignment	: 64
address sizes	: 40 bits physical, 48 bits virtual
power management:

processor	: 4
vendor_id	: GenuineIntel
cpu family	: 6
model		: 85
model name	: Intel(R) Xeon(R) Gold 6140 CPU @ 2.30GHz
stepping	: 4
microcode	: 0x1
cpu MHz		: 2294.608
cache size	: 25344 KB
physical id	: 4
siblings	: 1
core id		: 0
cpu cores	: 1
apicid		: 4
initial apicid	: 4
fpu		: yes
fpu_exception	: yes
cpuid level	: 13
wp		: yes
flags		: fpu vme de pse tsc msr pae mce cx8 apic sep mtrr pge mca cmov pat pse36 clflush mmx fxsr sse sse2 ss syscall nx pdpe1gb rdtscp lm constant_tsc arch_perfmon rep_good nopl cpuid tsc_known_freq pni pclmulqdq vmx ssse3 fma cx16 pcid sse4_1 sse4_2 x2apic movbe popcnt tsc_deadline_timer aes xsave avx f16c rdrand hypervisor lahf_lm abm 3dnowprefetch cpuid_fault invpcid_single pti ssbd ibrs ibpb tpr_shadow vnmi flexpriority ept vpid fsgsbase tsc_adjust bmi1 hle avx2 smep bmi2 erms invpcid rtm mpx avx512f avx512dq rdseed adx smap clflushopt clwb avx512cd avx512bw avx512vl xsaveopt xsavec xgetbv1 xsaves pku ospke md_clear
bugs		: cpu_meltdown spectre_v1 spectre_v2 spec_store_bypass l1tf mds swapgs
bogomips	: 4589.21
clflush size	: 64
cache_alignment	: 64
address sizes	: 40 bits physical, 48 bits virtual
power management:

processor	: 5
vendor_id	: GenuineIntel
cpu family	: 6
model		: 85
model name	: Intel(R) Xeon(R) Gold 6140 CPU @ 2.30GHz
stepping	: 4
microcode	: 0x1
cpu MHz		: 2294.608
cache size	: 25344 KB
physical id	: 5
siblings	: 1
core id		: 0
cpu cores	: 1
apicid		: 5
initial apicid	: 5
fpu		: yes
fpu_exception	: yes
cpuid level	: 13
wp		: yes
flags		: fpu vme de pse tsc msr pae mce cx8 apic sep mtrr pge mca cmov pat pse36 clflush mmx fxsr sse sse2 ss syscall nx pdpe1gb rdtscp lm constant_tsc arch_perfmon rep_good nopl cpuid tsc_known_freq pni pclmulqdq vmx ssse3 fma cx16 pcid sse4_1 sse4_2 x2apic movbe popcnt tsc_deadline_timer aes xsave avx f16c rdrand hypervisor lahf_lm abm 3dnowprefetch cpuid_fault invpcid_single pti ssbd ibrs ibpb tpr_shadow vnmi flexpriority ept vpid fsgsbase tsc_adjust bmi1 hle avx2 smep bmi2 erms invpcid rtm mpx avx512f avx512dq rdseed adx smap clflushopt clwb avx512cd avx512bw avx512vl xsaveopt xsavec xgetbv1 xsaves pku ospke md_clear
bugs		: cpu_meltdown spectre_v1 spectre_v2 spec_store_bypass l1tf mds swapgs
bogomips	: 4589.21
clflush size	: 64
cache_alignment	: 64
address sizes	: 40 bits physical, 48 bits virtual
power management:



Memory: 4k page, physical 16425180k(168568k free), swap 0k(0k free)

vm_info: OpenJDK 64-Bit Server VM (25.222-b10) for linux-amd64 JRE (1.8.0_222-8u222-b10-1ubuntu1~18.04.1-b10), built on Jul 18 2019 18:52:48 by "buildd" with gcc 7.4.0

time: Mon Nov 18 07:01:50 2019
timezone: UTC
elapsed time: 87 seconds (0d 0h 1m 27s)

